#
# There is insufficient memory for the Java Runtime Environment to continue.
# Native memory allocation (malloc) failed to allocate 1160336 bytes for Chunk::new
# Possible reasons:
#   The system is out of physical RAM or swap space
#   In 32 bit mode, the process size limit was hit
# Possible solutions:
#   Reduce memory load on the system
#   Increase physical memory or swap space
#   Check if swap backing store is full
#   Use 64 bit Java on a 64 bit OS
#   Decrease Java heap size (-Xmx/-Xms)
#   Decrease number of Java threads
#   Decrease Java thread stack sizes (-Xss)
#   Set larger code cache with -XX:ReservedCodeCacheSize=
# This output file may be truncated or incomplete.
#
#  Out of Memory Error (allocation.cpp:390), pid=1156, tid=11984
#
# JRE version: Java(TM) SE Runtime Environment (8.0_73-b02) (build 1.8.0_73-b02)
# Java VM: Java HotSpot(TM) 64-Bit Server VM (25.73-b02 mixed mode windows-amd64 compressed oops)
# Failed to write core dump. Minidumps are not enabled by default on client versions of Windows
#

---------------  T H R E A D  ---------------

Current thread (0x0000000017946000):  JavaThread "C2 CompilerThread0" daemon [_thread_in_native, id=11984, stack(0x0000000017ed0000,0x0000000017fd0000)]

Stack: [0x0000000017ed0000,0x0000000017fd0000]
[error occurred during error reporting (printing stack bounds), id 0xc0000005]

Native frames: (J=compiled Java code, j=interpreted, Vv=VM code, C=native code)


Current CompileTask:
C2:   1374 1202       4       com.android.dx.ssa.SCCP::simulateBranch (666 bytes)


---------------  P R O C E S S  ---------------

Java Threads: ( => current thread )
  0x0000000017b00000 JavaThread "pool-1-thread-4" [_thread_in_Java, id=33772, stack(0x00000000188d0000,0x00000000189d0000)]
  0x0000000017aff800 JavaThread "pool-1-thread-3" [_thread_blocked, id=18668, stack(0x00000000187d0000,0x00000000188d0000)]
  0x0000000017ae9000 JavaThread "pool-1-thread-2" [_thread_in_Java, id=16528, stack(0x00000000186d0000,0x00000000187d0000)]
  0x0000000017ae8800 JavaThread "pool-2-thread-1" [_thread_blocked, id=4356, stack(0x00000000185d0000,0x00000000186d0000)]
  0x0000000017ae5800 JavaThread "pool-1-thread-1" [_thread_in_Java, id=11200, stack(0x00000000184d0000,0x00000000185d0000)]
  0x00000000179b3000 JavaThread "Service Thread" daemon [_thread_blocked, id=15512, stack(0x00000000182d0000,0x00000000183d0000)]
  0x000000001797e000 JavaThread "C1 CompilerThread3" daemon [_thread_blocked, id=18908, stack(0x00000000181d0000,0x00000000182d0000)]
  0x000000001796f000 JavaThread "C2 CompilerThread2" daemon [_thread_in_native, id=10112, stack(0x00000000180d0000,0x00000000181d0000)]
  0x000000001794a800 JavaThread "C2 CompilerThread1" daemon [_thread_in_native, id=21152, stack(0x0000000017fd0000,0x00000000180d0000)]
=>0x0000000017946000 JavaThread "C2 CompilerThread0" daemon [_thread_in_native, id=11984, stack(0x0000000017ed0000,0x0000000017fd0000)]
  0x0000000017942000 JavaThread "Attach Listener" daemon [_thread_blocked, id=24888, stack(0x0000000017dd0000,0x0000000017ed0000)]
  0x0000000017941800 JavaThread "Signal Dispatcher" daemon [_thread_blocked, id=34208, stack(0x0000000017cd0000,0x0000000017dd0000)]
  0x0000000002b69000 JavaThread "Finalizer" daemon [_thread_blocked, id=8376, stack(0x0000000017610000,0x0000000017710000)]
  0x0000000002b62000 JavaThread "Reference Handler" daemon [_thread_blocked, id=12944, stack(0x0000000017510000,0x0000000017610000)]
  0x0000000002c0d800 JavaThread "main" [_thread_in_Java, id=30248, stack(0x0000000001210000,0x0000000001310000)]

Other Threads:
  0x0000000015729800 VMThread [stack: 0x0000000017410000,0x0000000017510000] [id=5148]
  0x0000000017a58000 WatcherThread [stack: 0x00000000183d0000,0x00000000184d0000] [id=27204]

VM state:not at safepoint (normal execution)

VM Mutex/Monitor currently owned by a thread: None

Heap:
 PSYoungGen      total 38400K, used 12565K [0x00000000eab00000, 0x00000000ef600000, 0x0000000100000000)
  eden space 33280K, 22% used [0x00000000eab00000,0x00000000eb24bfb0,0x00000000ecb80000)
  from space 5120K, 99% used [0x00000000ecb80000,0x00000000ed0796f0,0x00000000ed080000)
  to   space 5120K, 0% used [0x00000000ef100000,0x00000000ef100000,0x00000000ef600000)
 ParOldGen       total 87552K, used 1318K [0x00000000c0000000, 0x00000000c5580000, 0x00000000eab00000)
  object space 87552K, 1% used [0x00000000c0000000,0x00000000c0149a68,0x00000000c5580000)
 Metaspace       used 5974K, capacity 6960K, committed 7040K, reserved 1056768K
  class space    used 593K, capacity 616K, committed 640K, reserved 1048576K

Card table byte_map: [0x0000000011fd0000,0x00000000121e0000] byte_map_base: 0x00000000119d0000

Marking Bits: (ParMarkBitMap*) 0x0000000069df0600
 Begin Bits: [0x0000000012b40000, 0x0000000013b40000)
 End Bits:   [0x0000000013b40000, 0x0000000014b40000)

Polling page: 0x0000000001310000

CodeCache: size=245760Kb used=5424Kb max_used=5424Kb free=240335Kb
 bounds [0x0000000002c10000, 0x0000000003160000, 0x0000000011c10000]
 total_blobs=1601 nmethods=1330 adapters=182
 compilation: enabled

Compilation events (10 events):
Event: 1.349 Thread 0x000000001797e000 nmethod 1299 0x0000000003145c10 code [0x0000000003145dc0, 0x00000000031461f8]
Event: 1.349 Thread 0x000000001797e000 1300       3       com.android.dx.ssa.back.FirstFitLocalCombiningAllocator::handleUnassociatedParameters (60 bytes)
Event: 1.350 Thread 0x000000001797e000 nmethod 1300 0x00000000031463d0 code [0x0000000003146580, 0x0000000003146c38]
Event: 1.357 Thread 0x000000001797e000 1302   !   3       java.util.zip.ZipFile$ZipFileInflaterInputStream::close (67 bytes)
Event: 1.358 Thread 0x000000001797e000 nmethod 1302 0x0000000003146ed0 code [0x00000000031470a0, 0x0000000003147898]
Event: 1.358 Thread 0x000000001797e000 1303       3       sun.misc.VM::addFinalRefCount (24 bytes)
Event: 1.358 Thread 0x000000001797e000 nmethod 1303 0x0000000003147c50 code [0x0000000003147da0, 0x0000000003147f50]
Event: 1.358 Thread 0x000000001797e000 1304       3       java.lang.ref.Reference::access$100 (4 bytes)
Event: 1.358 Thread 0x000000001797e000 nmethod 1304 0x0000000003147fd0 code [0x0000000003148120, 0x0000000003148250]
Event: 1.358 Thread 0x000000001797e000 1306   !   3       java.lang.ref.ReferenceQueue::enqueue (119 bytes)

GC Heap History (2 events):
Event: 1.230 GC heap before
{Heap before GC invocations=1 (full 0):
 PSYoungGen      total 38400K, used 33280K [0x00000000eab00000, 0x00000000ed580000, 0x0000000100000000)
  eden space 33280K, 100% used [0x00000000eab00000,0x00000000ecb80000,0x00000000ecb80000)
  from space 5120K, 0% used [0x00000000ed080000,0x00000000ed080000,0x00000000ed580000)
  to   space 5120K, 0% used [0x00000000ecb80000,0x00000000ecb80000,0x00000000ed080000)
 ParOldGen       total 87552K, used 0K [0x00000000c0000000, 0x00000000c5580000, 0x00000000eab00000)
  object space 87552K, 0% used [0x00000000c0000000,0x00000000c0000000,0x00000000c5580000)
 Metaspace       used 5917K, capacity 6960K, committed 7040K, reserved 1056768K
  class space    used 591K, capacity 616K, committed 640K, reserved 1048576K
Event: 1.323 GC heap after
Heap after GC invocations=1 (full 0):
 PSYoungGen      total 38400K, used 5093K [0x00000000eab00000, 0x00000000ef600000, 0x0000000100000000)
  eden space 33280K, 0% used [0x00000000eab00000,0x00000000eab00000,0x00000000ecb80000)
  from space 5120K, 99% used [0x00000000ecb80000,0x00000000ed0796f0,0x00000000ed080000)
  to   space 5120K, 0% used [0x00000000ef100000,0x00000000ef100000,0x00000000ef600000)
 ParOldGen       total 87552K, used 1318K [0x00000000c0000000, 0x00000000c5580000, 0x00000000eab00000)
  object space 87552K, 1% used [0x00000000c0000000,0x00000000c0149a68,0x00000000c5580000)
 Metaspace       used 5917K, capacity 6960K, committed 7040K, reserved 1056768K
  class space    used 591K, capacity 616K, committed 640K, reserved 1048576K
}

Deoptimization events (10 events):
Event: 0.931 Thread 0x0000000017ae9000 Uncommon trap: reason=null_check action=make_not_entrant pc=0x0000000002ed3128 method=com.android.dx.rop.type.Type.equals(Ljava/lang/Object;)Z @ 8
Event: 1.026 Thread 0x0000000017ae9000 Uncommon trap: reason=null_check action=make_not_entrant pc=0x0000000002f465fc method=com.android.dx.ssa.SsaRenamer.getLocalForNewReg(I)Lcom/android/dx/rop/code/LocalItem; @ 19
Event: 1.151 Thread 0x0000000002c0d800 Uncommon trap: reason=unstable_if action=reinterpret pc=0x0000000002fda4fc method=com.android.dx.util.IntList.binarysearch(I)I @ 105
Event: 1.152 Thread 0x0000000002c0d800 Uncommon trap: reason=bimorphic action=maybe_recompile pc=0x0000000002e6fd18 method=java.util.HashMap.getNode(ILjava/lang/Object;)Ljava/util/HashMap$Node; @ 126
Event: 1.152 Thread 0x0000000002c0d800 Uncommon trap: reason=class_check action=maybe_recompile pc=0x0000000002fcb734 method=java.util.HashMap.putVal(ILjava/lang/Object;Ljava/lang/Object;ZZ)Ljava/lang/Object; @ 203
Event: 1.152 Thread 0x0000000002c0d800 Uncommon trap: reason=bimorphic action=maybe_recompile pc=0x0000000002e6fd18 method=java.util.HashMap.getNode(ILjava/lang/Object;)Ljava/util/HashMap$Node; @ 126
Event: 1.152 Thread 0x0000000002c0d800 Uncommon trap: reason=class_check action=maybe_recompile pc=0x0000000002fcb734 method=java.util.HashMap.putVal(ILjava/lang/Object;Ljava/lang/Object;ZZ)Ljava/lang/Object; @ 203
Event: 1.188 Thread 0x0000000017b00000 Uncommon trap: reason=bimorphic action=maybe_recompile pc=0x0000000002e6fd18 method=java.util.HashMap.getNode(ILjava/lang/Object;)Ljava/util/HashMap$Node; @ 126
Event: 1.188 Thread 0x0000000017b00000 Uncommon trap: reason=class_check action=maybe_recompile pc=0x0000000002fcb734 method=java.util.HashMap.putVal(ILjava/lang/Object;Ljava/lang/Object;ZZ)Ljava/lang/Object; @ 203
Event: 1.188 Thread 0x0000000017b00000 Uncommon trap: reason=bimorphic action=maybe_recompile pc=0x0000000002e6fd18 method=java.util.HashMap.getNode(ILjava/lang/Object;)Ljava/util/HashMap$Node; @ 126

Internal exceptions (4 events):
Event: 0.036 Thread 0x0000000002c0d800 Exception <a 'java/lang/NoSuchMethodError': Method sun.misc.Unsafe.defineClass(Ljava/lang/String;[BII)Ljava/lang/Class; name or signature does not match> (0x00000000eab12db8) thrown at [D:\re\puppet\workspace\8-2-build-windows-amd64-cygwin\jdk8u73\6086\hot‡ì
Event: 0.036 Thread 0x0000000002c0d800 Exception <a 'java/lang/NoSuchMethodError': Method sun.misc.Unsafe.prefetchRead(Ljava/lang/Object;J)V name or signature does not match> (0x00000000eab130a0) thrown at [D:\re\puppet\workspace\8-2-build-windows-amd64-cygwin\jdk8u73\6086\hotspot\src\share\vm\U€ê Îí?
Event: 0.931 Thread 0x0000000017ae9000 Implicit null exception at 0x0000000002ed3022 to 0x0000000002ed311a
Event: 1.026 Thread 0x0000000017ae9000 Implicit null exception at 0x0000000002f45649 to 0x0000000002f465c9

Events (10 events):
Event: 1.188 Thread 0x0000000017b00000 DEOPT PACKING pc=0x0000000002e6fd18 sp=0x00000000189cec30
Event: 1.188 Thread 0x0000000017b00000 DEOPT UNPACKING pc=0x0000000002c5582a sp=0x00000000189ceb48 mode 2
Event: 1.188 Thread 0x0000000017b00000 Uncommon trap: trap_request=0xffffffde fr.pc=0x0000000002fcb734
Event: 1.188 Thread 0x0000000017b00000 DEOPT PACKING pc=0x0000000002fcb734 sp=0x00000000189cec00
Event: 1.188 Thread 0x0000000017b00000 DEOPT UNPACKING pc=0x0000000002c5582a sp=0x00000000189ceb28 mode 2
Event: 1.188 Thread 0x0000000017b00000 Uncommon trap: trap_request=0xffffffc6 fr.pc=0x0000000002e6fd18
Event: 1.188 Thread 0x0000000017b00000 DEOPT PACKING pc=0x0000000002e6fd18 sp=0x00000000189cec20
Event: 1.188 Thread 0x0000000017b00000 DEOPT UNPACKING pc=0x0000000002c5582a sp=0x00000000189ceb38 mode 2
Event: 1.230 Executing VM operation: ParallelGCFailedAllocation
Event: 1.323 Executing VM operation: ParallelGCFailedAllocation done


Dynamic libraries:
0x00007ff7525a0000 - 0x00007ff7525d7000 	C:\Program Files\Java\jdk1.8.0_73\bin\java.exe
0x00007ff89bd70000 - 0x00007ff89bf1c000 	C:\windows\SYSTEM32\ntdll.dll
0x00007ff8993f0000 - 0x00007ff89952e000 	C:\windows\system32\KERNEL32.DLL
0x00007ff8992d0000 - 0x00007ff8993e5000 	C:\windows\system32\KERNELBASE.dll
0x00007ff8978f0000 - 0x00007ff89797e000 	C:\windows\system32\apphelp.dll
0x00007ff880fd0000 - 0x00007ff881023000 	C:\windows\AppPatch\AppPatch64\AcGenral.DLL
0x00007ff89b5d0000 - 0x00007ff89b67a000 	C:\windows\system32\msvcrt.dll
0x00007ff898c90000 - 0x00007ff898cbe000 	C:\windows\SYSTEM32\SspiCli.dll
0x00007ff89b900000 - 0x00007ff89b954000 	C:\windows\system32\SHLWAPI.dll
0x00007ff89b960000 - 0x00007ff89bad7000 	C:\windows\system32\USER32.dll
0x00007ff89b140000 - 0x00007ff89b2d4000 	C:\windows\system32\ole32.dll
0x00007ff899970000 - 0x00007ff89ae9b000 	C:\windows\system32\SHELL32.dll
0x00007ff898460000 - 0x00007ff898481000 	C:\windows\SYSTEM32\USERENV.dll
0x00007ff89b4c0000 - 0x00007ff89b56a000 	C:\windows\system32\ADVAPI32.dll
0x00007ff88deb0000 - 0x00007ff88dece000 	C:\windows\SYSTEM32\MPR.dll
0x00007ff899820000 - 0x00007ff899961000 	C:\windows\system32\RPCRT4.dll
0x00007ff89bd10000 - 0x00007ff89bd69000 	C:\windows\SYSTEM32\sechost.dll
0x00007ff899530000 - 0x00007ff899741000 	C:\windows\SYSTEM32\combase.dll
0x00007ff89bae0000 - 0x00007ff89bc2f000 	C:\windows\system32\GDI32.dll
0x00007ff898ec0000 - 0x00007ff898ed5000 	C:\windows\SYSTEM32\profapi.dll
0x00007ff8972c0000 - 0x00007ff897372000 	C:\windows\SYSTEM32\SHCORE.dll
0x00007ff89af80000 - 0x00007ff89afb6000 	C:\windows\system32\IMM32.DLL
0x00007ff89afd0000 - 0x00007ff89b122000 	C:\windows\system32\MSCTF.dll
0x00007ff896730000 - 0x00007ff8969ab000 	C:\windows\WinSxS\amd64_microsoft.windows.common-controls_6595b64144ccf1df_6.0.9600.18006_none_623f33d3ecbe86e8\COMCTL32.dll
0x0000000069140000 - 0x0000000069212000 	C:\Program Files\Java\jdk1.8.0_73\jre\bin\msvcr100.dll
0x00000000695e0000 - 0x0000000069e70000 	C:\Program Files\Java\jdk1.8.0_73\jre\bin\server\jvm.dll
0x00007ff893b10000 - 0x00007ff893b19000 	C:\windows\SYSTEM32\WSOCK32.dll
0x00007ff896c20000 - 0x00007ff896c42000 	C:\windows\SYSTEM32\WINMM.dll
0x00007ff8982c0000 - 0x00007ff8982ca000 	C:\windows\SYSTEM32\VERSION.dll
0x00007ff89b130000 - 0x00007ff89b137000 	C:\windows\system32\PSAPI.DLL
0x00007ff89b570000 - 0x00007ff89b5ca000 	C:\windows\system32\WS2_32.dll
0x00007ff8969b0000 - 0x00007ff8969da000 	C:\windows\SYSTEM32\WINMMBASE.dll
0x00007ff899810000 - 0x00007ff899819000 	C:\windows\system32\NSI.dll
0x00007ff898f90000 - 0x00007ff898fdf000 	C:\windows\SYSTEM32\cfgmgr32.dll
0x00007ff897ba0000 - 0x00007ff897bc8000 	C:\windows\SYSTEM32\DEVOBJ.dll
0x0000000069f70000 - 0x0000000069f7f000 	C:\Program Files\Java\jdk1.8.0_73\jre\bin\verify.dll
0x0000000069f40000 - 0x0000000069f69000 	C:\Program Files\Java\jdk1.8.0_73\jre\bin\java.dll
0x0000000069f20000 - 0x0000000069f36000 	C:\Program Files\Java\jdk1.8.0_73\jre\bin\zip.dll

VM Arguments:
jvm_args: -Djava.awt.headless=true -Xmx1024M -Dfile.encoding=windows-1258 -Duser.country=US -Duser.language=en -Duser.variant 
java_command: com.android.dx.command.Main --dex --num-threads=4 --output E:\Working\Android Projects\Week2\NYTArticleSearch\app\build\intermediates\pre-dexed\debug\android-async-http-1.4.9_87b1216d1f4dfd57297ad102a0224102a914129e.jar C:\Users\carot\.gradle\caches\modules-2\files-2.1\com.loopj.android\android-async-http\1.4.9\386a4339ffe52d5d63e80f9bed8d2b1d1a418249\android-async-http-1.4.9.jar
java_class_path (initial): E:\ProgramDataAndroid\sdk\build-tools\23.0.0\lib\dx.jar
Launcher Type: SUN_STANDARD

Environment Variables:
JAVA_HOME=C:\Program Files\Java\jdk1.8.0_73
PATH=C:\ProgramData\Oracle\Java\javapath;c:\Program Files (x86)\Intel\iCLS Client\;c:\Program Files\Intel\iCLS Client\;C:\windows\system32;C:\windows;C:\windows\System32\Wbem;C:\windows\System32\WindowsPowerShell\v1.0\;C:\Program Files\Intel\Intel(R) Management Engine Components\DAL;C:\Program Files\Intel\Intel(R) Management Engine Components\IPT;C:\Program Files (x86)\Intel\Intel(R) Management Engine Components\DAL;C:\Program Files (x86)\Intel\Intel(R) Management Engine Components\IPT;C:\Program Files\doxygen\bin;C:\Program Files (x86)\Skype\Phone\;C:\Program Files (x86)\nodejs\;C:\Program Files\Microsoft SQL Server\Client SDK\ODBC\110\Tools\Binn\;C:\Program Files (x86)\Microsoft SQL Server\120\Tools\Binn\;C:\Program Files\Microsoft SQL Server\120\Tools\Binn\;C:\Program Files\Microsoft SQL Server\120\DTS\Binn\;C:\Program Files\Microsoft SQL Server\110\Tools\Binn\;C:\windows\system32\config\systemprofile\.dnx\bin;C:\Program Files\Microsoft DNX\Dnvm\
USERNAME=carot
OS=Windows_NT
PROCESSOR_IDENTIFIER=Intel64 Family 6 Model 60 Stepping 3, GenuineIntel



---------------  S Y S T E M  ---------------

OS: Windows 8.1 , 64 bit Build 9600 (6.3.9600.17415)

CPU:total 8 (4 cores per cpu, 2 threads per core) family 6 model 60 stepping 3, cmov, cx8, fxsr, mmx, sse, sse2, sse3, ssse3, sse4.1, sse4.2, popcnt, avx, avx2, aes, clmul, erms, rtm, lzcnt, ht, tsc, tscinvbit, bmi1, bmi2

Memory: 4k page, physical 8292700k(1203536k free), swap 12487004k(11220k free)

vm_info: Java HotSpot(TM) 64-Bit Server VM (25.73-b02) for windows-amd64 JRE (1.8.0_73-b02), built on Jan 29 2016 17:38:49 by "java_re" with MS VC++ 10.0 (VS2010)

time: Mon Mar 21 10:58:15 2016
elapsed time: 1 seconds (0d 0h 0m 1s)

