#
# There is insufficient memory for the Java Runtime Environment to continue.
# Native memory allocation (malloc) failed to allocate 331760 bytes for Chunk::new
# Possible reasons:
#   The system is out of physical RAM or swap space
#   In 32 bit mode, the process size limit was hit
# Possible solutions:
#   Reduce memory load on the system
#   Increase physical memory or swap space
#   Check if swap backing store is full
#   Use 64 bit Java on a 64 bit OS
#   Decrease Java heap size (-Xmx/-Xms)
#   Decrease number of Java threads
#   Decrease Java thread stack sizes (-Xss)
#   Set larger code cache with -XX:ReservedCodeCacheSize=
# This output file may be truncated or incomplete.
#
#  Out of Memory Error (allocation.cpp:390), pid=4228, tid=7212
#
# JRE version: Java(TM) SE Runtime Environment (8.0_73-b02) (build 1.8.0_73-b02)
# Java VM: Java HotSpot(TM) 64-Bit Server VM (25.73-b02 mixed mode windows-amd64 compressed oops)
# Failed to write core dump. Minidumps are not enabled by default on client versions of Windows
#

---------------  T H R E A D  ---------------

Current thread (0x000000001706c800):  JavaThread "C2 CompilerThread1" daemon [_thread_in_native, id=7212, stack(0x00000000176f0000,0x00000000177f0000)]

Stack: [0x00000000176f0000,0x00000000177f0000]
[error occurred during error reporting (printing stack bounds), id 0xc0000005]

Native frames: (J=compiled Java code, j=interpreted, Vv=VM code, C=native code)


Current CompileTask:
C2:   1161 1135       4       com.android.dx.dex.code.OutputFinisher::addConstants (93 bytes)


---------------  P R O C E S S  ---------------

Java Threads: ( => current thread )
  0x0000000017107800 JavaThread "Service Thread" daemon [_thread_blocked, id=24396, stack(0x00000000179f0000,0x0000000017af0000)]
  0x00000000170bd800 JavaThread "C1 CompilerThread3" daemon [_thread_in_vm, id=33424, stack(0x00000000178f0000,0x00000000179f0000)]
  0x0000000017078000 JavaThread "C2 CompilerThread2" daemon [_thread_blocked, id=29536, stack(0x00000000177f0000,0x00000000178f0000)]
=>0x000000001706c800 JavaThread "C2 CompilerThread1" daemon [_thread_in_native, id=7212, stack(0x00000000176f0000,0x00000000177f0000)]
  0x0000000017066800 JavaThread "C2 CompilerThread0" daemon [_thread_blocked, id=29200, stack(0x00000000175f0000,0x00000000176f0000)]
  0x0000000017062800 JavaThread "Attach Listener" daemon [_thread_blocked, id=10232, stack(0x00000000174f0000,0x00000000175f0000)]
  0x0000000017061800 JavaThread "Signal Dispatcher" daemon [_thread_blocked, id=20464, stack(0x00000000173f0000,0x00000000174f0000)]
  0x000000000233a000 JavaThread "Finalizer" daemon [_thread_blocked, id=27268, stack(0x0000000016d30000,0x0000000016e30000)]
  0x0000000002332000 JavaThread "Reference Handler" daemon [_thread_blocked, id=22856, stack(0x0000000016c30000,0x0000000016d30000)]
  0x000000000223d800 JavaThread "main" [_thread_in_Java, id=17896, stack(0x0000000002110000,0x0000000002210000)]

Other Threads:
  0x0000000014e59800 VMThread [stack: 0x0000000016b30000,0x0000000016c30000] [id=26036]
  0x000000001716c800 WatcherThread [stack: 0x0000000017af0000,0x0000000017bf0000] [id=11340]

VM state:not at safepoint (normal execution)

VM Mutex/Monitor currently owned by a thread: None

Heap:
 PSYoungGen      total 38400K, used 23335K [0x00000000eab00000, 0x00000000ed580000, 0x0000000100000000)
  eden space 33280K, 70% used [0x00000000eab00000,0x00000000ec1c9ee0,0x00000000ecb80000)
  from space 5120K, 0% used [0x00000000ed080000,0x00000000ed080000,0x00000000ed580000)
  to   space 5120K, 0% used [0x00000000ecb80000,0x00000000ecb80000,0x00000000ed080000)
 ParOldGen       total 87552K, used 0K [0x00000000c0000000, 0x00000000c5580000, 0x00000000eab00000)
  object space 87552K, 0% used [0x00000000c0000000,0x00000000c0000000,0x00000000c5580000)
 Metaspace       used 5988K, capacity 7088K, committed 7296K, reserved 1056768K
  class space    used 599K, capacity 616K, committed 640K, reserved 1048576K

Card table byte_map: [0x0000000011700000,0x0000000011910000] byte_map_base: 0x0000000011100000

Marking Bits: (ParMarkBitMap*) 0x0000000069df0600
 Begin Bits: [0x0000000012270000, 0x0000000013270000)
 End Bits:   [0x0000000013270000, 0x0000000014270000)

Polling page: 0x0000000000950000

CodeCache: size=245760Kb used=4826Kb max_used=4837Kb free=240933Kb
 bounds [0x0000000002340000, 0x0000000002800000, 0x0000000011340000]
 total_blobs=1541 nmethods=1278 adapters=176
 compilation: enabled

Compilation events (10 events):
Event: 1.160 Thread 0x00000000170bd800 nmethod 1262 0x00000000027ee350 code [0x00000000027ee4a0, 0x00000000027ee690]
Event: 1.160 Thread 0x00000000170bd800 1263       3       com.android.dx.dex.code.LocalList::get (9 bytes)
Event: 1.160 Thread 0x00000000170bd800 nmethod 1263 0x00000000027ee750 code [0x00000000027ee8c0, 0x00000000027eeba8]
Event: 1.160 Thread 0x00000000170bd800 1266       3       com.android.dex.Leb128::writeUnsignedLeb128 (46 bytes)
Event: 1.160 Thread 0x00000000170bd800 nmethod 1266 0x00000000027eec50 code [0x00000000027eede0, 0x00000000027ef178]
Event: 1.160 Thread 0x00000000170bd800 1261       3       java.util.ArrayList::sort (48 bytes)
Event: 1.160 Thread 0x00000000170bd800 nmethod 1261 0x00000000027ef2d0 code [0x00000000027ef440, 0x00000000027ef698]
Event: 1.160 Thread 0x00000000170bd800 1264       3       com.android.dx.dex.code.DalvCode::finishProcessingIfNecessary (69 bytes)
Event: 1.160 Thread 0x00000000170bd800 nmethod 1264 0x00000000027ef790 code [0x00000000027ef940, 0x00000000027efd98]
Event: 1.160 Thread 0x00000000170bd800 1269       3       com.android.dx.dex.file.DebugInfoEncoder::emitLocalsAtAddress (150 bytes)

GC Heap History (0 events):
No events

Deoptimization events (10 events):
Event: 0.985 Thread 0x000000000223d800 Uncommon trap: reason=bimorphic action=maybe_recompile pc=0x000000000278eb28 method=java.util.HashMap.putVal(ILjava/lang/Object;Ljava/lang/Object;ZZ)Ljava/lang/Object; @ 203
Event: 0.985 Thread 0x000000000223d800 Uncommon trap: reason=bimorphic action=maybe_recompile pc=0x000000000278eb28 method=java.util.HashMap.putVal(ILjava/lang/Object;Ljava/lang/Object;ZZ)Ljava/lang/Object; @ 203
Event: 1.103 Thread 0x000000000223d800 Uncommon trap: reason=speculate_class_check action=maybe_recompile pc=0x00000000026b4830 method=com.android.dx.util.FixedSizeList.equals(Ljava/lang/Object;)Z @ 25
Event: 1.104 Thread 0x000000000223d800 Uncommon trap: reason=class_check action=maybe_recompile pc=0x00000000026c40ac method=java.util.Arrays.equals([Ljava/lang/Object;[Ljava/lang/Object;)Z @ 62
Event: 1.104 Thread 0x000000000223d800 Uncommon trap: reason=speculate_class_check action=maybe_recompile pc=0x00000000026b4830 method=com.android.dx.util.FixedSizeList.equals(Ljava/lang/Object;)Z @ 25
Event: 1.104 Thread 0x000000000223d800 Uncommon trap: reason=class_check action=maybe_recompile pc=0x00000000026c40ac method=java.util.Arrays.equals([Ljava/lang/Object;[Ljava/lang/Object;)Z @ 62
Event: 1.104 Thread 0x000000000223d800 Uncommon trap: reason=speculate_class_check action=maybe_recompile pc=0x00000000026b4830 method=com.android.dx.util.FixedSizeList.equals(Ljava/lang/Object;)Z @ 25
Event: 1.104 Thread 0x000000000223d800 Uncommon trap: reason=class_check action=maybe_recompile pc=0x00000000026c40ac method=java.util.Arrays.equals([Ljava/lang/Object;[Ljava/lang/Object;)Z @ 62
Event: 1.104 Thread 0x000000000223d800 Uncommon trap: reason=speculate_class_check action=maybe_recompile pc=0x00000000026b4830 method=com.android.dx.util.FixedSizeList.equals(Ljava/lang/Object;)Z @ 25
Event: 1.104 Thread 0x000000000223d800 Uncommon trap: reason=class_check action=maybe_recompile pc=0x00000000026c40ac method=java.util.Arrays.equals([Ljava/lang/Object;[Ljava/lang/Object;)Z @ 62

Internal exceptions (3 events):
Event: 0.028 Thread 0x000000000223d800 Exception <a 'java/lang/NoSuchMethodError': Method sun.misc.Unsafe.defineClass(Ljava/lang/String;[BII)Ljava/lang/Class; name or signature does not match> (0x00000000eab12fb0) thrown at [D:\re\puppet\workspace\8-2-build-windows-amd64-cygwin\jdk8u73\6086\hot%î.j)
ù?
Event: 0.028 Thread 0x000000000223d800 Exception <a 'java/lang/NoSuchMethodError': Method sun.misc.Unsafe.prefetchRead(Ljava/lang/Object;J)V name or signature does not match> (0x00000000eab13298) thrown at [D:\re\puppet\workspace\8-2-build-windows-amd64-cygwin\jdk8u73\6086\hotspot\src\share\vm\Ûbñ›?
Event: 0.462 Thread 0x00000000171f0800 Implicit null exception at 0x0000000002643d62 to 0x0000000002643e5a

Events (10 events):
Event: 1.104 loading class com/android/dx/util/ByteArrayAnnotatedOutput
Event: 1.104 loading class com/android/dx/util/ByteArrayAnnotatedOutput done
Event: 1.147 loading class com/android/dx/dex/file/DebugInfoEncoder
Event: 1.147 loading class com/android/dx/dex/file/DebugInfoEncoder done
Event: 1.156 loading class com/android/dx/dex/file/DebugInfoEncoder$1
Event: 1.156 loading class com/android/dx/dex/file/DebugInfoEncoder$1 done
Event: 1.157 loading class com/android/dx/dex/file/DebugInfoEncoder$2
Event: 1.157 loading class com/android/dx/dex/file/DebugInfoEncoder$2 done
Event: 1.161 loading class com/android/dex/EncodedValueCodec
Event: 1.161 loading class com/android/dex/EncodedValueCodec done


Dynamic libraries:
0x00007ff7525a0000 - 0x00007ff7525d7000 	C:\Program Files\Java\jdk1.8.0_73\bin\java.exe
0x00007ff89bd70000 - 0x00007ff89bf1c000 	C:\windows\SYSTEM32\ntdll.dll
0x00007ff8993f0000 - 0x00007ff89952e000 	C:\windows\system32\KERNEL32.DLL
0x00007ff8992d0000 - 0x00007ff8993e5000 	C:\windows\system32\KERNELBASE.dll
0x00007ff8978f0000 - 0x00007ff89797e000 	C:\windows\system32\apphelp.dll
0x00007ff880fd0000 - 0x00007ff881023000 	C:\windows\AppPatch\AppPatch64\AcGenral.DLL
0x00007ff89b5d0000 - 0x00007ff89b67a000 	C:\windows\system32\msvcrt.dll
0x00007ff898c90000 - 0x00007ff898cbe000 	C:\windows\SYSTEM32\SspiCli.dll
0x00007ff89b900000 - 0x00007ff89b954000 	C:\windows\system32\SHLWAPI.dll
0x00007ff89b960000 - 0x00007ff89bad7000 	C:\windows\system32\USER32.dll
0x00007ff89b140000 - 0x00007ff89b2d4000 	C:\windows\system32\ole32.dll
0x00007ff899970000 - 0x00007ff89ae9b000 	C:\windows\system32\SHELL32.dll
0x00007ff898460000 - 0x00007ff898481000 	C:\windows\SYSTEM32\USERENV.dll
0x00007ff89b4c0000 - 0x00007ff89b56a000 	C:\windows\system32\ADVAPI32.dll
0x00007ff88deb0000 - 0x00007ff88dece000 	C:\windows\SYSTEM32\MPR.dll
0x00007ff899820000 - 0x00007ff899961000 	C:\windows\system32\RPCRT4.dll
0x00007ff89bd10000 - 0x00007ff89bd69000 	C:\windows\SYSTEM32\sechost.dll
0x00007ff899530000 - 0x00007ff899741000 	C:\windows\SYSTEM32\combase.dll
0x00007ff89bae0000 - 0x00007ff89bc2f000 	C:\windows\system32\GDI32.dll
0x00007ff898ec0000 - 0x00007ff898ed5000 	C:\windows\SYSTEM32\profapi.dll
0x00007ff8972c0000 - 0x00007ff897372000 	C:\windows\SYSTEM32\SHCORE.dll
0x00007ff89af80000 - 0x00007ff89afb6000 	C:\windows\system32\IMM32.DLL
0x00007ff89afd0000 - 0x00007ff89b122000 	C:\windows\system32\MSCTF.dll
0x00007ff896730000 - 0x00007ff8969ab000 	C:\windows\WinSxS\amd64_microsoft.windows.common-controls_6595b64144ccf1df_6.0.9600.18006_none_623f33d3ecbe86e8\COMCTL32.dll
0x0000000069140000 - 0x0000000069212000 	C:\Program Files\Java\jdk1.8.0_73\jre\bin\msvcr100.dll
0x00000000695e0000 - 0x0000000069e70000 	C:\Program Files\Java\jdk1.8.0_73\jre\bin\server\jvm.dll
0x00007ff893b10000 - 0x00007ff893b19000 	C:\windows\SYSTEM32\WSOCK32.dll
0x00007ff896c20000 - 0x00007ff896c42000 	C:\windows\SYSTEM32\WINMM.dll
0x00007ff8982c0000 - 0x00007ff8982ca000 	C:\windows\SYSTEM32\VERSION.dll
0x00007ff89b130000 - 0x00007ff89b137000 	C:\windows\system32\PSAPI.DLL
0x00007ff89b570000 - 0x00007ff89b5ca000 	C:\windows\system32\WS2_32.dll
0x00007ff8969b0000 - 0x00007ff8969da000 	C:\windows\SYSTEM32\WINMMBASE.dll
0x00007ff899810000 - 0x00007ff899819000 	C:\windows\system32\NSI.dll
0x00007ff898f90000 - 0x00007ff898fdf000 	C:\windows\SYSTEM32\cfgmgr32.dll
0x00007ff897ba0000 - 0x00007ff897bc8000 	C:\windows\SYSTEM32\DEVOBJ.dll
0x0000000069f70000 - 0x0000000069f7f000 	C:\Program Files\Java\jdk1.8.0_73\jre\bin\verify.dll
0x0000000069f40000 - 0x0000000069f69000 	C:\Program Files\Java\jdk1.8.0_73\jre\bin\java.dll
0x0000000069f20000 - 0x0000000069f36000 	C:\Program Files\Java\jdk1.8.0_73\jre\bin\zip.dll

VM Arguments:
jvm_args: -Djava.awt.headless=true -Xmx1024M -Dfile.encoding=windows-1258 -Duser.country=US -Duser.language=en -Duser.variant 
java_command: com.android.dx.command.Main --dex --num-threads=4 --output E:\Working\Android Projects\Week2\NYTArticleSearch\app\build\intermediates\pre-dexed\debug\debug_04a0752d55790994dc82eeef1408f08c12dc1d7d.jar E:\Working\Android Projects\Week2\NYTArticleSearch\app\build\intermediates\classes\debug
java_class_path (initial): E:\ProgramDataAndroid\sdk\build-tools\23.0.0\lib\dx.jar
Launcher Type: SUN_STANDARD

Environment Variables:
JAVA_HOME=C:\Program Files\Java\jdk1.8.0_73
PATH=C:\ProgramData\Oracle\Java\javapath;c:\Program Files (x86)\Intel\iCLS Client\;c:\Program Files\Intel\iCLS Client\;C:\windows\system32;C:\windows;C:\windows\System32\Wbem;C:\windows\System32\WindowsPowerShell\v1.0\;C:\Program Files\Intel\Intel(R) Management Engine Components\DAL;C:\Program Files\Intel\Intel(R) Management Engine Components\IPT;C:\Program Files (x86)\Intel\Intel(R) Management Engine Components\DAL;C:\Program Files (x86)\Intel\Intel(R) Management Engine Components\IPT;C:\Program Files\doxygen\bin;C:\Program Files (x86)\Skype\Phone\;C:\Program Files (x86)\nodejs\;C:\Program Files\Microsoft SQL Server\Client SDK\ODBC\110\Tools\Binn\;C:\Program Files (x86)\Microsoft SQL Server\120\Tools\Binn\;C:\Program Files\Microsoft SQL Server\120\Tools\Binn\;C:\Program Files\Microsoft SQL Server\120\DTS\Binn\;C:\Program Files\Microsoft SQL Server\110\Tools\Binn\;C:\windows\system32\config\systemprofile\.dnx\bin;C:\Program Files\Microsoft DNX\Dnvm\
USERNAME=carot
OS=Windows_NT
PROCESSOR_IDENTIFIER=Intel64 Family 6 Model 60 Stepping 3, GenuineIntel



---------------  S Y S T E M  ---------------

OS: Windows 8.1 , 64 bit Build 9600 (6.3.9600.17415)

CPU:total 8 (4 cores per cpu, 2 threads per core) family 6 model 60 stepping 3, cmov, cx8, fxsr, mmx, sse, sse2, sse3, ssse3, sse4.1, sse4.2, popcnt, avx, avx2, aes, clmul, erms, rtm, lzcnt, ht, tsc, tscinvbit, bmi1, bmi2

Memory: 4k page, physical 8292700k(1014668k free), swap 12487004k(8724k free)

vm_info: Java HotSpot(TM) 64-Bit Server VM (25.73-b02) for windows-amd64 JRE (1.8.0_73-b02), built on Jan 29 2016 17:38:49 by "java_re" with MS VC++ 10.0 (VS2010)

time: Mon Mar 21 11:00:23 2016
elapsed time: 1 seconds (0d 0h 0m 1s)

