#
# There is insufficient memory for the Java Runtime Environment to continue.
# Native memory allocation (malloc) failed to allocate 398416 bytes for Chunk::new
# Possible reasons:
#   The system is out of physical RAM or swap space
#   In 32 bit mode, the process size limit was hit
# Possible solutions:
#   Reduce memory load on the system
#   Increase physical memory or swap space
#   Check if swap backing store is full
#   Use 64 bit Java on a 64 bit OS
#   Decrease Java heap size (-Xmx/-Xms)
#   Decrease number of Java threads
#   Decrease Java thread stack sizes (-Xss)
#   Set larger code cache with -XX:ReservedCodeCacheSize=
# This output file may be truncated or incomplete.
#
#  Out of Memory Error (allocation.cpp:323), pid=6868, tid=18276
#
# JRE version: Java(TM) SE Runtime Environment (7.0_79-b15) (build 1.7.0_79-b15)
# Java VM: Java HotSpot(TM) 64-Bit Server VM (24.79-b02 mixed mode windows-amd64 compressed oops)
# Failed to write core dump. Minidumps are not enabled by default on client versions of Windows
#

---------------  T H R E A D  ---------------

Current thread (0x00000000024d5000):  JavaThread "C2 CompilerThread1" daemon [_thread_in_native, id=18276, stack(0x000000000aea0000,0x000000000afa0000)]

Stack: [0x000000000aea0000,0x000000000afa0000]

Current CompileTask:
C2:   1687  202             com.android.dx.ssa.back.LivenessAnalyzer::run (231 bytes)


---------------  P R O C E S S  ---------------

Java Threads: ( => current thread )
  0x000000000aac8000 JavaThread "pool-1-thread-4" [_thread_blocked, id=5796, stack(0x000000000b5a0000,0x000000000b6a0000)]
  0x000000000a8e7800 JavaThread "pool-1-thread-3" [_thread_in_native, id=5148, stack(0x000000000b4a0000,0x000000000b5a0000)]
  0x000000000a8e7000 JavaThread "pool-1-thread-2" [_thread_blocked, id=21076, stack(0x000000000b3a0000,0x000000000b4a0000)]
  0x000000000a9ef800 JavaThread "pool-2-thread-1" [_thread_blocked, id=17076, stack(0x000000000b2a0000,0x000000000b3a0000)]
  0x000000000a9ee800 JavaThread "pool-1-thread-1" [_thread_blocked, id=32880, stack(0x000000000b1a0000,0x000000000b2a0000)]
  0x00000000024d8000 JavaThread "Service Thread" daemon [_thread_blocked, id=26608, stack(0x000000000afa0000,0x000000000b0a0000)]
=>0x00000000024d5000 JavaThread "C2 CompilerThread1" daemon [_thread_in_native, id=18276, stack(0x000000000aea0000,0x000000000afa0000)]
  0x00000000024dd800 JavaThread "C2 CompilerThread0" daemon [_thread_in_native, id=27776, stack(0x000000000ada0000,0x000000000aea0000)]
  0x00000000024dc800 JavaThread "Attach Listener" daemon [_thread_blocked, id=9480, stack(0x000000000aca0000,0x000000000ada0000)]
  0x00000000024db800 JavaThread "Signal Dispatcher" daemon [_thread_blocked, id=25468, stack(0x000000000aba0000,0x000000000aca0000)]
  0x00000000087df800 JavaThread "Finalizer" daemon [_thread_blocked, id=30172, stack(0x000000000a6a0000,0x000000000a7a0000)]
  0x00000000087d9000 JavaThread "Reference Handler" daemon [_thread_blocked, id=18564, stack(0x000000000a5a0000,0x000000000a6a0000)]
  0x00000000022dd800 JavaThread "main" [_thread_blocked, id=26376, stack(0x00000000022e0000,0x00000000023e0000)]

Other Threads:
  0x00000000087d4000 VMThread [stack: 0x000000000a4a0000,0x000000000a5a0000] [id=23288]
  0x000000000a7df800 WatcherThread [stack: 0x000000000b0a0000,0x000000000b1a0000] [id=22440]

VM state:not at safepoint (normal execution)

VM Mutex/Monitor currently owned by a thread: None

Heap
 PSYoungGen      total 38400K, used 31400K [0x00000000eaa80000, 0x00000000ed500000, 0x0000000100000000)
  eden space 33280K, 94% used [0x00000000eaa80000,0x00000000ec92a328,0x00000000ecb00000)
  from space 5120K, 0% used [0x00000000ed000000,0x00000000ed000000,0x00000000ed500000)
  to   space 5120K, 0% used [0x00000000ecb00000,0x00000000ecb00000,0x00000000ed000000)
 ParOldGen       total 86016K, used 0K [0x00000000c0000000, 0x00000000c5400000, 0x00000000eaa80000)
  object space 86016K, 0% used [0x00000000c0000000,0x00000000c0000000,0x00000000c5400000)
 PSPermGen       total 21504K, used 5783K [0x00000000bae00000, 0x00000000bc300000, 0x00000000c0000000)
  object space 21504K, 26% used [0x00000000bae00000,0x00000000bb3a5d90,0x00000000bc300000)

Card table byte_map: [0x00000000055a0000,0x00000000057d0000] byte_map_base: 0x0000000004fc9000

Polling page: 0x0000000000aa0000

Code Cache  [0x00000000024e0000, 0x0000000002750000, 0x00000000054e0000)
 total_blobs=437 nmethods=200 adapters=189 free_code_cache=48361Kb largest_free_block=49496192

Compilation events (10 events):
Event: 1.665 Thread 0x00000000024d5000 nmethod 197 0x00000000025a0950 code [0x00000000025a0b80, 0x00000000025a13c0]
Event: 1.665 Thread 0x00000000024d5000  198             java.lang.AbstractStringBuilder::ensureCapacityInternal (16 bytes)
Event: 1.668 Thread 0x00000000024d5000 nmethod 198 0x000000000259dd90 code [0x000000000259dee0, 0x000000000259e178]
Event: 1.668 Thread 0x00000000024d5000  199             java.util.Arrays::hashCode (56 bytes)
Event: 1.669 Thread 0x00000000024d5000 nmethod 199 0x000000000259d9d0 code [0x000000000259db20, 0x000000000259dc78]
Event: 1.669 Thread 0x00000000024d5000  200             com.android.dx.rop.code.PlainInsn::accept (8 bytes)
Event: 1.669 Thread 0x00000000024d5000 nmethod 200 0x00000000025a0710 code [0x00000000025a0860, 0x00000000025a08d8]
Event: 1.669 Thread 0x00000000024d5000  201             java.util.ArrayList::toArray (12 bytes)
Event: 1.670 Thread 0x00000000024d5000 nmethod 201 0x000000000259d5d0 code [0x000000000259d720, 0x000000000259d8d8]
Event: 1.671 Thread 0x00000000024d5000  202             com.android.dx.ssa.back.LivenessAnalyzer::run (231 bytes)

GC Heap History (0 events):
No events

Deoptimization events (5 events):
Event: 0.590 Thread 0x000000000aac8000 Uncommon trap: reason=class_check action=maybe_recompile pc=0x000000000255eb34 method=com.android.dx.ssa.NormalSsaInsn.accept(Lcom/android/dx/ssa/SsaInsn$Visitor;)V @ 9
Event: 0.666 Thread 0x000000000a9ee800 Uncommon trap: reason=class_check action=maybe_recompile pc=0x000000000255eb34 method=com.android.dx.ssa.NormalSsaInsn.accept(Lcom/android/dx/ssa/SsaInsn$Visitor;)V @ 9
Event: 0.747 Thread 0x00000000022dd800 Uncommon trap: reason=class_check action=maybe_recompile pc=0x000000000255eb34 method=com.android.dx.ssa.NormalSsaInsn.accept(Lcom/android/dx/ssa/SsaInsn$Visitor;)V @ 9
Event: 0.766 Thread 0x000000000aac8000 Uncommon trap: reason=null_check action=make_not_entrant pc=0x0000000002569b8c method=com.android.dx.rop.code.LocalItem.equals(Ljava/lang/Object;)Z @ 1
Event: 1.601 Thread 0x00000000022dd800 Uncommon trap: reason=null_check action=make_not_entrant pc=0x00000000025949f8 method=com.android.dx.rop.type.Type.putIntern(Lcom/android/dx/rop/type/Type;)Lcom/android/dx/rop/type/Type; @ 18

Internal exceptions (10 events):
Event: 0.590 Thread 0x00000000022dd800 Threw 0x00000000ebb21a98 at C:\re\jdk7u79\2331\hotspot\src\share\vm\prims\jvm.cpp:1304
Event: 0.596 Thread 0x00000000022dd800 Threw 0x00000000ebb255b8 at C:\re\jdk7u79\2331\hotspot\src\share\vm\prims\jvm.cpp:1304
Event: 0.596 Thread 0x00000000022dd800 Threw 0x00000000ebb27df8 at C:\re\jdk7u79\2331\hotspot\src\share\vm\prims\jvm.cpp:1304
Event: 0.597 Thread 0x00000000022dd800 Threw 0x00000000ebb2a9b8 at C:\re\jdk7u79\2331\hotspot\src\share\vm\prims\jvm.cpp:1304
Event: 0.597 Thread 0x00000000022dd800 Threw 0x00000000ebb33280 at C:\re\jdk7u79\2331\hotspot\src\share\vm\prims\jvm.cpp:1304
Event: 0.678 Thread 0x000000000a9ee800 Threw 0x00000000ebcce948 at C:\re\jdk7u79\2331\hotspot\src\share\vm\prims\jvm.cpp:1304
Event: 0.766 Thread 0x000000000aac8000 Implicit null exception at 0x00000000025697aa to 0x0000000002569b79
Event: 1.601 Thread 0x00000000022dd800 Implicit null exception at 0x0000000002594307 to 0x00000000025949e9
Event: 1.625 Thread 0x000000000a8e7800 Threw 0x00000000ec911b98 at C:\re\jdk7u79\2331\hotspot\src\share\vm\prims\jvm.cpp:1304
Event: 1.627 Thread 0x000000000a8e7800 Threw 0x00000000ec917818 at C:\re\jdk7u79\2331\hotspot\src\share\vm\prims\jvm.cpp:1304

Events (10 events):
Event: 1.136 loading class 0x000000000246e5e0
Event: 1.136 loading class 0x000000000246e5e0 done
Event: 1.601 Thread 0x00000000022dd800 Uncommon trap: trap_request=0xfffffff4 fr.pc=0x00000000025949f8
Event: 1.601 Thread 0x00000000022dd800 DEOPT PACKING pc=0x00000000025949f8 sp=0x00000000023deba0
Event: 1.601 Thread 0x00000000022dd800 DEOPT UNPACKING pc=0x00000000025175a4 sp=0x00000000023deac0 mode 2
Event: 1.625 loading class 0x000000000a88a730
Event: 1.625 loading class 0x000000000a88a730 done
Event: 1.627 loading class 0x000000000a9f4760
Event: 1.627 loading class 0x000000000a9f4760 done
Event: 1.627 loading class 0x0000000002463860


Dynamic libraries:
0x00007ff78a9e0000 - 0x00007ff78aa13000 	C:\Program Files\Java\jdk1.7.0_79\bin\java.exe
0x00007ff89bd70000 - 0x00007ff89bf1c000 	C:\windows\SYSTEM32\ntdll.dll
0x00007ff8993f0000 - 0x00007ff89952e000 	C:\windows\system32\KERNEL32.DLL
0x00007ff8992d0000 - 0x00007ff8993e5000 	C:\windows\system32\KERNELBASE.dll
0x00007ff8978f0000 - 0x00007ff89797e000 	C:\windows\system32\apphelp.dll
0x00007ff872e00000 - 0x00007ff872e53000 	C:\windows\AppPatch\AppPatch64\AcGenral.DLL
0x00007ff89b5d0000 - 0x00007ff89b67a000 	C:\windows\system32\msvcrt.dll
0x00007ff898c90000 - 0x00007ff898cbe000 	C:\windows\SYSTEM32\SspiCli.dll
0x00007ff89b900000 - 0x00007ff89b954000 	C:\windows\system32\SHLWAPI.dll
0x00007ff89b960000 - 0x00007ff89bad7000 	C:\windows\system32\USER32.dll
0x00007ff89b140000 - 0x00007ff89b2d4000 	C:\windows\system32\ole32.dll
0x00007ff899970000 - 0x00007ff89ae9b000 	C:\windows\system32\SHELL32.dll
0x00007ff898460000 - 0x00007ff898481000 	C:\windows\SYSTEM32\USERENV.dll
0x00007ff89b4c0000 - 0x00007ff89b56a000 	C:\windows\system32\ADVAPI32.dll
0x00007ff88deb0000 - 0x00007ff88dece000 	C:\windows\SYSTEM32\MPR.dll
0x00007ff899820000 - 0x00007ff899961000 	C:\windows\system32\RPCRT4.dll
0x00007ff89bd10000 - 0x00007ff89bd69000 	C:\windows\SYSTEM32\sechost.dll
0x00007ff899530000 - 0x00007ff899741000 	C:\windows\SYSTEM32\combase.dll
0x00007ff89bae0000 - 0x00007ff89bc2f000 	C:\windows\system32\GDI32.dll
0x00007ff898ec0000 - 0x00007ff898ed5000 	C:\windows\SYSTEM32\profapi.dll
0x00007ff8972c0000 - 0x00007ff897372000 	C:\windows\SYSTEM32\SHCORE.dll
0x00007ff89af80000 - 0x00007ff89afb6000 	C:\windows\system32\IMM32.DLL
0x00007ff89afd0000 - 0x00007ff89b122000 	C:\windows\system32\MSCTF.dll
0x00007ff896730000 - 0x00007ff8969ab000 	C:\windows\WinSxS\amd64_microsoft.windows.common-controls_6595b64144ccf1df_6.0.9600.18006_none_623f33d3ecbe86e8\COMCTL32.dll
0x0000000069170000 - 0x0000000069242000 	C:\Program Files\Java\jdk1.7.0_79\jre\bin\msvcr100.dll
0x0000000069690000 - 0x0000000069e65000 	C:\Program Files\Java\jdk1.7.0_79\jre\bin\server\jvm.dll
0x00007ff893b10000 - 0x00007ff893b19000 	C:\windows\SYSTEM32\WSOCK32.dll
0x00007ff896c20000 - 0x00007ff896c42000 	C:\windows\SYSTEM32\WINMM.dll
0x00007ff89b130000 - 0x00007ff89b137000 	C:\windows\system32\PSAPI.DLL
0x00007ff89b570000 - 0x00007ff89b5ca000 	C:\windows\system32\WS2_32.dll
0x00007ff8969b0000 - 0x00007ff8969da000 	C:\windows\SYSTEM32\WINMMBASE.dll
0x00007ff899810000 - 0x00007ff899819000 	C:\windows\system32\NSI.dll
0x00007ff898f90000 - 0x00007ff898fdf000 	C:\windows\SYSTEM32\cfgmgr32.dll
0x00007ff897ba0000 - 0x00007ff897bc8000 	C:\windows\SYSTEM32\DEVOBJ.dll
0x0000000069f70000 - 0x0000000069f7f000 	C:\Program Files\Java\jdk1.7.0_79\jre\bin\verify.dll
0x0000000069f40000 - 0x0000000069f68000 	C:\Program Files\Java\jdk1.7.0_79\jre\bin\java.dll
0x0000000069f20000 - 0x0000000069f35000 	C:\Program Files\Java\jdk1.7.0_79\jre\bin\zip.dll
0x0000000069f00000 - 0x0000000069f1a000 	C:\Program Files\Java\jdk1.7.0_79\jre\bin\net.dll
0x00007ff898760000 - 0x00007ff8987b9000 	C:\windows\system32\mswsock.dll
0x0000000069ee0000 - 0x0000000069ef1000 	C:\Program Files\Java\jdk1.7.0_79\jre\bin\nio.dll

VM Arguments:
jvm_args: -Djava.awt.headless=true -Xmx1024M -Dfile.encoding=windows-1258 -Duser.country=US -Duser.language=en -Duser.variant 
java_command: com.android.dx.command.Main --dex --num-threads=4 --output E:\Working\Android Projects\Week2\NYTArticleSearch\app\build\intermediates\pre-dexed\debug\httpclient-4.3.6_bd4b7c4ee78bc29369471a5c91e2cc8115aaf1e6.jar C:\Users\carot\.gradle\caches\modules-2\files-2.1\cz.msebera.android\httpclient\4.3.6\526a9f794eab830eae4f23a62c572878b3f491ab\httpclient-4.3.6.jar
Launcher Type: SUN_STANDARD

Environment Variables:
JAVA_HOME=C:\Program Files\Java\jdk1.7.0_79
PATH=c:\Program Files (x86)\Intel\iCLS Client\;c:\Program Files\Intel\iCLS Client\;C:\windows\system32;C:\windows;C:\windows\System32\Wbem;C:\windows\System32\WindowsPowerShell\v1.0\;C:\Program Files\Intel\Intel(R) Management Engine Components\DAL;C:\Program Files\Intel\Intel(R) Management Engine Components\IPT;C:\Program Files (x86)\Intel\Intel(R) Management Engine Components\DAL;C:\Program Files (x86)\Intel\Intel(R) Management Engine Components\IPT;C:\Program Files\doxygen\bin;C:\Program Files (x86)\Skype\Phone\;C:\Program Files (x86)\nodejs\;C:\Program Files\Microsoft SQL Server\Client SDK\ODBC\110\Tools\Binn\;C:\Program Files (x86)\Microsoft SQL Server\120\Tools\Binn\;C:\Program Files\Microsoft SQL Server\120\Tools\Binn\;C:\Program Files\Microsoft SQL Server\120\DTS\Binn\;C:\Program Files\Microsoft SQL Server\110\Tools\Binn\;C:\Users\carot\.dnx\bin;C:\Program Files\Microsoft DNX\Dnvm\
USERNAME=carot
OS=Windows_NT
PROCESSOR_IDENTIFIER=Intel64 Family 6 Model 60 Stepping 3, GenuineIntel



---------------  S Y S T E M  ---------------

OS: Windows 8.1 , 64 bit Build 9600 

CPU:total 8 (4 cores per cpu, 2 threads per core) family 6 model 60 stepping 3, cmov, cx8, fxsr, mmx, sse, sse2, sse3, ssse3, sse4.1, sse4.2, popcnt, avx, avx2, aes, erms, ht, tsc, tscinvbit

Memory: 4k page, physical 8292700k(1832520k free), swap 12487004k(5104k free)

vm_info: Java HotSpot(TM) 64-Bit Server VM (24.79-b02) for windows-amd64 JRE (1.7.0_79-b15), built on Apr 10 2015 12:36:16 by "java_re" with unknown MS VC++:1600

time: Mon Mar 21 11:39:34 2016
elapsed time: 1 seconds

