#
# There is insufficient memory for the Java Runtime Environment to continue.
# Native memory allocation (malloc) failed to allocate 320896 bytes for Chunk::new
# Possible reasons:
#   The system is out of physical RAM or swap space
#   In 32 bit mode, the process size limit was hit
# Possible solutions:
#   Reduce memory load on the system
#   Increase physical memory or swap space
#   Check if swap backing store is full
#   Use 64 bit Java on a 64 bit OS
#   Decrease Java heap size (-Xmx/-Xms)
#   Decrease number of Java threads
#   Decrease Java thread stack sizes (-Xss)
#   Set larger code cache with -XX:ReservedCodeCacheSize=
# This output file may be truncated or incomplete.
#
#  Out of Memory Error (allocation.cpp:323), pid=35476, tid=2216
#
# JRE version: Java(TM) SE Runtime Environment (7.0_79-b15) (build 1.7.0_79-b15)
# Java VM: Java HotSpot(TM) 64-Bit Server VM (24.79-b02 mixed mode windows-amd64 compressed oops)
# Failed to write core dump. Minidumps are not enabled by default on client versions of Windows
#

---------------  T H R E A D  ---------------

Current thread (0x0000000002e1a000):  JavaThread "C2 CompilerThread1" daemon [_thread_in_native, id=2216, stack(0x000000000b740000,0x000000000b840000)]

Stack: [0x000000000b740000,0x000000000b840000]

Current CompileTask:
C2:    868   81             com.android.dx.ssa.SsaMethod::computeReachability (131 bytes)


---------------  P R O C E S S  ---------------

Java Threads: ( => current thread )
  0x000000000b185000 JavaThread "pool-1-thread-4" [_thread_in_Java, id=33756, stack(0x000000000be40000,0x000000000bf40000)]
  0x000000000b232800 JavaThread "pool-1-thread-3" [_thread_in_Java, id=21580, stack(0x000000000bd40000,0x000000000be40000)]
  0x000000000b231800 JavaThread "pool-1-thread-2" [_thread_in_Java, id=9596, stack(0x000000000bc40000,0x000000000bd40000)]
  0x000000000b12e800 JavaThread "pool-2-thread-1" [_thread_blocked, id=4996, stack(0x000000000bb40000,0x000000000bc40000)]
  0x000000000b1c2000 JavaThread "pool-1-thread-1" [_thread_blocked, id=26924, stack(0x000000000ba40000,0x000000000bb40000)]
  0x000000000b06a000 JavaThread "Service Thread" daemon [_thread_blocked, id=18256, stack(0x000000000b840000,0x000000000b940000)]
=>0x0000000002e1a000 JavaThread "C2 CompilerThread1" daemon [_thread_in_native, id=2216, stack(0x000000000b740000,0x000000000b840000)]
  0x000000000b060800 JavaThread "C2 CompilerThread0" daemon [_thread_in_native, id=8052, stack(0x000000000b640000,0x000000000b740000)]
  0x0000000002e11800 JavaThread "Attach Listener" daemon [_thread_blocked, id=4388, stack(0x000000000b540000,0x000000000b640000)]
  0x0000000002e15800 JavaThread "Signal Dispatcher" daemon [_thread_blocked, id=30344, stack(0x000000000b440000,0x000000000b540000)]
  0x000000000905f800 JavaThread "Finalizer" daemon [_thread_blocked, id=27276, stack(0x000000000af40000,0x000000000b040000)]
  0x0000000009059000 JavaThread "Reference Handler" daemon [_thread_blocked, id=19716, stack(0x000000000ae40000,0x000000000af40000)]
  0x0000000002d1d800 JavaThread "main" [_thread_in_Java, id=32608, stack(0x0000000002ba0000,0x0000000002ca0000)]

Other Threads:
  0x0000000009054000 VMThread [stack: 0x000000000ad40000,0x000000000ae40000] [id=24660]
  0x000000000b086000 WatcherThread [stack: 0x000000000b940000,0x000000000ba40000] [id=31508]

VM state:not at safepoint (normal execution)

VM Mutex/Monitor currently owned by a thread: None

Heap
 PSYoungGen      total 38400K, used 17430K [0x00000000eaa80000, 0x00000000ed500000, 0x0000000100000000)
  eden space 33280K, 52% used [0x00000000eaa80000,0x00000000ebb85840,0x00000000ecb00000)
  from space 5120K, 0% used [0x00000000ed000000,0x00000000ed000000,0x00000000ed500000)
  to   space 5120K, 0% used [0x00000000ecb00000,0x00000000ecb00000,0x00000000ed000000)
 ParOldGen       total 86016K, used 0K [0x00000000c0000000, 0x00000000c5400000, 0x00000000eaa80000)
  object space 86016K, 0% used [0x00000000c0000000,0x00000000c0000000,0x00000000c5400000)
 PSPermGen       total 21504K, used 5591K [0x00000000bae00000, 0x00000000bc300000, 0x00000000c0000000)
  object space 21504K, 26% used [0x00000000bae00000,0x00000000bb375e50,0x00000000bc300000)

Card table byte_map: [0x0000000005e20000,0x0000000006050000] byte_map_base: 0x0000000005849000

Polling page: 0x0000000001320000

Code Cache  [0x0000000002e20000, 0x0000000003090000, 0x0000000005e20000)
 total_blobs=318 nmethods=81 adapters=189 free_code_cache=48620Kb largest_free_block=49754752

Compilation events (10 events):
Event: 0.847 Thread 0x0000000002e1a000 nmethod 78 0x0000000002ea6510 code [0x0000000002ea6640, 0x0000000002ea66b8]
Event: 0.847 Thread 0x0000000002e1a000   79             com.android.dx.util.ByteArray::getUnsignedShort (25 bytes)
Event: 0.848 Thread 0x0000000002e1a000 nmethod 79 0x0000000002ea6190 code [0x0000000002ea62e0, 0x0000000002ea63d8]
Event: 0.848 Thread 0x0000000002e1a000   80             com.android.dx.cf.code.Ropper::labelToResultIndex (47 bytes)
Event: 0.851 Thread 0x0000000002e1a000 nmethod 80 0x0000000002ea5c50 code [0x0000000002ea5da0, 0x0000000002ea6018]
Event: 0.852 Thread 0x0000000002e1a000   81             com.android.dx.ssa.SsaMethod::computeReachability (131 bytes)
Event: 0.865 Thread 0x000000000b060800 nmethod 77 0x0000000002eaa9d0 code [0x0000000002eaabe0, 0x0000000002eabd90]
Event: 0.866 Thread 0x000000000b060800   82             com.android.dx.util.Bits::findFirst (61 bytes)
Event: 0.867 Thread 0x000000000b060800 nmethod 82 0x0000000002ea5990 code [0x0000000002ea5ac0, 0x0000000002ea5b98]
Event: 0.867 Thread 0x000000000b060800   83             com.android.dx.cf.code.LineNumberList::pcToLine (73 bytes)

GC Heap History (0 events):
No events

Deoptimization events (5 events):
Event: 0.700 Thread 0x000000000b185000 Uncommon trap: reason=class_check action=maybe_recompile pc=0x0000000002e94334 method=com.android.dx.ssa.NormalSsaInsn.accept(Lcom/android/dx/ssa/SsaInsn$Visitor;)V @ 9
Event: 0.700 Thread 0x000000000b185000 Uncommon trap: reason=class_check action=maybe_recompile pc=0x0000000002e94334 method=com.android.dx.ssa.NormalSsaInsn.accept(Lcom/android/dx/ssa/SsaInsn$Visitor;)V @ 9
Event: 0.701 Thread 0x000000000b185000 Uncommon trap: reason=class_check action=maybe_recompile pc=0x0000000002e94334 method=com.android.dx.ssa.NormalSsaInsn.accept(Lcom/android/dx/ssa/SsaInsn$Visitor;)V @ 9
Event: 0.701 Thread 0x000000000b185000 Uncommon trap: reason=class_check action=maybe_recompile pc=0x0000000002e94334 method=com.android.dx.ssa.NormalSsaInsn.accept(Lcom/android/dx/ssa/SsaInsn$Visitor;)V @ 9
Event: 0.805 Thread 0x000000000b185000 Uncommon trap: reason=null_check action=make_not_entrant pc=0x0000000002e9aad8 method=com.android.dx.rop.code.LocalItem.equals(Ljava/lang/Object;)Z @ 1

Internal exceptions (10 events):
Event: 0.507 Thread 0x000000000b232800 Threw 0x00000000eb1fc050 at C:\re\jdk7u79\2331\hotspot\src\share\vm\prims\jvm.cpp:1304
Event: 0.519 Thread 0x000000000b231800 Threw 0x00000000eb3d1468 at C:\re\jdk7u79\2331\hotspot\src\share\vm\prims\jvm.cpp:1304
Event: 0.567 Thread 0x0000000002d1d800 Threw 0x00000000eb184868 at C:\re\jdk7u79\2331\hotspot\src\share\vm\prims\jvm.cpp:1304
Event: 0.568 Thread 0x0000000002d1d800 Threw 0x00000000eb18e568 at C:\re\jdk7u79\2331\hotspot\src\share\vm\prims\jvm.cpp:1304
Event: 0.568 Thread 0x0000000002d1d800 Threw 0x00000000eb190750 at C:\re\jdk7u79\2331\hotspot\src\share\vm\prims\jvm.cpp:1304
Event: 0.582 Thread 0x0000000002d1d800 Threw 0x00000000eb5cbad0 at C:\re\jdk7u79\2331\hotspot\src\share\vm\prims\jvm.cpp:1304
Event: 0.733 Thread 0x000000000b185000 Threw 0x00000000eb6a04f0 at C:\re\jdk7u79\2331\hotspot\src\share\vm\prims\jvm.cpp:1304
Event: 0.804 Thread 0x000000000b185000 Implicit null exception at 0x0000000002e9a244 to 0x0000000002e9aabd
Event: 0.843 Thread 0x0000000002d1d800 Threw 0x00000000eb926fe8 at C:\re\jdk7u79\2331\hotspot\src\share\vm\prims\jvm.cpp:1304
Event: 0.844 Thread 0x0000000002d1d800 Threw 0x00000000eb929350 at C:\re\jdk7u79\2331\hotspot\src\share\vm\prims\jvm.cpp:1304

Events (10 events):
Event: 0.785 loading class 0x0000000002da3830 done
Event: 0.804 Thread 0x000000000b185000 Uncommon trap: trap_request=0xfffffff4 fr.pc=0x0000000002e9aad8
Event: 0.805 Thread 0x000000000b185000 DEOPT PACKING pc=0x0000000002e9aad8 sp=0x000000000bf3efb0
Event: 0.805 Thread 0x000000000b185000 DEOPT UNPACKING pc=0x0000000002e575a4 sp=0x000000000bf3ed40 mode 2
Event: 0.843 loading class 0x000000000b176dd0
Event: 0.843 loading class 0x000000000b176dd0 done
Event: 0.844 loading class 0x000000000b142e20
Event: 0.844 loading class 0x000000000b142e20 done
Event: 0.846 loading class 0x0000000002d9f230
Event: 0.847 loading class 0x0000000002d9f230 done


Dynamic libraries:
0x00007ff78a9e0000 - 0x00007ff78aa13000 	C:\Program Files\Java\jdk1.7.0_79\bin\java.exe
0x00007ff89bd70000 - 0x00007ff89bf1c000 	C:\windows\SYSTEM32\ntdll.dll
0x00007ff8993f0000 - 0x00007ff89952e000 	C:\windows\system32\KERNEL32.DLL
0x00007ff8992d0000 - 0x00007ff8993e5000 	C:\windows\system32\KERNELBASE.dll
0x00007ff8978f0000 - 0x00007ff89797e000 	C:\windows\system32\apphelp.dll
0x00007ff872e00000 - 0x00007ff872e53000 	C:\windows\AppPatch\AppPatch64\AcGenral.DLL
0x00007ff89b5d0000 - 0x00007ff89b67a000 	C:\windows\system32\msvcrt.dll
0x00007ff898c90000 - 0x00007ff898cbe000 	C:\windows\SYSTEM32\SspiCli.dll
0x00007ff89b900000 - 0x00007ff89b954000 	C:\windows\system32\SHLWAPI.dll
0x00007ff89b960000 - 0x00007ff89bad7000 	C:\windows\system32\USER32.dll
0x00007ff89b140000 - 0x00007ff89b2d4000 	C:\windows\system32\ole32.dll
0x00007ff899970000 - 0x00007ff89ae9b000 	C:\windows\system32\SHELL32.dll
0x00007ff898460000 - 0x00007ff898481000 	C:\windows\SYSTEM32\USERENV.dll
0x00007ff89b4c0000 - 0x00007ff89b56a000 	C:\windows\system32\ADVAPI32.dll
0x00007ff88deb0000 - 0x00007ff88dece000 	C:\windows\SYSTEM32\MPR.dll
0x00007ff899820000 - 0x00007ff899961000 	C:\windows\system32\RPCRT4.dll
0x00007ff89bd10000 - 0x00007ff89bd69000 	C:\windows\SYSTEM32\sechost.dll
0x00007ff899530000 - 0x00007ff899741000 	C:\windows\SYSTEM32\combase.dll
0x00007ff89bae0000 - 0x00007ff89bc2f000 	C:\windows\system32\GDI32.dll
0x00007ff898ec0000 - 0x00007ff898ed5000 	C:\windows\SYSTEM32\profapi.dll
0x00007ff8972c0000 - 0x00007ff897372000 	C:\windows\SYSTEM32\SHCORE.dll
0x00007ff89af80000 - 0x00007ff89afb6000 	C:\windows\system32\IMM32.DLL
0x00007ff89afd0000 - 0x00007ff89b122000 	C:\windows\system32\MSCTF.dll
0x00007ff896730000 - 0x00007ff8969ab000 	C:\windows\WinSxS\amd64_microsoft.windows.common-controls_6595b64144ccf1df_6.0.9600.18006_none_623f33d3ecbe86e8\COMCTL32.dll
0x0000000069170000 - 0x0000000069242000 	C:\Program Files\Java\jdk1.7.0_79\jre\bin\msvcr100.dll
0x0000000069690000 - 0x0000000069e65000 	C:\Program Files\Java\jdk1.7.0_79\jre\bin\server\jvm.dll
0x00007ff893b10000 - 0x00007ff893b19000 	C:\windows\SYSTEM32\WSOCK32.dll
0x00007ff896c20000 - 0x00007ff896c42000 	C:\windows\SYSTEM32\WINMM.dll
0x00007ff89b130000 - 0x00007ff89b137000 	C:\windows\system32\PSAPI.DLL
0x00007ff89b570000 - 0x00007ff89b5ca000 	C:\windows\system32\WS2_32.dll
0x00007ff8969b0000 - 0x00007ff8969da000 	C:\windows\SYSTEM32\WINMMBASE.dll
0x00007ff899810000 - 0x00007ff899819000 	C:\windows\system32\NSI.dll
0x00007ff898f90000 - 0x00007ff898fdf000 	C:\windows\SYSTEM32\cfgmgr32.dll
0x00007ff897ba0000 - 0x00007ff897bc8000 	C:\windows\SYSTEM32\DEVOBJ.dll
0x0000000069f70000 - 0x0000000069f7f000 	C:\Program Files\Java\jdk1.7.0_79\jre\bin\verify.dll
0x0000000069f40000 - 0x0000000069f68000 	C:\Program Files\Java\jdk1.7.0_79\jre\bin\java.dll
0x0000000069f20000 - 0x0000000069f35000 	C:\Program Files\Java\jdk1.7.0_79\jre\bin\zip.dll
0x0000000069f00000 - 0x0000000069f1a000 	C:\Program Files\Java\jdk1.7.0_79\jre\bin\net.dll
0x00007ff898760000 - 0x00007ff8987b9000 	C:\windows\system32\mswsock.dll
0x0000000069ee0000 - 0x0000000069ef1000 	C:\Program Files\Java\jdk1.7.0_79\jre\bin\nio.dll

VM Arguments:
jvm_args: -Djava.awt.headless=true -Xmx1024M -Dfile.encoding=windows-1258 -Duser.country=US -Duser.language=en -Duser.variant 
java_command: com.android.dx.command.Main --dex --num-threads=4 --output E:\Working\Android Projects\Week2\NYTArticleSearch\app\build\intermediates\pre-dexed\debug\picasso-2.5.2_6a81bcf86bc24d536d87f409dd781caec5c26f5f.jar C:\Users\carot\.gradle\caches\modules-2\files-2.1\com.squareup.picasso\picasso\2.5.2\7446d06ec8d4f7ffcc53f1da37c95f200dcb9387\picasso-2.5.2.jar
Launcher Type: SUN_STANDARD

Environment Variables:
JAVA_HOME=C:\Program Files\Java\jdk1.7.0_79
PATH=c:\Program Files (x86)\Intel\iCLS Client\;c:\Program Files\Intel\iCLS Client\;C:\windows\system32;C:\windows;C:\windows\System32\Wbem;C:\windows\System32\WindowsPowerShell\v1.0\;C:\Program Files\Intel\Intel(R) Management Engine Components\DAL;C:\Program Files\Intel\Intel(R) Management Engine Components\IPT;C:\Program Files (x86)\Intel\Intel(R) Management Engine Components\DAL;C:\Program Files (x86)\Intel\Intel(R) Management Engine Components\IPT;C:\Program Files\doxygen\bin;C:\Program Files (x86)\Skype\Phone\;C:\Program Files (x86)\nodejs\;C:\Program Files\Microsoft SQL Server\Client SDK\ODBC\110\Tools\Binn\;C:\Program Files (x86)\Microsoft SQL Server\120\Tools\Binn\;C:\Program Files\Microsoft SQL Server\120\Tools\Binn\;C:\Program Files\Microsoft SQL Server\120\DTS\Binn\;C:\Program Files\Microsoft SQL Server\110\Tools\Binn\;C:\Users\carot\.dnx\bin;C:\Program Files\Microsoft DNX\Dnvm\
USERNAME=carot
OS=Windows_NT
PROCESSOR_IDENTIFIER=Intel64 Family 6 Model 60 Stepping 3, GenuineIntel



---------------  S Y S T E M  ---------------

OS: Windows 8.1 , 64 bit Build 9600 

CPU:total 8 (4 cores per cpu, 2 threads per core) family 6 model 60 stepping 3, cmov, cx8, fxsr, mmx, sse, sse2, sse3, ssse3, sse4.1, sse4.2, popcnt, avx, avx2, aes, erms, ht, tsc, tscinvbit

Memory: 4k page, physical 8292700k(1812088k free), swap 12487004k(5132k free)

vm_info: Java HotSpot(TM) 64-Bit Server VM (24.79-b02) for windows-amd64 JRE (1.7.0_79-b15), built on Apr 10 2015 12:36:16 by "java_re" with unknown MS VC++:1600

time: Mon Mar 21 11:09:44 2016
elapsed time: 0 seconds

