#
# There is insufficient memory for the Java Runtime Environment to continue.
# Native memory allocation (malloc) failed to allocate 861216 bytes for Chunk::new
# Possible reasons:
#   The system is out of physical RAM or swap space
#   In 32 bit mode, the process size limit was hit
# Possible solutions:
#   Reduce memory load on the system
#   Increase physical memory or swap space
#   Check if swap backing store is full
#   Use 64 bit Java on a 64 bit OS
#   Decrease Java heap size (-Xmx/-Xms)
#   Decrease number of Java threads
#   Decrease Java thread stack sizes (-Xss)
#   Set larger code cache with -XX:ReservedCodeCacheSize=
# This output file may be truncated or incomplete.
#
#  Out of Memory Error (allocation.cpp:390), pid=33536, tid=7576
#
# JRE version: Java(TM) SE Runtime Environment (8.0_73-b02) (build 1.8.0_73-b02)
# Java VM: Java HotSpot(TM) 64-Bit Server VM (25.73-b02 mixed mode windows-amd64 compressed oops)
# Failed to write core dump. Minidumps are not enabled by default on client versions of Windows
#

---------------  T H R E A D  ---------------

Current thread (0x0000000016f36800):  JavaThread "C2 CompilerThread0" daemon [_thread_in_native, id=7576, stack(0x00000000174c0000,0x00000000175c0000)]

Stack: [0x00000000174c0000,0x00000000175c0000]
[error occurred during error reporting (printing stack bounds), id 0xc0000005]

Native frames: (J=compiled Java code, j=interpreted, Vv=VM code, C=native code)


Current CompileTask:
C2:   1156 1220       4       com.android.dx.ssa.SCCP::simulateStmt (481 bytes)


---------------  P R O C E S S  ---------------

Java Threads: ( => current thread )
  0x00000000171f0000 JavaThread "pool-1-thread-4" [_thread_in_vm, id=27752, stack(0x0000000017ec0000,0x0000000017fc0000)]
  0x00000000171ef800 JavaThread "pool-1-thread-3" [_thread_in_Java, id=33560, stack(0x0000000017dc0000,0x0000000017ec0000)]
  0x00000000171bc000 JavaThread "pool-1-thread-2" [_thread_blocked, id=19152, stack(0x0000000017cc0000,0x0000000017dc0000)]
  0x00000000171bf800 JavaThread "pool-2-thread-1" [_thread_blocked, id=10444, stack(0x0000000017bc0000,0x0000000017cc0000)]
  0x00000000171b9000 JavaThread "pool-1-thread-1" [_thread_in_Java, id=15000, stack(0x0000000017ac0000,0x0000000017bc0000)]
  0x0000000016fd2800 JavaThread "Service Thread" daemon [_thread_blocked, id=29448, stack(0x00000000178c0000,0x00000000179c0000)]
  0x0000000016f65800 JavaThread "C1 CompilerThread3" daemon [_thread_in_native, id=24948, stack(0x00000000177c0000,0x00000000178c0000)]
  0x0000000016f43000 JavaThread "C2 CompilerThread2" daemon [_thread_in_native, id=6752, stack(0x00000000176c0000,0x00000000177c0000)]
  0x0000000016f3c800 JavaThread "C2 CompilerThread1" daemon [_thread_in_native, id=25228, stack(0x00000000175c0000,0x00000000176c0000)]
=>0x0000000016f36800 JavaThread "C2 CompilerThread0" daemon [_thread_in_native, id=7576, stack(0x00000000174c0000,0x00000000175c0000)]
  0x0000000016f32800 JavaThread "Attach Listener" daemon [_thread_blocked, id=5868, stack(0x00000000173c0000,0x00000000174c0000)]
  0x0000000016f31800 JavaThread "Signal Dispatcher" daemon [_thread_blocked, id=11588, stack(0x00000000172c0000,0x00000000173c0000)]
  0x00000000021ea000 JavaThread "Finalizer" daemon [_thread_blocked, id=4284, stack(0x0000000016c00000,0x0000000016d00000)]
  0x00000000021e3000 JavaThread "Reference Handler" daemon [_thread_blocked, id=33156, stack(0x0000000016b00000,0x0000000016c00000)]
  0x00000000020ed800 JavaThread "main" [_thread_in_Java, id=18952, stack(0x0000000001fb0000,0x00000000020b0000)]

Other Threads:
  0x0000000014d09800 VMThread [stack: 0x0000000016a00000,0x0000000016b00000] [id=31188]
  0x0000000017037000 WatcherThread [stack: 0x00000000179c0000,0x0000000017ac0000] [id=7260]

VM state:not at safepoint (normal execution)

VM Mutex/Monitor currently owned by a thread: None

Heap:
 PSYoungGen      total 38400K, used 14018K [0x00000000eab00000, 0x00000000ef600000, 0x0000000100000000)
  eden space 33280K, 26% used [0x00000000eab00000,0x00000000eb3b6a50,0x00000000ecb80000)
  from space 5120K, 99% used [0x00000000ecb80000,0x00000000ed079db8,0x00000000ed080000)
  to   space 5120K, 0% used [0x00000000ef100000,0x00000000ef100000,0x00000000ef600000)
 ParOldGen       total 87552K, used 2425K [0x00000000c0000000, 0x00000000c5580000, 0x00000000eab00000)
  object space 87552K, 2% used [0x00000000c0000000,0x00000000c025e428,0x00000000c5580000)
 Metaspace       used 6014K, capacity 7024K, committed 7296K, reserved 1056768K
  class space    used 596K, capacity 616K, committed 640K, reserved 1048576K

Card table byte_map: [0x00000000115b0000,0x00000000117c0000] byte_map_base: 0x0000000010fb0000

Marking Bits: (ParMarkBitMap*) 0x0000000069df0600
 Begin Bits: [0x0000000012120000, 0x0000000013120000)
 End Bits:   [0x0000000013120000, 0x0000000014120000)

Polling page: 0x0000000000620000

CodeCache: size=245760Kb used=5467Kb max_used=5467Kb free=240292Kb
 bounds [0x00000000021f0000, 0x0000000002750000, 0x00000000111f0000]
 total_blobs=1580 nmethods=1311 adapters=182
 compilation: enabled

Compilation events (10 events):
Event: 1.152 Thread 0x0000000016f65800 nmethod 1320 0x0000000002742fd0 code [0x0000000002743120, 0x00000000027432f0]
Event: 1.153 Thread 0x0000000016f65800 1321       3       com.android.dx.ssa.back.SsaToRop::convertToRopMethod (13 bytes)
Event: 1.153 Thread 0x0000000016f65800 nmethod 1321 0x0000000002743390 code [0x0000000002743520, 0x00000000027437f8]
Event: 1.153 Thread 0x0000000016f65800 1322       3       com.android.dx.ssa.back.SsaToRop::<init> (23 bytes)
Event: 1.153 Thread 0x0000000016f65800 nmethod 1322 0x0000000002743950 code [0x0000000002743ac0, 0x0000000002743ce8]
Event: 1.153 Thread 0x0000000016f65800 1324       3       com.android.dx.ssa.back.FirstFitLocalCombiningAllocator::<init> (141 bytes)
Event: 1.154 Thread 0x0000000016f65800 nmethod 1324 0x0000000002743dd0 code [0x0000000002744080, 0x0000000002745368]
Event: 1.154 Thread 0x0000000016f65800 1325       3       com.android.dx.ssa.back.FirstFitLocalCombiningAllocator$1::<init> (10 bytes)
Event: 1.155 Thread 0x0000000016f65800 nmethod 1325 0x0000000002745e10 code [0x0000000002745f60, 0x0000000002746130]
Event: 1.155 Thread 0x0000000016f65800 1326       3       com.android.dx.ssa.back.FirstFitLocalCombiningAllocator::handleLocalAssociatedParams (132 bytes)

GC Heap History (2 events):
Event: 0.870 GC heap before
{Heap before GC invocations=1 (full 0):
 PSYoungGen      total 38400K, used 33280K [0x00000000eab00000, 0x00000000ed580000, 0x0000000100000000)
  eden space 33280K, 100% used [0x00000000eab00000,0x00000000ecb80000,0x00000000ecb80000)
  from space 5120K, 0% used [0x00000000ed080000,0x00000000ed080000,0x00000000ed580000)
  to   space 5120K, 0% used [0x00000000ecb80000,0x00000000ecb80000,0x00000000ed080000)
 ParOldGen       total 87552K, used 0K [0x00000000c0000000, 0x00000000c5580000, 0x00000000eab00000)
  object space 87552K, 0% used [0x00000000c0000000,0x00000000c0000000,0x00000000c5580000)
 Metaspace       used 5955K, capacity 6960K, committed 7040K, reserved 1056768K
  class space    used 596K, capacity 616K, committed 640K, reserved 1048576K
Event: 1.063 GC heap after
Heap after GC invocations=1 (full 0):
 PSYoungGen      total 38400K, used 5095K [0x00000000eab00000, 0x00000000ef600000, 0x0000000100000000)
  eden space 33280K, 0% used [0x00000000eab00000,0x00000000eab00000,0x00000000ecb80000)
  from space 5120K, 99% used [0x00000000ecb80000,0x00000000ed079db8,0x00000000ed080000)
  to   space 5120K, 0% used [0x00000000ef100000,0x00000000ef100000,0x00000000ef600000)
 ParOldGen       total 87552K, used 2425K [0x00000000c0000000, 0x00000000c5580000, 0x00000000eab00000)
  object space 87552K, 2% used [0x00000000c0000000,0x00000000c025e428,0x00000000c5580000)
 Metaspace       used 5955K, capacity 6960K, committed 7040K, reserved 1056768K
  class space    used 596K, capacity 616K, committed 640K, reserved 1048576K
}

Deoptimization events (10 events):
Event: 0.558 Thread 0x00000000171ef800 Uncommon trap: reason=unstable_if action=reinterpret pc=0x00000000024e6250 method=java.util.HashMap.putVal(ILjava/lang/Object;Ljava/lang/Object;ZZ)Ljava/lang/Object; @ 193
Event: 0.562 Thread 0x00000000171ef800 Uncommon trap: reason=null_check action=make_not_entrant pc=0x00000000024d15e4 method=com.android.dx.ssa.SsaRenamer.getLocalForNewReg(I)Lcom/android/dx/rop/code/LocalItem; @ 19
Event: 0.562 Thread 0x00000000171ef800 Uncommon trap: reason=null_check action=make_not_entrant pc=0x00000000024c3180 method=com.android.dx.ssa.SsaRenamer.getLocalForNewReg(I)Lcom/android/dx/rop/code/LocalItem; @ 19
Event: 0.784 Thread 0x00000000171b9000 Uncommon trap: reason=unstable_if action=reinterpret pc=0x00000000024840dc method=com.android.dx.rop.cst.Constant.compareTo(Lcom/android/dx/rop/cst/Constant;)I @ 12
Event: 0.801 Thread 0x00000000020ed800 Uncommon trap: reason=bimorphic action=maybe_recompile pc=0x000000000255a3d4 method=java.util.HashMap.getNode(ILjava/lang/Object;)Ljava/util/HashMap$Node; @ 126
Event: 1.123 Thread 0x00000000020ed800 Uncommon trap: reason=unstable_if action=reinterpret pc=0x00000000024caeac method=com.android.dx.rop.code.RegisterSpecSet.put(Lcom/android/dx/rop/code/RegisterSpec;)V @ 77
Event: 1.123 Thread 0x00000000020ed800 Uncommon trap: reason=unstable_if action=reinterpret pc=0x00000000025732ec method=com.android.dx.rop.code.RegisterSpecSet.put(Lcom/android/dx/rop/code/RegisterSpec;)V @ 77
Event: 1.124 Thread 0x00000000020ed800 Uncommon trap: reason=bimorphic action=maybe_recompile pc=0x000000000255a3d4 method=java.util.HashMap.getNode(ILjava/lang/Object;)Ljava/util/HashMap$Node; @ 126
Event: 1.124 Thread 0x00000000020ed800 Uncommon trap: reason=bimorphic action=maybe_recompile pc=0x000000000255a3d4 method=java.util.HashMap.getNode(ILjava/lang/Object;)Ljava/util/HashMap$Node; @ 126
Event: 1.124 Thread 0x00000000020ed800 Uncommon trap: reason=bimorphic action=maybe_recompile pc=0x000000000255a3d4 method=java.util.HashMap.getNode(ILjava/lang/Object;)Ljava/util/HashMap$Node; @ 126

Internal exceptions (4 events):
Event: 0.030 Thread 0x00000000020ed800 Exception <a 'java/lang/NoSuchMethodError': Method sun.misc.Unsafe.defineClass(Ljava/lang/String;[BII)Ljava/lang/Class; name or signature does not match> (0x00000000eab12ee0) thrown at [D:\re\puppet\workspace\8-2-build-windows-amd64-cygwin\jdk8u73\6086\hot	u{½ïÃž?
Event: 0.030 Thread 0x00000000020ed800 Exception <a 'java/lang/NoSuchMethodError': Method sun.misc.Unsafe.prefetchRead(Ljava/lang/Object;J)V name or signature does not match> (0x00000000eab131c8) thrown at [D:\re\puppet\workspace\8-2-build-windows-amd64-cygwin\jdk8u73\6086\hotspot\src\share\vm\‘€z¡©ùá?
Event: 0.562 Thread 0x00000000171ef800 Implicit null exception at 0x00000000024cfbd7 to 0x00000000024d159d
Event: 0.562 Thread 0x00000000171ef800 Implicit null exception at 0x00000000024c1809 to 0x00000000024c315d

Events (10 events):
Event: 1.123 Thread 0x00000000020ed800 DEOPT UNPACKING pc=0x000000000223582a sp=0x00000000020ae1a0 mode 2
Event: 1.124 Thread 0x00000000020ed800 Uncommon trap: trap_request=0xffffffc6 fr.pc=0x000000000255a3d4
Event: 1.124 Thread 0x00000000020ed800 DEOPT PACKING pc=0x000000000255a3d4 sp=0x00000000020ae2b0
Event: 1.124 Thread 0x00000000020ed800 DEOPT UNPACKING pc=0x000000000223582a sp=0x00000000020ae230 mode 2
Event: 1.124 Thread 0x00000000020ed800 Uncommon trap: trap_request=0xffffffc6 fr.pc=0x000000000255a3d4
Event: 1.124 Thread 0x00000000020ed800 DEOPT PACKING pc=0x000000000255a3d4 sp=0x00000000020ae2b0
Event: 1.124 Thread 0x00000000020ed800 DEOPT UNPACKING pc=0x000000000223582a sp=0x00000000020ae230 mode 2
Event: 1.124 Thread 0x00000000020ed800 Uncommon trap: trap_request=0xffffffc6 fr.pc=0x000000000255a3d4
Event: 1.124 Thread 0x00000000020ed800 DEOPT PACKING pc=0x000000000255a3d4 sp=0x00000000020ae2b0
Event: 1.124 Thread 0x00000000020ed800 DEOPT UNPACKING pc=0x000000000223582a sp=0x00000000020ae230 mode 2


Dynamic libraries:
0x00007ff7525a0000 - 0x00007ff7525d7000 	C:\Program Files\Java\jdk1.8.0_73\bin\java.exe
0x00007ff89bd70000 - 0x00007ff89bf1c000 	C:\windows\SYSTEM32\ntdll.dll
0x00007ff8993f0000 - 0x00007ff89952e000 	C:\windows\system32\KERNEL32.DLL
0x00007ff8992d0000 - 0x00007ff8993e5000 	C:\windows\system32\KERNELBASE.dll
0x00007ff8978f0000 - 0x00007ff89797e000 	C:\windows\system32\apphelp.dll
0x00007ff880fd0000 - 0x00007ff881023000 	C:\windows\AppPatch\AppPatch64\AcGenral.DLL
0x00007ff89b5d0000 - 0x00007ff89b67a000 	C:\windows\system32\msvcrt.dll
0x00007ff898c90000 - 0x00007ff898cbe000 	C:\windows\SYSTEM32\SspiCli.dll
0x00007ff89b900000 - 0x00007ff89b954000 	C:\windows\system32\SHLWAPI.dll
0x00007ff89b960000 - 0x00007ff89bad7000 	C:\windows\system32\USER32.dll
0x00007ff89b140000 - 0x00007ff89b2d4000 	C:\windows\system32\ole32.dll
0x00007ff899970000 - 0x00007ff89ae9b000 	C:\windows\system32\SHELL32.dll
0x00007ff898460000 - 0x00007ff898481000 	C:\windows\SYSTEM32\USERENV.dll
0x00007ff89b4c0000 - 0x00007ff89b56a000 	C:\windows\system32\ADVAPI32.dll
0x00007ff88deb0000 - 0x00007ff88dece000 	C:\windows\SYSTEM32\MPR.dll
0x00007ff899820000 - 0x00007ff899961000 	C:\windows\system32\RPCRT4.dll
0x00007ff89bd10000 - 0x00007ff89bd69000 	C:\windows\SYSTEM32\sechost.dll
0x00007ff899530000 - 0x00007ff899741000 	C:\windows\SYSTEM32\combase.dll
0x00007ff89bae0000 - 0x00007ff89bc2f000 	C:\windows\system32\GDI32.dll
0x00007ff898ec0000 - 0x00007ff898ed5000 	C:\windows\SYSTEM32\profapi.dll
0x00007ff8972c0000 - 0x00007ff897372000 	C:\windows\SYSTEM32\SHCORE.dll
0x00007ff89af80000 - 0x00007ff89afb6000 	C:\windows\system32\IMM32.DLL
0x00007ff89afd0000 - 0x00007ff89b122000 	C:\windows\system32\MSCTF.dll
0x00007ff896730000 - 0x00007ff8969ab000 	C:\windows\WinSxS\amd64_microsoft.windows.common-controls_6595b64144ccf1df_6.0.9600.18006_none_623f33d3ecbe86e8\COMCTL32.dll
0x0000000069140000 - 0x0000000069212000 	C:\Program Files\Java\jdk1.8.0_73\jre\bin\msvcr100.dll
0x00000000695e0000 - 0x0000000069e70000 	C:\Program Files\Java\jdk1.8.0_73\jre\bin\server\jvm.dll
0x00007ff893b10000 - 0x00007ff893b19000 	C:\windows\SYSTEM32\WSOCK32.dll
0x00007ff896c20000 - 0x00007ff896c42000 	C:\windows\SYSTEM32\WINMM.dll
0x00007ff8982c0000 - 0x00007ff8982ca000 	C:\windows\SYSTEM32\VERSION.dll
0x00007ff89b130000 - 0x00007ff89b137000 	C:\windows\system32\PSAPI.DLL
0x00007ff89b570000 - 0x00007ff89b5ca000 	C:\windows\system32\WS2_32.dll
0x00007ff8969b0000 - 0x00007ff8969da000 	C:\windows\SYSTEM32\WINMMBASE.dll
0x00007ff899810000 - 0x00007ff899819000 	C:\windows\system32\NSI.dll
0x00007ff898f90000 - 0x00007ff898fdf000 	C:\windows\SYSTEM32\cfgmgr32.dll
0x00007ff897ba0000 - 0x00007ff897bc8000 	C:\windows\SYSTEM32\DEVOBJ.dll
0x0000000069f70000 - 0x0000000069f7f000 	C:\Program Files\Java\jdk1.8.0_73\jre\bin\verify.dll
0x0000000069f40000 - 0x0000000069f69000 	C:\Program Files\Java\jdk1.8.0_73\jre\bin\java.dll
0x0000000069f20000 - 0x0000000069f36000 	C:\Program Files\Java\jdk1.8.0_73\jre\bin\zip.dll

VM Arguments:
jvm_args: -Djava.awt.headless=true -Xmx1024M -Dfile.encoding=windows-1258 -Duser.country=US -Duser.language=en -Duser.variant 
java_command: com.android.dx.command.Main --dex --num-threads=4 --output E:\Working\Android Projects\Week2\NYTArticleSearch\app\build\intermediates\pre-dexed\debug\com.android.support-recyclerview-v7-23.1.1_36a83fb18d558404bd8975b03c9839b44f181029.jar E:\Working\Android Projects\Week2\NYTArticleSearch\app\build\intermediates\exploded-aar\com.android.support\recyclerview-v7\23.1.1\jars\classes.jar
java_class_path (initial): E:\ProgramDataAndroid\sdk\build-tools\23.0.0\lib\dx.jar
Launcher Type: SUN_STANDARD

Environment Variables:
JAVA_HOME=C:\Program Files\Java\jdk1.8.0_73
PATH=C:\ProgramData\Oracle\Java\javapath;c:\Program Files (x86)\Intel\iCLS Client\;c:\Program Files\Intel\iCLS Client\;C:\windows\system32;C:\windows;C:\windows\System32\Wbem;C:\windows\System32\WindowsPowerShell\v1.0\;C:\Program Files\Intel\Intel(R) Management Engine Components\DAL;C:\Program Files\Intel\Intel(R) Management Engine Components\IPT;C:\Program Files (x86)\Intel\Intel(R) Management Engine Components\DAL;C:\Program Files (x86)\Intel\Intel(R) Management Engine Components\IPT;C:\Program Files\doxygen\bin;C:\Program Files (x86)\Skype\Phone\;C:\Program Files (x86)\nodejs\;C:\Program Files\Microsoft SQL Server\Client SDK\ODBC\110\Tools\Binn\;C:\Program Files (x86)\Microsoft SQL Server\120\Tools\Binn\;C:\Program Files\Microsoft SQL Server\120\Tools\Binn\;C:\Program Files\Microsoft SQL Server\120\DTS\Binn\;C:\Program Files\Microsoft SQL Server\110\Tools\Binn\;C:\windows\system32\config\systemprofile\.dnx\bin;C:\Program Files\Microsoft DNX\Dnvm\
USERNAME=carot
OS=Windows_NT
PROCESSOR_IDENTIFIER=Intel64 Family 6 Model 60 Stepping 3, GenuineIntel



---------------  S Y S T E M  ---------------

OS: Windows 8.1 , 64 bit Build 9600 (6.3.9600.17415)

CPU:total 8 (4 cores per cpu, 2 threads per core) family 6 model 60 stepping 3, cmov, cx8, fxsr, mmx, sse, sse2, sse3, ssse3, sse4.1, sse4.2, popcnt, avx, avx2, aes, clmul, erms, rtm, lzcnt, ht, tsc, tscinvbit, bmi1, bmi2

Memory: 4k page, physical 8292700k(1015420k free), swap 12487004k(5432k free)

vm_info: Java HotSpot(TM) 64-Bit Server VM (25.73-b02) for windows-amd64 JRE (1.8.0_73-b02), built on Jan 29 2016 17:38:49 by "java_re" with MS VC++ 10.0 (VS2010)

time: Mon Mar 21 11:00:23 2016
elapsed time: 1 seconds (0d 0h 0m 1s)

