#
# There is insufficient memory for the Java Runtime Environment to continue.
# Native memory allocation (malloc) failed to allocate 2275216 bytes for Chunk::new
# Possible reasons:
#   The system is out of physical RAM or swap space
#   In 32 bit mode, the process size limit was hit
# Possible solutions:
#   Reduce memory load on the system
#   Increase physical memory or swap space
#   Check if swap backing store is full
#   Use 64 bit Java on a 64 bit OS
#   Decrease Java heap size (-Xmx/-Xms)
#   Decrease number of Java threads
#   Decrease Java thread stack sizes (-Xss)
#   Set larger code cache with -XX:ReservedCodeCacheSize=
# This output file may be truncated or incomplete.
#
#  Out of Memory Error (allocation.cpp:323), pid=18296, tid=16196
#
# JRE version: Java(TM) SE Runtime Environment (7.0_79-b15) (build 1.7.0_79-b15)
# Java VM: Java HotSpot(TM) 64-Bit Server VM (24.79-b02 mixed mode windows-amd64 compressed oops)
# Failed to write core dump. Minidumps are not enabled by default on client versions of Windows
#

---------------  T H R E A D  ---------------

Current thread (0x000000000ae1b000):  JavaThread "C2 CompilerThread1" daemon [_thread_in_native, id=16196, stack(0x000000000b4f0000,0x000000000b5f0000)]

Stack: [0x000000000b4f0000,0x000000000b5f0000]

Current CompileTask:
C2:   2840  207             com.android.dx.ssa.SCCP::run (298 bytes)


---------------  P R O C E S S  ---------------

Java Threads: ( => current thread )
  0x000000000b0e3000 JavaThread "pool-1-thread-4" [_thread_in_Java, id=21436, stack(0x000000000bbf0000,0x000000000bcf0000)]
  0x000000000af39800 JavaThread "pool-1-thread-3" [_thread_in_Java, id=6604, stack(0x000000000baf0000,0x000000000bbf0000)]
  0x000000000af38800 JavaThread "pool-1-thread-2" [_thread_in_Java, id=8756, stack(0x000000000b9f0000,0x000000000baf0000)]
  0x000000000afa1000 JavaThread "pool-2-thread-1" [_thread_blocked, id=21816, stack(0x000000000b8f0000,0x000000000b9f0000)]
  0x000000000af09000 JavaThread "pool-1-thread-1" [_thread_in_Java, id=25604, stack(0x000000000b7f0000,0x000000000b8f0000)]
  0x000000000ae1c000 JavaThread "Service Thread" daemon [_thread_blocked, id=14088, stack(0x000000000b5f0000,0x000000000b6f0000)]
=>0x000000000ae1b000 JavaThread "C2 CompilerThread1" daemon [_thread_in_native, id=16196, stack(0x000000000b4f0000,0x000000000b5f0000)]
  0x0000000002bee000 JavaThread "C2 CompilerThread0" daemon [_thread_in_native, id=30604, stack(0x000000000b3f0000,0x000000000b4f0000)]
  0x0000000002bed000 JavaThread "Attach Listener" daemon [_thread_blocked, id=26144, stack(0x000000000b2f0000,0x000000000b3f0000)]
  0x0000000002bec000 JavaThread "Signal Dispatcher" daemon [_thread_blocked, id=5296, stack(0x000000000b1f0000,0x000000000b2f0000)]
  0x0000000008e30800 JavaThread "Finalizer" daemon [_thread_blocked, id=32096, stack(0x000000000acf0000,0x000000000adf0000)]
  0x0000000008e29000 JavaThread "Reference Handler" daemon [_thread_blocked, id=10200, stack(0x000000000abf0000,0x000000000acf0000)]
  0x00000000029ed800 JavaThread "main" [_thread_in_Java, id=9736, stack(0x00000000029f0000,0x0000000002af0000)]

Other Threads:
  0x0000000008e24000 VMThread [stack: 0x000000000aaf0000,0x000000000abf0000] [id=17580]
  0x000000000ae28000 WatcherThread [stack: 0x000000000b6f0000,0x000000000b7f0000] [id=12292]

VM state:not at safepoint (normal execution)

VM Mutex/Monitor currently owned by a thread: None

Heap
 PSYoungGen      total 38400K, used 24141K [0x00000000eaa80000, 0x00000000ef580000, 0x0000000100000000)
  eden space 33280K, 57% used [0x00000000eaa80000,0x00000000ebd18b70,0x00000000ecb00000)
  from space 5120K, 99% used [0x00000000ecb00000,0x00000000ecffaab8,0x00000000ed000000)
  to   space 5120K, 0% used [0x00000000ef080000,0x00000000ef080000,0x00000000ef580000)
 ParOldGen       total 86016K, used 1696K [0x00000000c0000000, 0x00000000c5400000, 0x00000000eaa80000)
  object space 86016K, 1% used [0x00000000c0000000,0x00000000c01a81e8,0x00000000c5400000)
 PSPermGen       total 21504K, used 5909K [0x00000000bae00000, 0x00000000bc300000, 0x00000000c0000000)
  object space 21504K, 27% used [0x00000000bae00000,0x00000000bb3c5cd8,0x00000000bc300000)

Card table byte_map: [0x0000000005bf0000,0x0000000005e20000] byte_map_base: 0x0000000005619000

Polling page: 0x00000000010e0000

Code Cache  [0x0000000002bf0000, 0x0000000002e60000, 0x0000000005bf0000)
 total_blobs=484 nmethods=247 adapters=189 free_code_cache=48144Kb largest_free_block=49276864

Compilation events (10 events):
Event: 2.830 Thread 0x0000000002bee000 nmethod 243 0x0000000002cd3c90 code [0x0000000002cd3de0, 0x0000000002cd3e78]
Event: 2.830 Thread 0x0000000002bee000  244             com.android.dx.dex.code.CodeAddress::<init> (7 bytes)
Event: 2.831 Thread 0x0000000002bee000 nmethod 244 0x0000000002cd39d0 code [0x0000000002cd3b20, 0x0000000002cd3bb8]
Event: 2.831 Thread 0x0000000002bee000  245             com.android.dx.rop.cst.Constant::compareTo (9 bytes)
Event: 2.832 Thread 0x0000000002bee000 nmethod 245 0x0000000002cd5190 code [0x0000000002cd5300, 0x0000000002cd5538]
Event: 2.832 Thread 0x0000000002bee000  246             com.android.dx.util.LabeledList::set (45 bytes)
Event: 2.834 Thread 0x0000000002bee000 nmethod 246 0x0000000002cd4750 code [0x0000000002cd48c0, 0x0000000002cd4b18]
Event: 2.834 Thread 0x0000000002bee000  247             com.android.dx.cf.code.Frame::getStack (5 bytes)
Event: 2.834 Thread 0x0000000002bee000 nmethod 247 0x0000000002ccc290 code [0x0000000002ccc3c0, 0x0000000002ccc418]
Event: 2.834 Thread 0x0000000002bee000  248   !         com.android.dx.cf.code.Ropper::processBlock (1101 bytes)

GC Heap History (2 events):
Event: 2.480 GC heap before
{Heap before GC invocations=1 (full 0):
 PSYoungGen      total 38400K, used 33280K [0x00000000eaa80000, 0x00000000ed500000, 0x0000000100000000)
  eden space 33280K, 100% used [0x00000000eaa80000,0x00000000ecb00000,0x00000000ecb00000)
  from space 5120K, 0% used [0x00000000ed000000,0x00000000ed000000,0x00000000ed500000)
  to   space 5120K, 0% used [0x00000000ecb00000,0x00000000ecb00000,0x00000000ed000000)
 ParOldGen       total 86016K, used 0K [0x00000000c0000000, 0x00000000c5400000, 0x00000000eaa80000)
  object space 86016K, 0% used [0x00000000c0000000,0x00000000c0000000,0x00000000c5400000)
 PSPermGen       total 21504K, used 5872K [0x00000000bae00000, 0x00000000bc300000, 0x00000000c0000000)
  object space 21504K, 27% used [0x00000000bae00000,0x00000000bb3bc000,0x00000000bc300000)
Event: 2.644 GC heap after
Heap after GC invocations=1 (full 0):
 PSYoungGen      total 38400K, used 5098K [0x00000000eaa80000, 0x00000000ef580000, 0x0000000100000000)
  eden space 33280K, 0% used [0x00000000eaa80000,0x00000000eaa80000,0x00000000ecb00000)
  from space 5120K, 99% used [0x00000000ecb00000,0x00000000ecffaab8,0x00000000ed000000)
  to   space 5120K, 0% used [0x00000000ef080000,0x00000000ef080000,0x00000000ef580000)
 ParOldGen       total 86016K, used 1696K [0x00000000c0000000, 0x00000000c5400000, 0x00000000eaa80000)
  object space 86016K, 1% used [0x00000000c0000000,0x00000000c01a81e8,0x00000000c5400000)
 PSPermGen       total 21504K, used 5872K [0x00000000bae00000, 0x00000000bc300000, 0x00000000c0000000)
  object space 21504K, 27% used [0x00000000bae00000,0x00000000bb3bc000,0x00000000bc300000)
}

Deoptimization events (10 events):
Event: 2.096 Thread 0x000000000b0e3000 Uncommon trap: reason=bimorphic action=maybe_recompile pc=0x0000000002c83b0c method=com.android.dx.ssa.NormalSsaInsn.accept(Lcom/android/dx/ssa/SsaInsn$Visitor;)V @ 9
Event: 2.096 Thread 0x000000000b0e3000 Uncommon trap: reason=bimorphic action=maybe_recompile pc=0x0000000002c83b0c method=com.android.dx.ssa.NormalSsaInsn.accept(Lcom/android/dx/ssa/SsaInsn$Visitor;)V @ 9
Event: 2.096 Thread 0x000000000b0e3000 Uncommon trap: reason=bimorphic action=maybe_recompile pc=0x0000000002c83b0c method=com.android.dx.ssa.NormalSsaInsn.accept(Lcom/android/dx/ssa/SsaInsn$Visitor;)V @ 9
Event: 2.097 Thread 0x000000000b0e3000 Uncommon trap: reason=bimorphic action=maybe_recompile pc=0x0000000002c83b0c method=com.android.dx.ssa.NormalSsaInsn.accept(Lcom/android/dx/ssa/SsaInsn$Visitor;)V @ 9
Event: 2.097 Thread 0x000000000b0e3000 Uncommon trap: reason=class_check action=maybe_recompile pc=0x0000000002c68fb4 method=com.android.dx.ssa.NormalSsaInsn.accept(Lcom/android/dx/ssa/SsaInsn$Visitor;)V @ 9
Event: 2.097 Thread 0x000000000b0e3000 Uncommon trap: reason=class_check action=maybe_recompile pc=0x0000000002c68fb4 method=com.android.dx.ssa.NormalSsaInsn.accept(Lcom/android/dx/ssa/SsaInsn$Visitor;)V @ 9
Event: 2.700 Thread 0x000000000af39800 Uncommon trap: reason=bimorphic action=maybe_recompile pc=0x0000000002cd77b4 method=com.android.dx.ssa.SCCP.simulatePhi(Lcom/android/dx/ssa/PhiInsn;)V @ 124
Event: 2.701 Thread 0x000000000af39800 Uncommon trap: reason=bimorphic action=maybe_recompile pc=0x0000000002cd77b4 method=com.android.dx.ssa.SCCP.simulatePhi(Lcom/android/dx/ssa/PhiInsn;)V @ 124
Event: 2.724 Thread 0x00000000029ed800 Uncommon trap: reason=class_check action=maybe_recompile pc=0x0000000002ca24ec method=java.util.HashMap.put(Ljava/lang/Object;Ljava/lang/Object;)Ljava/lang/Object; @ 83
Event: 2.808 Thread 0x000000000af38800 Uncommon trap: reason=class_check action=maybe_recompile pc=0x0000000002ca24ec method=java.util.HashMap.put(Ljava/lang/Object;Ljava/lang/Object;)Ljava/lang/Object; @ 83

Internal exceptions (10 events):
Event: 1.488 Thread 0x000000000af09000 Threw 0x00000000eb117850 at C:\re\jdk7u79\2331\hotspot\src\share\vm\prims\jvm.cpp:1304
Event: 1.491 Thread 0x000000000af38800 Threw 0x00000000eb04a470 at C:\re\jdk7u79\2331\hotspot\src\share\vm\prims\jvm.cpp:1304
Event: 1.495 Thread 0x000000000af09000 Threw 0x00000000eb126488 at C:\re\jdk7u79\2331\hotspot\src\share\vm\prims\jvm.cpp:1304
Event: 1.508 Thread 0x000000000b0e3000 Threw 0x00000000eb2caad0 at C:\re\jdk7u79\2331\hotspot\src\share\vm\prims\jvm.cpp:1304
Event: 1.517 Thread 0x00000000029ed800 Threw 0x00000000eaf0b928 at C:\re\jdk7u79\2331\hotspot\src\share\vm\prims\jvm.cpp:1304
Event: 1.518 Thread 0x00000000029ed800 Threw 0x00000000eb6871e0 at C:\re\jdk7u79\2331\hotspot\src\share\vm\prims\jvm.cpp:1304
Event: 1.519 Thread 0x00000000029ed800 Threw 0x00000000eb6893c8 at C:\re\jdk7u79\2331\hotspot\src\share\vm\prims\jvm.cpp:1304
Event: 1.599 Thread 0x000000000af39800 Threw 0x00000000eb77bdb0 at C:\re\jdk7u79\2331\hotspot\src\share\vm\prims\jvm.cpp:1304
Event: 1.603 Thread 0x00000000029ed800 Threw 0x00000000eb6ed490 at C:\re\jdk7u79\2331\hotspot\src\share\vm\prims\jvm.cpp:1304
Event: 1.603 Thread 0x00000000029ed800 Threw 0x00000000eb6ef7f8 at C:\re\jdk7u79\2331\hotspot\src\share\vm\prims\jvm.cpp:1304

Events (10 events):
Event: 2.701 Thread 0x000000000af39800 DEOPT UNPACKING pc=0x0000000002c275a4 sp=0x000000000bbeeb88 mode 2
Event: 2.701 Thread 0x000000000af39800 Uncommon trap: trap_request=0xffffffc6 fr.pc=0x0000000002cd77b4
Event: 2.701 Thread 0x000000000af39800 DEOPT PACKING pc=0x0000000002cd77b4 sp=0x000000000bbeec40
Event: 2.701 Thread 0x000000000af39800 DEOPT UNPACKING pc=0x0000000002c275a4 sp=0x000000000bbeeb88 mode 2
Event: 2.724 Thread 0x00000000029ed800 Uncommon trap: trap_request=0xffffffde fr.pc=0x0000000002ca24ec
Event: 2.724 Thread 0x00000000029ed800 DEOPT PACKING pc=0x0000000002ca24ec sp=0x0000000002aee2e0
Event: 2.724 Thread 0x00000000029ed800 DEOPT UNPACKING pc=0x0000000002c275a4 sp=0x0000000002aee288 mode 2
Event: 2.808 Thread 0x000000000af38800 Uncommon trap: trap_request=0xffffffde fr.pc=0x0000000002ca24ec
Event: 2.808 Thread 0x000000000af38800 DEOPT PACKING pc=0x0000000002ca24ec sp=0x000000000baeee80
Event: 2.808 Thread 0x000000000af38800 DEOPT UNPACKING pc=0x0000000002c275a4 sp=0x000000000baeee28 mode 2


Dynamic libraries:
0x00007ff78a9e0000 - 0x00007ff78aa13000 	C:\Program Files\Java\jdk1.7.0_79\bin\java.exe
0x00007ff89bd70000 - 0x00007ff89bf1c000 	C:\windows\SYSTEM32\ntdll.dll
0x00007ff8993f0000 - 0x00007ff89952e000 	C:\windows\system32\KERNEL32.DLL
0x00007ff8992d0000 - 0x00007ff8993e5000 	C:\windows\system32\KERNELBASE.dll
0x00007ff8978f0000 - 0x00007ff89797e000 	C:\windows\system32\apphelp.dll
0x00007ff872e00000 - 0x00007ff872e53000 	C:\windows\AppPatch\AppPatch64\AcGenral.DLL
0x00007ff89b5d0000 - 0x00007ff89b67a000 	C:\windows\system32\msvcrt.dll
0x00007ff898c90000 - 0x00007ff898cbe000 	C:\windows\SYSTEM32\SspiCli.dll
0x00007ff89b900000 - 0x00007ff89b954000 	C:\windows\system32\SHLWAPI.dll
0x00007ff89b960000 - 0x00007ff89bad7000 	C:\windows\system32\USER32.dll
0x00007ff89b140000 - 0x00007ff89b2d4000 	C:\windows\system32\ole32.dll
0x00007ff899970000 - 0x00007ff89ae9b000 	C:\windows\system32\SHELL32.dll
0x00007ff898460000 - 0x00007ff898481000 	C:\windows\SYSTEM32\USERENV.dll
0x00007ff89b4c0000 - 0x00007ff89b56a000 	C:\windows\system32\ADVAPI32.dll
0x00007ff88deb0000 - 0x00007ff88dece000 	C:\windows\SYSTEM32\MPR.dll
0x00007ff899820000 - 0x00007ff899961000 	C:\windows\system32\RPCRT4.dll
0x00007ff89bd10000 - 0x00007ff89bd69000 	C:\windows\SYSTEM32\sechost.dll
0x00007ff899530000 - 0x00007ff899741000 	C:\windows\SYSTEM32\combase.dll
0x00007ff89bae0000 - 0x00007ff89bc2f000 	C:\windows\system32\GDI32.dll
0x00007ff898ec0000 - 0x00007ff898ed5000 	C:\windows\SYSTEM32\profapi.dll
0x00007ff8972c0000 - 0x00007ff897372000 	C:\windows\SYSTEM32\SHCORE.dll
0x00007ff89af80000 - 0x00007ff89afb6000 	C:\windows\system32\IMM32.DLL
0x00007ff89afd0000 - 0x00007ff89b122000 	C:\windows\system32\MSCTF.dll
0x00007ff896730000 - 0x00007ff8969ab000 	C:\windows\WinSxS\amd64_microsoft.windows.common-controls_6595b64144ccf1df_6.0.9600.18006_none_623f33d3ecbe86e8\COMCTL32.dll
0x0000000069170000 - 0x0000000069242000 	C:\Program Files\Java\jdk1.7.0_79\jre\bin\msvcr100.dll
0x0000000069690000 - 0x0000000069e65000 	C:\Program Files\Java\jdk1.7.0_79\jre\bin\server\jvm.dll
0x00007ff893b10000 - 0x00007ff893b19000 	C:\windows\SYSTEM32\WSOCK32.dll
0x00007ff896c20000 - 0x00007ff896c42000 	C:\windows\SYSTEM32\WINMM.dll
0x00007ff89b130000 - 0x00007ff89b137000 	C:\windows\system32\PSAPI.DLL
0x00007ff89b570000 - 0x00007ff89b5ca000 	C:\windows\system32\WS2_32.dll
0x00007ff8969b0000 - 0x00007ff8969da000 	C:\windows\SYSTEM32\WINMMBASE.dll
0x00007ff899810000 - 0x00007ff899819000 	C:\windows\system32\NSI.dll
0x00007ff898f90000 - 0x00007ff898fdf000 	C:\windows\SYSTEM32\cfgmgr32.dll
0x00007ff897ba0000 - 0x00007ff897bc8000 	C:\windows\SYSTEM32\DEVOBJ.dll
0x0000000069f70000 - 0x0000000069f7f000 	C:\Program Files\Java\jdk1.7.0_79\jre\bin\verify.dll
0x0000000069f40000 - 0x0000000069f68000 	C:\Program Files\Java\jdk1.7.0_79\jre\bin\java.dll
0x0000000069f20000 - 0x0000000069f35000 	C:\Program Files\Java\jdk1.7.0_79\jre\bin\zip.dll
0x0000000069f00000 - 0x0000000069f1a000 	C:\Program Files\Java\jdk1.7.0_79\jre\bin\net.dll
0x00007ff898760000 - 0x00007ff8987b9000 	C:\windows\system32\mswsock.dll
0x0000000069ee0000 - 0x0000000069ef1000 	C:\Program Files\Java\jdk1.7.0_79\jre\bin\nio.dll

VM Arguments:
jvm_args: -Djava.awt.headless=true -Xmx1024M -Dfile.encoding=windows-1258 -Duser.country=US -Duser.language=en -Duser.variant 
java_command: com.android.dx.command.Main --dex --num-threads=4 --output E:\Working\Android Projects\Week2\NYTArticleSearch\app\build\intermediates\pre-dexed\debug\picasso-2.5.2_6a81bcf86bc24d536d87f409dd781caec5c26f5f.jar C:\Users\carot\.gradle\caches\modules-2\files-2.1\com.squareup.picasso\picasso\2.5.2\7446d06ec8d4f7ffcc53f1da37c95f200dcb9387\picasso-2.5.2.jar
Launcher Type: SUN_STANDARD

Environment Variables:
JAVA_HOME=C:\Program Files\Java\jdk1.7.0_79
PATH=c:\Program Files (x86)\Intel\iCLS Client\;c:\Program Files\Intel\iCLS Client\;C:\windows\system32;C:\windows;C:\windows\System32\Wbem;C:\windows\System32\WindowsPowerShell\v1.0\;C:\Program Files\Intel\Intel(R) Management Engine Components\DAL;C:\Program Files\Intel\Intel(R) Management Engine Components\IPT;C:\Program Files (x86)\Intel\Intel(R) Management Engine Components\DAL;C:\Program Files (x86)\Intel\Intel(R) Management Engine Components\IPT;C:\Program Files\doxygen\bin;C:\Program Files (x86)\Skype\Phone\;C:\Program Files (x86)\nodejs\;C:\Program Files\Microsoft SQL Server\Client SDK\ODBC\110\Tools\Binn\;C:\Program Files (x86)\Microsoft SQL Server\120\Tools\Binn\;C:\Program Files\Microsoft SQL Server\120\Tools\Binn\;C:\Program Files\Microsoft SQL Server\120\DTS\Binn\;C:\Program Files\Microsoft SQL Server\110\Tools\Binn\;C:\Users\carot\.dnx\bin;C:\Program Files\Microsoft DNX\Dnvm\
USERNAME=carot
OS=Windows_NT
PROCESSOR_IDENTIFIER=Intel64 Family 6 Model 60 Stepping 3, GenuineIntel



---------------  S Y S T E M  ---------------

OS: Windows 8.1 , 64 bit Build 9600 

CPU:total 8 (4 cores per cpu, 2 threads per core) family 6 model 60 stepping 3, cmov, cx8, fxsr, mmx, sse, sse2, sse3, ssse3, sse4.1, sse4.2, popcnt, avx, avx2, aes, erms, ht, tsc, tscinvbit

Memory: 4k page, physical 8292700k(1568840k free), swap 12487004k(10320k free)

vm_info: Java HotSpot(TM) 64-Bit Server VM (24.79-b02) for windows-amd64 JRE (1.7.0_79-b15), built on Apr 10 2015 12:36:16 by "java_re" with unknown MS VC++:1600

time: Mon Mar 21 11:16:38 2016
elapsed time: 2 seconds

