#
# There is insufficient memory for the Java Runtime Environment to continue.
# Native memory allocation (malloc) failed to allocate 761856 bytes for Chunk::new
# Possible reasons:
#   The system is out of physical RAM or swap space
#   In 32 bit mode, the process size limit was hit
# Possible solutions:
#   Reduce memory load on the system
#   Increase physical memory or swap space
#   Check if swap backing store is full
#   Use 64 bit Java on a 64 bit OS
#   Decrease Java heap size (-Xmx/-Xms)
#   Decrease number of Java threads
#   Decrease Java thread stack sizes (-Xss)
#   Set larger code cache with -XX:ReservedCodeCacheSize=
# This output file may be truncated or incomplete.
#
#  Out of Memory Error (allocation.cpp:323), pid=17680, tid=23864
#
# JRE version: Java(TM) SE Runtime Environment (7.0_79-b15) (build 1.7.0_79-b15)
# Java VM: Java HotSpot(TM) 64-Bit Server VM (24.79-b02 mixed mode windows-amd64 compressed oops)
# Failed to write core dump. Minidumps are not enabled by default on client versions of Windows
#

---------------  T H R E A D  ---------------

Current thread (0x000000000262d800):  JavaThread "C2 CompilerThread0" daemon [_thread_in_native, id=23864, stack(0x000000000af60000,0x000000000b060000)]

Stack: [0x000000000af60000,0x000000000b060000]

Current CompileTask:
C2:   1807  232             com.android.dx.ssa.SCCP::simulateBlock (54 bytes)


---------------  P R O C E S S  ---------------

Java Threads: ( => current thread )
  0x000000000ab87000 JavaThread "pool-1-thread-4" [_thread_in_vm, id=31252, stack(0x000000000b760000,0x000000000b860000)]
  0x000000000aa7e800 JavaThread "pool-2-thread-1" [_thread_blocked, id=20512, stack(0x000000000b460000,0x000000000b560000)]
  0x000000000abd2000 JavaThread "pool-1-thread-1" [_thread_in_Java, id=12468, stack(0x000000000b360000,0x000000000b460000)]
  0x0000000002627000 JavaThread "Service Thread" daemon [_thread_blocked, id=21152, stack(0x000000000b160000,0x000000000b260000)]
  0x0000000002624800 JavaThread "C2 CompilerThread1" daemon [_thread_in_native, id=25048, stack(0x000000000b060000,0x000000000b160000)]
=>0x000000000262d800 JavaThread "C2 CompilerThread0" daemon [_thread_in_native, id=23864, stack(0x000000000af60000,0x000000000b060000)]
  0x000000000262c800 JavaThread "Attach Listener" daemon [_thread_blocked, id=22852, stack(0x000000000ae60000,0x000000000af60000)]
  0x000000000262b800 JavaThread "Signal Dispatcher" daemon [_thread_blocked, id=18000, stack(0x000000000ad60000,0x000000000ae60000)]
  0x000000000897f800 JavaThread "Finalizer" daemon [_thread_blocked, id=5344, stack(0x000000000a840000,0x000000000a940000)]
  0x0000000008979000 JavaThread "Reference Handler" daemon [_thread_blocked, id=11828, stack(0x000000000a740000,0x000000000a840000)]
  0x00000000023ed800 JavaThread "main" [_thread_blocked, id=26168, stack(0x0000000002430000,0x0000000002530000)]

Other Threads:
  0x0000000008974000 VMThread [stack: 0x000000000a640000,0x000000000a740000] [id=14184]
  0x000000000a9a0000 WatcherThread [stack: 0x000000000b260000,0x000000000b360000] [id=32716]

VM state:not at safepoint (normal execution)

VM Mutex/Monitor currently owned by a thread: None

Heap
 PSYoungGen      total 38400K, used 35066K [0x00000000eaa80000, 0x00000000ef580000, 0x0000000100000000)
  eden space 33280K, 90% used [0x00000000eaa80000,0x00000000ec7c06e8,0x00000000ecb00000)
  from space 5120K, 99% used [0x00000000ecb00000,0x00000000ecffe180,0x00000000ed000000)
  to   space 5120K, 0% used [0x00000000ef080000,0x00000000ef080000,0x00000000ef580000)
 ParOldGen       total 86016K, used 1712K [0x00000000c0000000, 0x00000000c5400000, 0x00000000eaa80000)
  object space 86016K, 1% used [0x00000000c0000000,0x00000000c01ac0a8,0x00000000c5400000)
 PSPermGen       total 21504K, used 5942K [0x00000000bae00000, 0x00000000bc300000, 0x00000000c0000000)
  object space 21504K, 27% used [0x00000000bae00000,0x00000000bb3cda80,0x00000000bc300000)

Card table byte_map: [0x00000000056f0000,0x0000000005920000] byte_map_base: 0x0000000005119000

Polling page: 0x00000000023a0000

Code Cache  [0x0000000002630000, 0x00000000028a0000, 0x0000000005630000)
 total_blobs=470 nmethods=233 adapters=189 free_code_cache=48198Kb largest_free_block=49333504

Compilation events (10 events):
Event: 1.763 Thread 0x000000000262d800 nmethod 227 0x0000000002721d90 code [0x0000000002721ee0, 0x0000000002722098]
Event: 1.763 Thread 0x000000000262d800  228             java.util.HashMap$Entry::<init> (26 bytes)
Event: 1.763 Thread 0x000000000262d800 nmethod 228 0x00000000026f1f50 code [0x00000000026f2080, 0x00000000026f20f8]
Event: 1.763 Thread 0x000000000262d800  229             java.util.HashMap::createEntry (39 bytes)
Event: 1.764 Thread 0x000000000262d800 nmethod 229 0x000000000271d810 code [0x000000000271d960, 0x000000000271daf8]
Event: 1.764 Thread 0x000000000262d800  230             com.android.dx.ssa.SsaRenamer::access$000 (5 bytes)
Event: 1.765 Thread 0x000000000262d800 nmethod 230 0x0000000002719690 code [0x00000000027197c0, 0x0000000002719818]
Event: 1.765 Thread 0x000000000262d800  231             com.android.dx.rop.type.Type::equals (31 bytes)
Event: 1.765 Thread 0x000000000262d800 nmethod 231 0x000000000271d490 code [0x000000000271d5e0, 0x000000000271d758]
Event: 1.765 Thread 0x000000000262d800  232             com.android.dx.ssa.SCCP::simulateBlock (54 bytes)

GC Heap History (2 events):
Event: 0.812 GC heap before
{Heap before GC invocations=1 (full 0):
 PSYoungGen      total 38400K, used 33280K [0x00000000eaa80000, 0x00000000ed500000, 0x0000000100000000)
  eden space 33280K, 100% used [0x00000000eaa80000,0x00000000ecb00000,0x00000000ecb00000)
  from space 5120K, 0% used [0x00000000ed000000,0x00000000ed000000,0x00000000ed500000)
  to   space 5120K, 0% used [0x00000000ecb00000,0x00000000ecb00000,0x00000000ed000000)
 ParOldGen       total 86016K, used 0K [0x00000000c0000000, 0x00000000c5400000, 0x00000000eaa80000)
  object space 86016K, 0% used [0x00000000c0000000,0x00000000c0000000,0x00000000c5400000)
 PSPermGen       total 21504K, used 5868K [0x00000000bae00000, 0x00000000bc300000, 0x00000000c0000000)
  object space 21504K, 27% used [0x00000000bae00000,0x00000000bb3bb140,0x00000000bc300000)
Event: 0.883 GC heap after
Heap after GC invocations=1 (full 0):
 PSYoungGen      total 38400K, used 5112K [0x00000000eaa80000, 0x00000000ef580000, 0x0000000100000000)
  eden space 33280K, 0% used [0x00000000eaa80000,0x00000000eaa80000,0x00000000ecb00000)
  from space 5120K, 99% used [0x00000000ecb00000,0x00000000ecffe180,0x00000000ed000000)
  to   space 5120K, 0% used [0x00000000ef080000,0x00000000ef080000,0x00000000ef580000)
 ParOldGen       total 86016K, used 1712K [0x00000000c0000000, 0x00000000c5400000, 0x00000000eaa80000)
  object space 86016K, 1% used [0x00000000c0000000,0x00000000c01ac0a8,0x00000000c5400000)
 PSPermGen       total 21504K, used 5868K [0x00000000bae00000, 0x00000000bc300000, 0x00000000c0000000)
  object space 21504K, 27% used [0x00000000bae00000,0x00000000bb3bb140,0x00000000bc300000)
}

Deoptimization events (10 events):
Event: 0.351 Thread 0x000000000aaf1800 Uncommon trap: reason=null_check action=make_not_entrant pc=0x00000000026ae58c method=com.android.dx.rop.code.LocalItem.equals(Ljava/lang/Object;)Z @ 1
Event: 0.354 Thread 0x00000000023ed800 Uncommon trap: reason=class_check action=maybe_recompile pc=0x00000000026a9318 method=com.android.dx.ssa.NormalSsaInsn.accept(Lcom/android/dx/ssa/SsaInsn$Visitor;)V @ 9
Event: 0.355 Thread 0x00000000023ed800 Uncommon trap: reason=class_check action=maybe_recompile pc=0x00000000026a9318 method=com.android.dx.ssa.NormalSsaInsn.accept(Lcom/android/dx/ssa/SsaInsn$Visitor;)V @ 9
Event: 0.355 Thread 0x00000000023ed800 Uncommon trap: reason=class_check action=maybe_recompile pc=0x00000000026a9318 method=com.android.dx.ssa.NormalSsaInsn.accept(Lcom/android/dx/ssa/SsaInsn$Visitor;)V @ 9
Event: 0.359 Thread 0x00000000023ed800 Uncommon trap: reason=class_check action=maybe_recompile pc=0x00000000026a9318 method=com.android.dx.ssa.NormalSsaInsn.accept(Lcom/android/dx/ssa/SsaInsn$Visitor;)V @ 9
Event: 0.499 Thread 0x000000000ab87000 Uncommon trap: reason=unreached action=reinterpret pc=0x00000000026b2944 method=com.android.dx.rop.cst.Constant.compareTo(Lcom/android/dx/rop/cst/Constant;)I @ 12
Event: 0.529 Thread 0x000000000aaf1800 Uncommon trap: reason=null_check action=make_not_entrant pc=0x00000000026c6794 method=com.android.dx.rop.type.Type.equals(Ljava/lang/Object;)Z @ 8
Event: 0.625 Thread 0x000000000aaf1800 Uncommon trap: reason=null_check action=make_not_entrant pc=0x00000000026b6aac method=com.android.dx.ssa.SsaRenamer.getLocalForNewReg(I)Lcom/android/dx/rop/code/LocalItem; @ 19
Event: 0.625 Thread 0x000000000aaf1800 Uncommon trap: reason=null_check action=make_not_entrant pc=0x00000000026c2458 method=com.android.dx.ssa.SsaRenamer.getLocalForNewReg(I)Lcom/android/dx/rop/code/LocalItem; @ 19
Event: 0.913 Thread 0x000000000aaf1800 Uncommon trap: reason=unreached action=reinterpret pc=0x00000000026ea854 method=com.android.dx.ssa.LocalVariableExtractor.processBlock(I)V @ 251

Internal exceptions (10 events):
Event: 0.315 Thread 0x000000000ab87000 Threw 0x00000000eb58e008 at C:\re\jdk7u79\2331\hotspot\src\share\vm\prims\jvm.cpp:1304
Event: 0.351 Thread 0x000000000aaf1800 Implicit null exception at 0x00000000026ae195 to 0x00000000026ae579
Event: 0.358 Thread 0x000000000aa45800 Threw 0x00000000eb8811b0 at C:\re\jdk7u79\2331\hotspot\src\share\vm\prims\jvm.cpp:1304
Event: 0.529 Thread 0x000000000aaf1800 Implicit null exception at 0x00000000026c6692 to 0x00000000026c6785
Event: 0.625 Thread 0x000000000aaf1800 Implicit null exception at 0x00000000026b5fa6 to 0x00000000026b6a91
Event: 0.625 Thread 0x000000000aaf1800 Implicit null exception at 0x00000000026c1a56 to 0x00000000026c243d
Event: 0.648 Thread 0x00000000023ed800 Threw 0x00000000ec8983d0 at C:\re\jdk7u79\2331\hotspot\src\share\vm\prims\jvm.cpp:1304
Event: 0.649 Thread 0x00000000023ed800 Threw 0x00000000ec8a21d0 at C:\re\jdk7u79\2331\hotspot\src\share\vm\prims\jvm.cpp:1304
Event: 0.649 Thread 0x00000000023ed800 Threw 0x00000000ec8a44b8 at C:\re\jdk7u79\2331\hotspot\src\share\vm\prims\jvm.cpp:1304
Event: 0.917 Thread 0x000000000aaf1800 Threw 0x00000000eaf65900 at C:\re\jdk7u79\2331\hotspot\src\share\vm\prims\jvm.cpp:1304

Events (10 events):
Event: 0.913 Thread 0x000000000aaf1800 DEOPT PACKING pc=0x00000000026ea854 sp=0x000000000b65eea0
Event: 0.913 Thread 0x000000000aaf1800 DEOPT UNPACKING pc=0x00000000026675a4 sp=0x000000000b65ee20 mode 2
Event: 0.917 loading class 0x000000000ab2ecd0
Event: 0.917 loading class 0x000000000ab2ecd0 done
Event: 1.353 loading class 0x00000000025b34e0
Event: 1.353 loading class 0x00000000025b34e0 done
Event: 1.353 loading class 0x00000000025b34b0
Event: 1.354 loading class 0x00000000025b34b0 done
Event: 1.715 Thread 0x000000000aa45800 Thread exited: 0x000000000aa45800
Event: 1.746 Thread 0x000000000aaf1800 Thread exited: 0x000000000aaf1800


Dynamic libraries:
0x00007ff78a9e0000 - 0x00007ff78aa13000 	C:\Program Files\Java\jdk1.7.0_79\bin\java.exe
0x00007ff89bd70000 - 0x00007ff89bf1c000 	C:\windows\SYSTEM32\ntdll.dll
0x00007ff8993f0000 - 0x00007ff89952e000 	C:\windows\system32\KERNEL32.DLL
0x00007ff8992d0000 - 0x00007ff8993e5000 	C:\windows\system32\KERNELBASE.dll
0x00007ff8978f0000 - 0x00007ff89797e000 	C:\windows\system32\apphelp.dll
0x00007ff872e00000 - 0x00007ff872e53000 	C:\windows\AppPatch\AppPatch64\AcGenral.DLL
0x00007ff89b5d0000 - 0x00007ff89b67a000 	C:\windows\system32\msvcrt.dll
0x00007ff898c90000 - 0x00007ff898cbe000 	C:\windows\SYSTEM32\SspiCli.dll
0x00007ff89b900000 - 0x00007ff89b954000 	C:\windows\system32\SHLWAPI.dll
0x00007ff89b960000 - 0x00007ff89bad7000 	C:\windows\system32\USER32.dll
0x00007ff89b140000 - 0x00007ff89b2d4000 	C:\windows\system32\ole32.dll
0x00007ff899970000 - 0x00007ff89ae9b000 	C:\windows\system32\SHELL32.dll
0x00007ff898460000 - 0x00007ff898481000 	C:\windows\SYSTEM32\USERENV.dll
0x00007ff89b4c0000 - 0x00007ff89b56a000 	C:\windows\system32\ADVAPI32.dll
0x00007ff88deb0000 - 0x00007ff88dece000 	C:\windows\SYSTEM32\MPR.dll
0x00007ff899820000 - 0x00007ff899961000 	C:\windows\system32\RPCRT4.dll
0x00007ff89bd10000 - 0x00007ff89bd69000 	C:\windows\SYSTEM32\sechost.dll
0x00007ff899530000 - 0x00007ff899741000 	C:\windows\SYSTEM32\combase.dll
0x00007ff89bae0000 - 0x00007ff89bc2f000 	C:\windows\system32\GDI32.dll
0x00007ff898ec0000 - 0x00007ff898ed5000 	C:\windows\SYSTEM32\profapi.dll
0x00007ff8972c0000 - 0x00007ff897372000 	C:\windows\SYSTEM32\SHCORE.dll
0x00007ff89af80000 - 0x00007ff89afb6000 	C:\windows\system32\IMM32.DLL
0x00007ff89afd0000 - 0x00007ff89b122000 	C:\windows\system32\MSCTF.dll
0x00007ff896730000 - 0x00007ff8969ab000 	C:\windows\WinSxS\amd64_microsoft.windows.common-controls_6595b64144ccf1df_6.0.9600.18006_none_623f33d3ecbe86e8\COMCTL32.dll
0x0000000069170000 - 0x0000000069242000 	C:\Program Files\Java\jdk1.7.0_79\jre\bin\msvcr100.dll
0x0000000069690000 - 0x0000000069e65000 	C:\Program Files\Java\jdk1.7.0_79\jre\bin\server\jvm.dll
0x00007ff893b10000 - 0x00007ff893b19000 	C:\windows\SYSTEM32\WSOCK32.dll
0x00007ff896c20000 - 0x00007ff896c42000 	C:\windows\SYSTEM32\WINMM.dll
0x00007ff89b130000 - 0x00007ff89b137000 	C:\windows\system32\PSAPI.DLL
0x00007ff89b570000 - 0x00007ff89b5ca000 	C:\windows\system32\WS2_32.dll
0x00007ff8969b0000 - 0x00007ff8969da000 	C:\windows\SYSTEM32\WINMMBASE.dll
0x00007ff899810000 - 0x00007ff899819000 	C:\windows\system32\NSI.dll
0x00007ff898f90000 - 0x00007ff898fdf000 	C:\windows\SYSTEM32\cfgmgr32.dll
0x00007ff897ba0000 - 0x00007ff897bc8000 	C:\windows\SYSTEM32\DEVOBJ.dll
0x0000000069f70000 - 0x0000000069f7f000 	C:\Program Files\Java\jdk1.7.0_79\jre\bin\verify.dll
0x0000000069f40000 - 0x0000000069f68000 	C:\Program Files\Java\jdk1.7.0_79\jre\bin\java.dll
0x0000000069f20000 - 0x0000000069f35000 	C:\Program Files\Java\jdk1.7.0_79\jre\bin\zip.dll
0x0000000069f00000 - 0x0000000069f1a000 	C:\Program Files\Java\jdk1.7.0_79\jre\bin\net.dll
0x00007ff898760000 - 0x00007ff8987b9000 	C:\windows\system32\mswsock.dll
0x0000000069ee0000 - 0x0000000069ef1000 	C:\Program Files\Java\jdk1.7.0_79\jre\bin\nio.dll

VM Arguments:
jvm_args: -Djava.awt.headless=true -Xmx1024M -Dfile.encoding=windows-1258 -Duser.country=US -Duser.language=en -Duser.variant 
java_command: com.android.dx.command.Main --dex --num-threads=4 --output E:\Working\Android Projects\Week2\NYTArticleSearch\app\build\intermediates\pre-dexed\debug\android-async-http-1.4.9_87b1216d1f4dfd57297ad102a0224102a914129e.jar C:\Users\carot\.gradle\caches\modules-2\files-2.1\com.loopj.android\android-async-http\1.4.9\386a4339ffe52d5d63e80f9bed8d2b1d1a418249\android-async-http-1.4.9.jar
Launcher Type: SUN_STANDARD

Environment Variables:
JAVA_HOME=C:\Program Files\Java\jdk1.7.0_79
PATH=c:\Program Files (x86)\Intel\iCLS Client\;c:\Program Files\Intel\iCLS Client\;C:\windows\system32;C:\windows;C:\windows\System32\Wbem;C:\windows\System32\WindowsPowerShell\v1.0\;C:\Program Files\Intel\Intel(R) Management Engine Components\DAL;C:\Program Files\Intel\Intel(R) Management Engine Components\IPT;C:\Program Files (x86)\Intel\Intel(R) Management Engine Components\DAL;C:\Program Files (x86)\Intel\Intel(R) Management Engine Components\IPT;C:\Program Files\doxygen\bin;C:\Program Files (x86)\Skype\Phone\;C:\Program Files (x86)\nodejs\;C:\Program Files\Microsoft SQL Server\Client SDK\ODBC\110\Tools\Binn\;C:\Program Files (x86)\Microsoft SQL Server\120\Tools\Binn\;C:\Program Files\Microsoft SQL Server\120\Tools\Binn\;C:\Program Files\Microsoft SQL Server\120\DTS\Binn\;C:\Program Files\Microsoft SQL Server\110\Tools\Binn\;C:\Users\carot\.dnx\bin;C:\Program Files\Microsoft DNX\Dnvm\
USERNAME=carot
OS=Windows_NT
PROCESSOR_IDENTIFIER=Intel64 Family 6 Model 60 Stepping 3, GenuineIntel



---------------  S Y S T E M  ---------------

OS: Windows 8.1 , 64 bit Build 9600 

CPU:total 8 (4 cores per cpu, 2 threads per core) family 6 model 60 stepping 3, cmov, cx8, fxsr, mmx, sse, sse2, sse3, ssse3, sse4.1, sse4.2, popcnt, avx, avx2, aes, erms, ht, tsc, tscinvbit

Memory: 4k page, physical 8292700k(1818000k free), swap 12487004k(5084k free)

vm_info: Java HotSpot(TM) 64-Bit Server VM (24.79-b02) for windows-amd64 JRE (1.7.0_79-b15), built on Apr 10 2015 12:36:16 by "java_re" with unknown MS VC++:1600

time: Mon Mar 21 11:39:34 2016
elapsed time: 1 seconds

