#
# There is insufficient memory for the Java Runtime Environment to continue.
# Native memory allocation (malloc) failed to allocate 1048576 bytes for AllocateHeap
# Possible reasons:
#   The system is out of physical RAM or swap space
#   In 32 bit mode, the process size limit was hit
# Possible solutions:
#   Reduce memory load on the system
#   Increase physical memory or swap space
#   Check if swap backing store is full
#   Use 64 bit Java on a 64 bit OS
#   Decrease Java heap size (-Xmx/-Xms)
#   Decrease number of Java threads
#   Decrease Java thread stack sizes (-Xss)
#   Set larger code cache with -XX:ReservedCodeCacheSize=
# This output file may be truncated or incomplete.
#
#  Out of Memory Error (memory/allocation.inline.hpp:61), pid=8360, tid=13168
#
# JRE version:  (7.0_79-b15) (build )
# Java VM: Java HotSpot(TM) 64-Bit Server VM (24.79-b02 mixed mode windows-amd64 compressed oops)
# Failed to write core dump. Minidumps are not enabled by default on client versions of Windows
#

---------------  T H R E A D  ---------------

Current thread (0x000000000064d800):  JavaThread "Unknown thread" [_thread_in_vm, id=13168, stack(0x0000000001d90000,0x0000000001e90000)]

Stack: [0x0000000001d90000,0x0000000001e90000]

---------------  P R O C E S S  ---------------

Java Threads: ( => current thread )

Other Threads:

=>0x000000000064d800 (exited) JavaThread "Unknown thread" [_thread_in_vm, id=13168, stack(0x0000000001d90000,0x0000000001e90000)]

VM state:not at safepoint (normal execution)

VM Mutex/Monitor currently owned by a thread: None

Heap
 PSYoungGen      total 38400K, used 665K [0x00000000eaa80000, 0x00000000ed500000, 0x0000000100000000)
  eden space 33280K, 2% used [0x00000000eaa80000,0x00000000eab266b8,0x00000000ecb00000)
  from space 5120K, 0% used [0x00000000ed000000,0x00000000ed000000,0x00000000ed500000)
  to   space 5120K, 0% used [0x00000000ecb00000,0x00000000ecb00000,0x00000000ed000000)
 ParOldGen       total 86016K, used 0K [0x00000000c0000000, 0x00000000c5400000, 0x00000000eaa80000)
  object space 86016K, 0% used [0x00000000c0000000,0x00000000c0000000,0x00000000c5400000)
 PSPermGen       total 21504K, used 697K [0x00000000bae00000, 0x00000000bc300000, 0x00000000c0000000)
  object space 21504K, 3% used [0x00000000bae00000,0x00000000baeae588,0x00000000bc300000)

Card table byte_map: [0x0000000005110000,0x0000000005340000] byte_map_base: 0x0000000004b39000

Polling page: 0x0000000000560000

Code Cache  [0x0000000002050000, 0x00000000022c0000, 0x0000000005050000)
 total_blobs=38 nmethods=0 adapters=20 free_code_cache=48889Kb largest_free_block=50062528

Compilation events (0 events):
No events

GC Heap History (0 events):
No events

Deoptimization events (0 events):
No events

Internal exceptions (0 events):
No events

Events (10 events):
Event: 0.017 loading class 0x0000000001f9fdb0
Event: 0.017 loading class 0x0000000001f9fdb0 done
Event: 0.017 loading class 0x0000000001f9fe00
Event: 0.017 loading class 0x0000000001f9fe00 done
Event: 0.017 loading class 0x0000000001f9fe50
Event: 0.017 loading class 0x0000000001f9fe50 done
Event: 0.017 loading class 0x0000000001fa0bd0
Event: 0.017 loading class 0x0000000001fa0bd0 done
Event: 0.017 loading class 0x0000000001fa07f0
Event: 0.017 loading class 0x0000000001fa07f0 done


Dynamic libraries:
0x00007ff78a9e0000 - 0x00007ff78aa13000 	C:\Program Files\Java\jdk1.7.0_79\bin\java.exe
0x00007ff89bd70000 - 0x00007ff89bf1c000 	C:\windows\SYSTEM32\ntdll.dll
0x00007ff8993f0000 - 0x00007ff89952e000 	C:\windows\system32\KERNEL32.DLL
0x00007ff8992d0000 - 0x00007ff8993e5000 	C:\windows\system32\KERNELBASE.dll
0x00007ff8978f0000 - 0x00007ff89797e000 	C:\windows\system32\apphelp.dll
0x00007ff872e00000 - 0x00007ff872e53000 	C:\windows\AppPatch\AppPatch64\AcGenral.DLL
0x00007ff89b5d0000 - 0x00007ff89b67a000 	C:\windows\system32\msvcrt.dll
0x00007ff898c90000 - 0x00007ff898cbe000 	C:\windows\SYSTEM32\SspiCli.dll
0x00007ff89b900000 - 0x00007ff89b954000 	C:\windows\system32\SHLWAPI.dll
0x00007ff89b960000 - 0x00007ff89bad7000 	C:\windows\system32\USER32.dll
0x00007ff89b140000 - 0x00007ff89b2d4000 	C:\windows\system32\ole32.dll
0x00007ff899970000 - 0x00007ff89ae9b000 	C:\windows\system32\SHELL32.dll
0x00007ff898460000 - 0x00007ff898481000 	C:\windows\SYSTEM32\USERENV.dll
0x00007ff89b4c0000 - 0x00007ff89b56a000 	C:\windows\system32\ADVAPI32.dll
0x00007ff88deb0000 - 0x00007ff88dece000 	C:\windows\SYSTEM32\MPR.dll
0x00007ff899820000 - 0x00007ff899961000 	C:\windows\system32\RPCRT4.dll
0x00007ff89bd10000 - 0x00007ff89bd69000 	C:\windows\SYSTEM32\sechost.dll
0x00007ff899530000 - 0x00007ff899741000 	C:\windows\SYSTEM32\combase.dll
0x00007ff89bae0000 - 0x00007ff89bc2f000 	C:\windows\system32\GDI32.dll
0x00007ff898ec0000 - 0x00007ff898ed5000 	C:\windows\SYSTEM32\profapi.dll
0x00007ff8972c0000 - 0x00007ff897372000 	C:\windows\SYSTEM32\SHCORE.dll
0x00007ff89af80000 - 0x00007ff89afb6000 	C:\windows\system32\IMM32.DLL
0x00007ff89afd0000 - 0x00007ff89b122000 	C:\windows\system32\MSCTF.dll
0x00007ff896730000 - 0x00007ff8969ab000 	C:\windows\WinSxS\amd64_microsoft.windows.common-controls_6595b64144ccf1df_6.0.9600.18006_none_623f33d3ecbe86e8\COMCTL32.dll
0x0000000069170000 - 0x0000000069242000 	C:\Program Files\Java\jdk1.7.0_79\jre\bin\msvcr100.dll
0x0000000069690000 - 0x0000000069e65000 	C:\Program Files\Java\jdk1.7.0_79\jre\bin\server\jvm.dll
0x00007ff893b10000 - 0x00007ff893b19000 	C:\windows\SYSTEM32\WSOCK32.dll
0x00007ff896c20000 - 0x00007ff896c42000 	C:\windows\SYSTEM32\WINMM.dll
0x00007ff89b130000 - 0x00007ff89b137000 	C:\windows\system32\PSAPI.DLL
0x00007ff89b570000 - 0x00007ff89b5ca000 	C:\windows\system32\WS2_32.dll
0x00007ff8969b0000 - 0x00007ff8969da000 	C:\windows\SYSTEM32\WINMMBASE.dll
0x00007ff899810000 - 0x00007ff899819000 	C:\windows\system32\NSI.dll
0x00007ff898f90000 - 0x00007ff898fdf000 	C:\windows\SYSTEM32\cfgmgr32.dll
0x00007ff897ba0000 - 0x00007ff897bc8000 	C:\windows\SYSTEM32\DEVOBJ.dll
0x0000000069f70000 - 0x0000000069f7f000 	C:\Program Files\Java\jdk1.7.0_79\jre\bin\verify.dll
0x0000000069f40000 - 0x0000000069f68000 	C:\Program Files\Java\jdk1.7.0_79\jre\bin\java.dll
0x0000000069f20000 - 0x0000000069f35000 	C:\Program Files\Java\jdk1.7.0_79\jre\bin\zip.dll

VM Arguments:
jvm_args: -Djava.awt.headless=true -Xmx1024M -Dfile.encoding=windows-1258 -Duser.country=US -Duser.language=en -Duser.variant 
java_command: com.android.dx.command.Main --dex --num-threads=4 --output E:\Working\Android Projects\Week2\NYTArticleSearch\app\build\intermediates\pre-dexed\debug\picasso-2.5.2_6a81bcf86bc24d536d87f409dd781caec5c26f5f.jar C:\Users\carot\.gradle\caches\modules-2\files-2.1\com.squareup.picasso\picasso\2.5.2\7446d06ec8d4f7ffcc53f1da37c95f200dcb9387\picasso-2.5.2.jar
Launcher Type: SUN_STANDARD

Environment Variables:
JAVA_HOME=C:\Program Files\Java\jdk1.7.0_79
PATH=c:\Program Files (x86)\Intel\iCLS Client\;c:\Program Files\Intel\iCLS Client\;C:\windows\system32;C:\windows;C:\windows\System32\Wbem;C:\windows\System32\WindowsPowerShell\v1.0\;C:\Program Files\Intel\Intel(R) Management Engine Components\DAL;C:\Program Files\Intel\Intel(R) Management Engine Components\IPT;C:\Program Files (x86)\Intel\Intel(R) Management Engine Components\DAL;C:\Program Files (x86)\Intel\Intel(R) Management Engine Components\IPT;C:\Program Files\doxygen\bin;C:\Program Files (x86)\Skype\Phone\;C:\Program Files (x86)\nodejs\;C:\Program Files\Microsoft SQL Server\Client SDK\ODBC\110\Tools\Binn\;C:\Program Files (x86)\Microsoft SQL Server\120\Tools\Binn\;C:\Program Files\Microsoft SQL Server\120\Tools\Binn\;C:\Program Files\Microsoft SQL Server\120\DTS\Binn\;C:\Program Files\Microsoft SQL Server\110\Tools\Binn\;C:\Users\carot\.dnx\bin;C:\Program Files\Microsoft DNX\Dnvm\
USERNAME=carot
OS=Windows_NT
PROCESSOR_IDENTIFIER=Intel64 Family 6 Model 60 Stepping 3, GenuineIntel



---------------  S Y S T E M  ---------------

OS: Windows 8.1 , 64 bit Build 9600 

CPU:total 8 (4 cores per cpu, 2 threads per core) family 6 model 60 stepping 3, cmov, cx8, fxsr, mmx, sse, sse2, sse3, ssse3, sse4.1, sse4.2, popcnt, avx, avx2, aes, erms, ht, tsc, tscinvbit

Memory: 4k page, physical 8292700k(1836440k free), swap 12487004k(6028k free)

vm_info: Java HotSpot(TM) 64-Bit Server VM (24.79-b02) for windows-amd64 JRE (1.7.0_79-b15), built on Apr 10 2015 12:36:16 by "java_re" with unknown MS VC++:1600

time: Mon Mar 21 11:12:06 2016
elapsed time: 0 seconds

