#
# There is insufficient memory for the Java Runtime Environment to continue.
# Native memory allocation (malloc) failed to allocate 1048576 bytes for AllocateHeap
# Possible reasons:
#   The system is out of physical RAM or swap space
#   In 32 bit mode, the process size limit was hit
# Possible solutions:
#   Reduce memory load on the system
#   Increase physical memory or swap space
#   Check if swap backing store is full
#   Use 64 bit Java on a 64 bit OS
#   Decrease Java heap size (-Xmx/-Xms)
#   Decrease number of Java threads
#   Decrease Java thread stack sizes (-Xss)
#   Set larger code cache with -XX:ReservedCodeCacheSize=
# This output file may be truncated or incomplete.
#
#  Out of Memory Error (memory/allocation.inline.hpp:61), pid=12172, tid=30636
#
# JRE version:  (8.0_73-b02) (build )
# Java VM: Java HotSpot(TM) 64-Bit Server VM (25.73-b02 mixed mode windows-amd64 compressed oops)
# Failed to write core dump. Minidumps are not enabled by default on client versions of Windows
#

---------------  T H R E A D  ---------------

Current thread (0x00000000029bd800):  JavaThread "Unknown thread" [_thread_in_vm, id=30636, stack(0x00000000027d0000,0x00000000028d0000)]

Stack: [0x00000000027d0000,0x00000000028d0000]
[error occurred during error reporting (printing stack bounds), id 0xc0000005]

Native frames: (J=compiled Java code, j=interpreted, Vv=VM code, C=native code)


---------------  P R O C E S S  ---------------

Java Threads: ( => current thread )

Other Threads:

=>0x00000000029bd800 (exited) JavaThread "Unknown thread" [_thread_in_vm, id=30636, stack(0x00000000027d0000,0x00000000028d0000)]

VM state:not at safepoint (normal execution)

VM Mutex/Monitor currently owned by a thread: None

Heap:
 PSYoungGen      total 38400K, used 665K [0x00000000eab00000, 0x00000000ed580000, 0x0000000100000000)
  eden space 33280K, 2% used [0x00000000eab00000,0x00000000eaba6670,0x00000000ecb80000)
  from space 5120K, 0% used [0x00000000ed080000,0x00000000ed080000,0x00000000ed580000)
  to   space 5120K, 0% used [0x00000000ecb80000,0x00000000ecb80000,0x00000000ed080000)
 ParOldGen       total 87552K, used 0K [0x00000000c0000000, 0x00000000c5580000, 0x00000000eab00000)
  object space 87552K, 0% used [0x00000000c0000000,0x00000000c0000000,0x00000000c5580000)
 Metaspace       used 769K, capacity 4480K, committed 4480K, reserved 1056768K
  class space    used 75K, capacity 384K, committed 384K, reserved 1048576K

Card table byte_map: [0x0000000011e80000,0x0000000012090000] byte_map_base: 0x0000000011880000

Marking Bits: (ParMarkBitMap*) 0x0000000069df0600
 Begin Bits: [0x00000000129f0000, 0x00000000139f0000)
 End Bits:   [0x00000000139f0000, 0x00000000149f0000)

Polling page: 0x0000000000f00000

CodeCache: size=245760Kb used=328Kb max_used=328Kb free=245431Kb
 bounds [0x0000000002ac0000, 0x0000000002d30000, 0x0000000011ac0000]
 total_blobs=57 nmethods=0 adapters=37
 compilation: enabled

Compilation events (0 events):
No events

GC Heap History (0 events):
No events

Deoptimization events (0 events):
No events

Internal exceptions (0 events):
No events

Events (10 events):
Event: 0.033 loading class java/lang/Short
Event: 0.034 loading class java/lang/Short done
Event: 0.034 loading class java/lang/Integer
Event: 0.034 loading class java/lang/Integer done
Event: 0.034 loading class java/lang/Long
Event: 0.034 loading class java/lang/Long done
Event: 0.035 loading class java/lang/NullPointerException
Event: 0.035 loading class java/lang/NullPointerException done
Event: 0.035 loading class java/lang/ArithmeticException
Event: 0.035 loading class java/lang/ArithmeticException done


Dynamic libraries:
0x00007ff7525a0000 - 0x00007ff7525d7000 	C:\Program Files\Java\jdk1.8.0_73\bin\java.exe
0x00007ff89bd70000 - 0x00007ff89bf1c000 	C:\windows\SYSTEM32\ntdll.dll
0x00007ff8993f0000 - 0x00007ff89952e000 	C:\windows\system32\KERNEL32.DLL
0x00007ff8992d0000 - 0x00007ff8993e5000 	C:\windows\system32\KERNELBASE.dll
0x00007ff8978f0000 - 0x00007ff89797e000 	C:\windows\system32\apphelp.dll
0x00007ff880fd0000 - 0x00007ff881023000 	C:\windows\AppPatch\AppPatch64\AcGenral.DLL
0x00007ff89b5d0000 - 0x00007ff89b67a000 	C:\windows\system32\msvcrt.dll
0x00007ff898c90000 - 0x00007ff898cbe000 	C:\windows\SYSTEM32\SspiCli.dll
0x00007ff89b900000 - 0x00007ff89b954000 	C:\windows\system32\SHLWAPI.dll
0x00007ff89b960000 - 0x00007ff89bad7000 	C:\windows\system32\USER32.dll
0x00007ff89b140000 - 0x00007ff89b2d4000 	C:\windows\system32\ole32.dll
0x00007ff899970000 - 0x00007ff89ae9b000 	C:\windows\system32\SHELL32.dll
0x00007ff898460000 - 0x00007ff898481000 	C:\windows\SYSTEM32\USERENV.dll
0x00007ff89b4c0000 - 0x00007ff89b56a000 	C:\windows\system32\ADVAPI32.dll
0x00007ff88deb0000 - 0x00007ff88dece000 	C:\windows\SYSTEM32\MPR.dll
0x00007ff899820000 - 0x00007ff899961000 	C:\windows\system32\RPCRT4.dll
0x00007ff89bd10000 - 0x00007ff89bd69000 	C:\windows\SYSTEM32\sechost.dll
0x00007ff899530000 - 0x00007ff899741000 	C:\windows\SYSTEM32\combase.dll
0x00007ff89bae0000 - 0x00007ff89bc2f000 	C:\windows\system32\GDI32.dll
0x00007ff898ec0000 - 0x00007ff898ed5000 	C:\windows\SYSTEM32\profapi.dll
0x00007ff8972c0000 - 0x00007ff897372000 	C:\windows\SYSTEM32\SHCORE.dll
0x00007ff89af80000 - 0x00007ff89afb6000 	C:\windows\system32\IMM32.DLL
0x00007ff89afd0000 - 0x00007ff89b122000 	C:\windows\system32\MSCTF.dll
0x00007ff896730000 - 0x00007ff8969ab000 	C:\windows\WinSxS\amd64_microsoft.windows.common-controls_6595b64144ccf1df_6.0.9600.18006_none_623f33d3ecbe86e8\COMCTL32.dll
0x0000000069140000 - 0x0000000069212000 	C:\Program Files\Java\jdk1.8.0_73\jre\bin\msvcr100.dll
0x00000000695e0000 - 0x0000000069e70000 	C:\Program Files\Java\jdk1.8.0_73\jre\bin\server\jvm.dll
0x00007ff893b10000 - 0x00007ff893b19000 	C:\windows\SYSTEM32\WSOCK32.dll
0x00007ff896c20000 - 0x00007ff896c42000 	C:\windows\SYSTEM32\WINMM.dll
0x00007ff8982c0000 - 0x00007ff8982ca000 	C:\windows\SYSTEM32\VERSION.dll
0x00007ff89b130000 - 0x00007ff89b137000 	C:\windows\system32\PSAPI.DLL
0x00007ff89b570000 - 0x00007ff89b5ca000 	C:\windows\system32\WS2_32.dll
0x00007ff8969b0000 - 0x00007ff8969da000 	C:\windows\SYSTEM32\WINMMBASE.dll
0x00007ff899810000 - 0x00007ff899819000 	C:\windows\system32\NSI.dll
0x00007ff898f90000 - 0x00007ff898fdf000 	C:\windows\SYSTEM32\cfgmgr32.dll
0x00007ff897ba0000 - 0x00007ff897bc8000 	C:\windows\SYSTEM32\DEVOBJ.dll
0x0000000069f70000 - 0x0000000069f7f000 	C:\Program Files\Java\jdk1.8.0_73\jre\bin\verify.dll
0x0000000069f40000 - 0x0000000069f69000 	C:\Program Files\Java\jdk1.8.0_73\jre\bin\java.dll
0x0000000069f20000 - 0x0000000069f36000 	C:\Program Files\Java\jdk1.8.0_73\jre\bin\zip.dll

VM Arguments:
jvm_args: -Djava.awt.headless=true -Xmx1024M -Dfile.encoding=windows-1258 -Duser.country=US -Duser.language=en -Duser.variant 
java_command: com.android.dx.command.Main --dex --num-threads=4 --output E:\Working\Android Projects\Week2\NYTArticleSearch\app\build\intermediates\pre-dexed\debug\com.android.support-percent-23.0.0_9631d2d69b71012e7771e16a7021a4e7a9c6c1a0.jar E:\Working\Android Projects\Week2\NYTArticleSearch\app\build\intermediates\exploded-aar\com.android.support\percent\23.0.0\jars\classes.jar
java_class_path (initial): E:\ProgramDataAndroid\sdk\build-tools\23.0.0\lib\dx.jar
Launcher Type: SUN_STANDARD

Environment Variables:
JAVA_HOME=C:\Program Files\Java\jdk1.8.0_73
PATH=C:\ProgramData\Oracle\Java\javapath;c:\Program Files (x86)\Intel\iCLS Client\;c:\Program Files\Intel\iCLS Client\;C:\windows\system32;C:\windows;C:\windows\System32\Wbem;C:\windows\System32\WindowsPowerShell\v1.0\;C:\Program Files\Intel\Intel(R) Management Engine Components\DAL;C:\Program Files\Intel\Intel(R) Management Engine Components\IPT;C:\Program Files (x86)\Intel\Intel(R) Management Engine Components\DAL;C:\Program Files (x86)\Intel\Intel(R) Management Engine Components\IPT;C:\Program Files\doxygen\bin;C:\Program Files (x86)\Skype\Phone\;C:\Program Files (x86)\nodejs\;C:\Program Files\Microsoft SQL Server\Client SDK\ODBC\110\Tools\Binn\;C:\Program Files (x86)\Microsoft SQL Server\120\Tools\Binn\;C:\Program Files\Microsoft SQL Server\120\Tools\Binn\;C:\Program Files\Microsoft SQL Server\120\DTS\Binn\;C:\Program Files\Microsoft SQL Server\110\Tools\Binn\;C:\windows\system32\config\systemprofile\.dnx\bin;C:\Program Files\Microsoft DNX\Dnvm\
USERNAME=carot
OS=Windows_NT
PROCESSOR_IDENTIFIER=Intel64 Family 6 Model 60 Stepping 3, GenuineIntel



---------------  S Y S T E M  ---------------

OS: Windows 8.1 , 64 bit Build 9600 (6.3.9600.17415)

CPU:total 8 (4 cores per cpu, 2 threads per core) family 6 model 60 stepping 3, cmov, cx8, fxsr, mmx, sse, sse2, sse3, ssse3, sse4.1, sse4.2, popcnt, avx, avx2, aes, clmul, erms, rtm, lzcnt, ht, tsc, tscinvbit, bmi1, bmi2

Memory: 4k page, physical 8292700k(1753672k free), swap 12487004k(183892k free)

vm_info: Java HotSpot(TM) 64-Bit Server VM (25.73-b02) for windows-amd64 JRE (1.8.0_73-b02), built on Jan 29 2016 17:38:49 by "java_re" with MS VC++ 10.0 (VS2010)

time: Mon Mar 21 10:56:28 2016
elapsed time: 0 seconds (0d 0h 0m 0s)

