#
# There is insufficient memory for the Java Runtime Environment to continue.
# Native memory allocation (malloc) failed to allocate 65552 bytes for Chunk::new
# Possible reasons:
#   The system is out of physical RAM or swap space
#   In 32 bit mode, the process size limit was hit
# Possible solutions:
#   Reduce memory load on the system
#   Increase physical memory or swap space
#   Check if swap backing store is full
#   Use 64 bit Java on a 64 bit OS
#   Decrease Java heap size (-Xmx/-Xms)
#   Decrease number of Java threads
#   Decrease Java thread stack sizes (-Xss)
#   Set larger code cache with -XX:ReservedCodeCacheSize=
# This output file may be truncated or incomplete.
#
#  Out of Memory Error (allocation.cpp:323), pid=16700, tid=6324
#
# JRE version: Java(TM) SE Runtime Environment (7.0_79-b15) (build 1.7.0_79-b15)
# Java VM: Java HotSpot(TM) 64-Bit Server VM (24.79-b02 mixed mode windows-amd64 compressed oops)
# Failed to write core dump. Minidumps are not enabled by default on client versions of Windows
#

---------------  T H R E A D  ---------------

Current thread (0x0000000002238800):  JavaThread "C2 CompilerThread0" daemon [_thread_in_native, id=6324, stack(0x000000000ab20000,0x000000000ac20000)]

Stack: [0x000000000ab20000,0x000000000ac20000]

Current CompileTask:
C2:   1643  169             com.android.dx.ssa.SsaConverter::placePhiFunctions (394 bytes)


---------------  P R O C E S S  ---------------

Java Threads: ( => current thread )
  0x000000000a65f000 JavaThread "pool-1-thread-4" [_thread_in_Java, id=35284, stack(0x000000000b320000,0x000000000b420000)]
  0x000000000a65c800 JavaThread "pool-1-thread-3" [_thread_in_Java, id=17984, stack(0x000000000b220000,0x000000000b320000)]
  0x000000000a65b800 JavaThread "pool-1-thread-2" [_thread_in_Java, id=11160, stack(0x000000000b120000,0x000000000b220000)]
  0x000000000a747000 JavaThread "pool-2-thread-1" [_thread_blocked, id=25416, stack(0x000000000b020000,0x000000000b120000)]
  0x000000000a746000 JavaThread "pool-1-thread-1" [_thread_in_vm, id=14180, stack(0x000000000af20000,0x000000000b020000)]
  0x000000000223d000 JavaThread "Service Thread" daemon [_thread_blocked, id=23716, stack(0x000000000ad20000,0x000000000ae20000)]
  0x000000000223a000 JavaThread "C2 CompilerThread1" daemon [_thread_in_native, id=23748, stack(0x000000000ac20000,0x000000000ad20000)]
=>0x0000000002238800 JavaThread "C2 CompilerThread0" daemon [_thread_in_native, id=6324, stack(0x000000000ab20000,0x000000000ac20000)]
  0x0000000002238000 JavaThread "Attach Listener" daemon [_thread_blocked, id=7040, stack(0x000000000aa20000,0x000000000ab20000)]
  0x0000000002233000 JavaThread "Signal Dispatcher" daemon [_thread_blocked, id=5756, stack(0x000000000a920000,0x000000000aa20000)]
  0x0000000008559800 JavaThread "Finalizer" daemon [_thread_blocked, id=12792, stack(0x000000000a420000,0x000000000a520000)]
  0x0000000008558800 JavaThread "Reference Handler" daemon [_thread_blocked, id=4492, stack(0x000000000a320000,0x000000000a420000)]
  0x000000000231d800 JavaThread "main" [_thread_in_Java, id=25000, stack(0x0000000001fc0000,0x00000000020c0000)]

Other Threads:
  0x0000000008554000 VMThread [stack: 0x000000000a220000,0x000000000a320000] [id=30968]
  0x000000000223e000 WatcherThread [stack: 0x000000000ae20000,0x000000000af20000] [id=31784]

VM state:not at safepoint (normal execution)

VM Mutex/Monitor currently owned by a thread: None

Heap
 PSYoungGen      total 38400K, used 28313K [0x00000000eaa80000, 0x00000000ed500000, 0x0000000100000000)
  eden space 33280K, 85% used [0x00000000eaa80000,0x00000000ec626608,0x00000000ecb00000)
  from space 5120K, 0% used [0x00000000ed000000,0x00000000ed000000,0x00000000ed500000)
  to   space 5120K, 0% used [0x00000000ecb00000,0x00000000ecb00000,0x00000000ed000000)
 ParOldGen       total 86016K, used 0K [0x00000000c0000000, 0x00000000c5400000, 0x00000000eaa80000)
  object space 86016K, 0% used [0x00000000c0000000,0x00000000c0000000,0x00000000c5400000)
 PSPermGen       total 21504K, used 5812K [0x00000000bae00000, 0x00000000bc300000, 0x00000000c0000000)
  object space 21504K, 27% used [0x00000000bae00000,0x00000000bb3ad100,0x00000000bc300000)

Card table byte_map: [0x0000000005320000,0x0000000005550000] byte_map_base: 0x0000000004d49000

Polling page: 0x0000000000850000

Code Cache  [0x0000000002320000, 0x0000000002590000, 0x0000000005320000)
 total_blobs=404 nmethods=167 adapters=189 free_code_cache=48487Kb largest_free_block=49624960

Compilation events (10 events):
Event: 1.625 Thread 0x0000000002238800 nmethod 163 0x00000000023c7f10 code [0x00000000023c8060, 0x00000000023c8358]
Event: 1.625 Thread 0x0000000002238800  165             com.android.dx.ssa.NormalSsaInsn::hasSideEffect (76 bytes)
Event: 1.626 Thread 0x000000000223a000 nmethod 164 0x00000000023c5350 code [0x00000000023c54a0, 0x00000000023c58b8]
Event: 1.626 Thread 0x000000000223a000  166             com.android.dx.ssa.SsaMethod::mapRegisters (87 bytes)
Event: 1.627 Thread 0x0000000002238800 nmethod 165 0x00000000023c6610 code [0x00000000023c6760, 0x00000000023c68b8]
Event: 1.627 Thread 0x0000000002238800  167             com.android.dx.util.Bits::set (19 bytes)
Event: 1.627 Thread 0x0000000002238800 nmethod 167 0x00000000023c50d0 code [0x00000000023c5200, 0x00000000023c5298]
Event: 1.627 Thread 0x0000000002238800  168             com.android.dx.ssa.SsaInsn::getBlock (5 bytes)
Event: 1.628 Thread 0x0000000002238800 nmethod 168 0x00000000023c7d10 code [0x00000000023c7e40, 0x00000000023c7e98]
Event: 1.628 Thread 0x0000000002238800  169             com.android.dx.ssa.SsaConverter::placePhiFunctions (394 bytes)

GC Heap History (0 events):
No events

Deoptimization events (1 events):
Event: 1.528 Thread 0x000000000a65f000 Uncommon trap: reason=null_check action=make_not_entrant pc=0x00000000023a8d9c method=com.android.dx.rop.code.LocalItem.equals(Ljava/lang/Object;)Z @ 1

Internal exceptions (10 events):
Event: 0.977 Thread 0x000000000a65c800 Threw 0x00000000eb5c1d30 at C:\re\jdk7u79\2331\hotspot\src\share\vm\prims\jvm.cpp:1304
Event: 0.978 Thread 0x000000000a65c800 Threw 0x00000000eb5c7438 at C:\re\jdk7u79\2331\hotspot\src\share\vm\prims\jvm.cpp:1304
Event: 0.978 Thread 0x000000000a65c800 Threw 0x00000000eb5cc8b8 at C:\re\jdk7u79\2331\hotspot\src\share\vm\prims\jvm.cpp:1304
Event: 0.979 Thread 0x000000000231d800 Threw 0x00000000eb92bf00 at C:\re\jdk7u79\2331\hotspot\src\share\vm\prims\jvm.cpp:1304
Event: 0.999 Thread 0x000000000a65b800 Threw 0x00000000eba12208 at C:\re\jdk7u79\2331\hotspot\src\share\vm\prims\jvm.cpp:1304
Event: 1.001 Thread 0x000000000a65c800 Threw 0x00000000eb632858 at C:\re\jdk7u79\2331\hotspot\src\share\vm\prims\jvm.cpp:1304
Event: 1.475 Thread 0x000000000a65c800 Threw 0x00000000ebc14fe0 at C:\re\jdk7u79\2331\hotspot\src\share\vm\prims\jvm.cpp:1304
Event: 1.528 Thread 0x000000000a65f000 Implicit null exception at 0x00000000023a89b8 to 0x00000000023a8d89
Event: 1.585 Thread 0x000000000231d800 Threw 0x00000000ebf3d668 at C:\re\jdk7u79\2331\hotspot\src\share\vm\prims\jvm.cpp:1304
Event: 1.587 Thread 0x000000000231d800 Threw 0x00000000ebf52518 at C:\re\jdk7u79\2331\hotspot\src\share\vm\prims\jvm.cpp:1304

Events (10 events):
Event: 1.528 Thread 0x000000000a65f000 Uncommon trap: trap_request=0xfffffff4 fr.pc=0x00000000023a8d9c
Event: 1.528 Thread 0x000000000a65f000 DEOPT PACKING pc=0x00000000023a8d9c sp=0x000000000b41e740
Event: 1.528 Thread 0x000000000a65f000 DEOPT UNPACKING pc=0x00000000023575a4 sp=0x000000000b41e680 mode 2
Event: 1.528 loading class 0x00000000021bec40 done
Event: 1.585 loading class 0x000000000a6617f0
Event: 1.585 loading class 0x000000000a6617f0 done
Event: 1.587 loading class 0x000000000a60f760
Event: 1.587 loading class 0x000000000a60f760 done
Event: 1.608 loading class 0x00000000021c7670
Event: 1.608 loading class 0x00000000021c7670 done


Dynamic libraries:
0x00007ff78a9e0000 - 0x00007ff78aa13000 	C:\Program Files\Java\jdk1.7.0_79\bin\java.exe
0x00007ff89bd70000 - 0x00007ff89bf1c000 	C:\windows\SYSTEM32\ntdll.dll
0x00007ff8993f0000 - 0x00007ff89952e000 	C:\windows\system32\KERNEL32.DLL
0x00007ff8992d0000 - 0x00007ff8993e5000 	C:\windows\system32\KERNELBASE.dll
0x00007ff8978f0000 - 0x00007ff89797e000 	C:\windows\system32\apphelp.dll
0x00007ff872e00000 - 0x00007ff872e53000 	C:\windows\AppPatch\AppPatch64\AcGenral.DLL
0x00007ff89b5d0000 - 0x00007ff89b67a000 	C:\windows\system32\msvcrt.dll
0x00007ff898c90000 - 0x00007ff898cbe000 	C:\windows\SYSTEM32\SspiCli.dll
0x00007ff89b900000 - 0x00007ff89b954000 	C:\windows\system32\SHLWAPI.dll
0x00007ff89b960000 - 0x00007ff89bad7000 	C:\windows\system32\USER32.dll
0x00007ff89b140000 - 0x00007ff89b2d4000 	C:\windows\system32\ole32.dll
0x00007ff899970000 - 0x00007ff89ae9b000 	C:\windows\system32\SHELL32.dll
0x00007ff898460000 - 0x00007ff898481000 	C:\windows\SYSTEM32\USERENV.dll
0x00007ff89b4c0000 - 0x00007ff89b56a000 	C:\windows\system32\ADVAPI32.dll
0x00007ff88deb0000 - 0x00007ff88dece000 	C:\windows\SYSTEM32\MPR.dll
0x00007ff899820000 - 0x00007ff899961000 	C:\windows\system32\RPCRT4.dll
0x00007ff89bd10000 - 0x00007ff89bd69000 	C:\windows\SYSTEM32\sechost.dll
0x00007ff899530000 - 0x00007ff899741000 	C:\windows\SYSTEM32\combase.dll
0x00007ff89bae0000 - 0x00007ff89bc2f000 	C:\windows\system32\GDI32.dll
0x00007ff898ec0000 - 0x00007ff898ed5000 	C:\windows\SYSTEM32\profapi.dll
0x00007ff8972c0000 - 0x00007ff897372000 	C:\windows\SYSTEM32\SHCORE.dll
0x00007ff89af80000 - 0x00007ff89afb6000 	C:\windows\system32\IMM32.DLL
0x00007ff89afd0000 - 0x00007ff89b122000 	C:\windows\system32\MSCTF.dll
0x00007ff896730000 - 0x00007ff8969ab000 	C:\windows\WinSxS\amd64_microsoft.windows.common-controls_6595b64144ccf1df_6.0.9600.18006_none_623f33d3ecbe86e8\COMCTL32.dll
0x0000000069170000 - 0x0000000069242000 	C:\Program Files\Java\jdk1.7.0_79\jre\bin\msvcr100.dll
0x0000000069690000 - 0x0000000069e65000 	C:\Program Files\Java\jdk1.7.0_79\jre\bin\server\jvm.dll
0x00007ff893b10000 - 0x00007ff893b19000 	C:\windows\SYSTEM32\WSOCK32.dll
0x00007ff896c20000 - 0x00007ff896c42000 	C:\windows\SYSTEM32\WINMM.dll
0x00007ff89b130000 - 0x00007ff89b137000 	C:\windows\system32\PSAPI.DLL
0x00007ff89b570000 - 0x00007ff89b5ca000 	C:\windows\system32\WS2_32.dll
0x00007ff8969b0000 - 0x00007ff8969da000 	C:\windows\SYSTEM32\WINMMBASE.dll
0x00007ff899810000 - 0x00007ff899819000 	C:\windows\system32\NSI.dll
0x00007ff898f90000 - 0x00007ff898fdf000 	C:\windows\SYSTEM32\cfgmgr32.dll
0x00007ff897ba0000 - 0x00007ff897bc8000 	C:\windows\SYSTEM32\DEVOBJ.dll
0x0000000069f70000 - 0x0000000069f7f000 	C:\Program Files\Java\jdk1.7.0_79\jre\bin\verify.dll
0x0000000069f40000 - 0x0000000069f68000 	C:\Program Files\Java\jdk1.7.0_79\jre\bin\java.dll
0x0000000069f20000 - 0x0000000069f35000 	C:\Program Files\Java\jdk1.7.0_79\jre\bin\zip.dll
0x0000000069f00000 - 0x0000000069f1a000 	C:\Program Files\Java\jdk1.7.0_79\jre\bin\net.dll
0x00007ff898760000 - 0x00007ff8987b9000 	C:\windows\system32\mswsock.dll
0x0000000069ee0000 - 0x0000000069ef1000 	C:\Program Files\Java\jdk1.7.0_79\jre\bin\nio.dll

VM Arguments:
jvm_args: -Djava.awt.headless=true -Xmx1024M -Dfile.encoding=windows-1258 -Duser.country=US -Duser.language=en -Duser.variant 
java_command: com.android.dx.command.Main --dex --num-threads=4 --output E:\Working\Android Projects\Week2\NYTArticleSearch\app\build\intermediates\pre-dexed\debug\com.android.support-appcompat-v7-23.2.1_1fab6d0d7fd328f72be397c6e155f2e83b8d6272.jar E:\Working\Android Projects\Week2\NYTArticleSearch\app\build\intermediates\exploded-aar\com.android.support\appcompat-v7\23.2.1\jars\classes.jar
Launcher Type: SUN_STANDARD

Environment Variables:
JAVA_HOME=C:\Program Files\Java\jdk1.7.0_79
PATH=c:\Program Files (x86)\Intel\iCLS Client\;c:\Program Files\Intel\iCLS Client\;C:\windows\system32;C:\windows;C:\windows\System32\Wbem;C:\windows\System32\WindowsPowerShell\v1.0\;C:\Program Files\Intel\Intel(R) Management Engine Components\DAL;C:\Program Files\Intel\Intel(R) Management Engine Components\IPT;C:\Program Files (x86)\Intel\Intel(R) Management Engine Components\DAL;C:\Program Files (x86)\Intel\Intel(R) Management Engine Components\IPT;C:\Program Files\doxygen\bin;C:\Program Files (x86)\Skype\Phone\;C:\Program Files (x86)\nodejs\;C:\Program Files\Microsoft SQL Server\Client SDK\ODBC\110\Tools\Binn\;C:\Program Files (x86)\Microsoft SQL Server\120\Tools\Binn\;C:\Program Files\Microsoft SQL Server\120\Tools\Binn\;C:\Program Files\Microsoft SQL Server\120\DTS\Binn\;C:\Program Files\Microsoft SQL Server\110\Tools\Binn\;C:\Users\carot\.dnx\bin;C:\Program Files\Microsoft DNX\Dnvm\
USERNAME=carot
OS=Windows_NT
PROCESSOR_IDENTIFIER=Intel64 Family 6 Model 60 Stepping 3, GenuineIntel



---------------  S Y S T E M  ---------------

OS: Windows 8.1 , 64 bit Build 9600 

CPU:total 8 (4 cores per cpu, 2 threads per core) family 6 model 60 stepping 3, cmov, cx8, fxsr, mmx, sse, sse2, sse3, ssse3, sse4.1, sse4.2, popcnt, avx, avx2, aes, erms, ht, tsc, tscinvbit

Memory: 4k page, physical 8292700k(1818000k free), swap 12487004k(5084k free)

vm_info: Java HotSpot(TM) 64-Bit Server VM (24.79-b02) for windows-amd64 JRE (1.7.0_79-b15), built on Apr 10 2015 12:36:16 by "java_re" with unknown MS VC++:1600

time: Mon Mar 21 11:39:34 2016
elapsed time: 1 seconds

