#
# There is insufficient memory for the Java Runtime Environment to continue.
# Native memory allocation (malloc) failed to allocate 462976 bytes for Chunk::new
# Possible reasons:
#   The system is out of physical RAM or swap space
#   In 32 bit mode, the process size limit was hit
# Possible solutions:
#   Reduce memory load on the system
#   Increase physical memory or swap space
#   Check if swap backing store is full
#   Use 64 bit Java on a 64 bit OS
#   Decrease Java heap size (-Xmx/-Xms)
#   Decrease number of Java threads
#   Decrease Java thread stack sizes (-Xss)
#   Set larger code cache with -XX:ReservedCodeCacheSize=
# This output file may be truncated or incomplete.
#
#  Out of Memory Error (allocation.cpp:323), pid=22020, tid=34068
#
# JRE version: Java(TM) SE Runtime Environment (7.0_79-b15) (build 1.7.0_79-b15)
# Java VM: Java HotSpot(TM) 64-Bit Server VM (24.79-b02 mixed mode windows-amd64 compressed oops)
# Failed to write core dump. Minidumps are not enabled by default on client versions of Windows
#

---------------  T H R E A D  ---------------

Current thread (0x000000000236c000):  JavaThread "C2 CompilerThread1" daemon [_thread_in_native, id=34068, stack(0x000000000ad60000,0x000000000ae60000)]

Stack: [0x000000000ad60000,0x000000000ae60000]

Current CompileTask:
C2:    786  152             com.android.dx.ssa.SsaConverter::placePhiFunctions (394 bytes)


---------------  P R O C E S S  ---------------

Java Threads: ( => current thread )
  0x000000000a7aa000 JavaThread "pool-1-thread-4" [_thread_in_Java, id=11568, stack(0x000000000b460000,0x000000000b560000)]
  0x000000000a7a9800 JavaThread "pool-1-thread-3" [_thread_in_vm, id=6880, stack(0x000000000b360000,0x000000000b460000)]
  0x000000000a7a6800 JavaThread "pool-1-thread-2" [_thread_in_Java, id=25408, stack(0x000000000b260000,0x000000000b360000)]
  0x000000000a75e000 JavaThread "pool-2-thread-1" [_thread_blocked, id=29532, stack(0x000000000b160000,0x000000000b260000)]
  0x000000000a80a800 JavaThread "pool-1-thread-1" [_thread_blocked, id=9736, stack(0x000000000b060000,0x000000000b160000)]
  0x000000000a683000 JavaThread "Service Thread" daemon [_thread_blocked, id=16784, stack(0x000000000ae60000,0x000000000af60000)]
=>0x000000000236c000 JavaThread "C2 CompilerThread1" daemon [_thread_in_native, id=34068, stack(0x000000000ad60000,0x000000000ae60000)]
  0x000000000a680800 JavaThread "C2 CompilerThread0" daemon [_thread_in_native, id=8736, stack(0x000000000ac60000,0x000000000ad60000)]
  0x0000000002361800 JavaThread "Attach Listener" daemon [_thread_blocked, id=15872, stack(0x000000000ab60000,0x000000000ac60000)]
  0x0000000002365000 JavaThread "Signal Dispatcher" daemon [_thread_blocked, id=21620, stack(0x000000000aa60000,0x000000000ab60000)]
  0x000000000866f800 JavaThread "Finalizer" daemon [_thread_blocked, id=27296, stack(0x000000000a560000,0x000000000a660000)]
  0x0000000008669000 JavaThread "Reference Handler" daemon [_thread_blocked, id=6692, stack(0x000000000a460000,0x000000000a560000)]
  0x000000000226d800 JavaThread "main" [_thread_blocked, id=16716, stack(0x00000000020f0000,0x00000000021f0000)]

Other Threads:
  0x0000000008664000 VMThread [stack: 0x000000000a360000,0x000000000a460000] [id=19436]
  0x000000000a69f000 WatcherThread [stack: 0x000000000af60000,0x000000000b060000] [id=8212]

VM state:not at safepoint (normal execution)

VM Mutex/Monitor currently owned by a thread: None

Heap
 PSYoungGen      total 38400K, used 22046K [0x00000000eaa80000, 0x00000000ed500000, 0x0000000100000000)
  eden space 33280K, 66% used [0x00000000eaa80000,0x00000000ec007b88,0x00000000ecb00000)
  from space 5120K, 0% used [0x00000000ed000000,0x00000000ed000000,0x00000000ed500000)
  to   space 5120K, 0% used [0x00000000ecb00000,0x00000000ecb00000,0x00000000ed000000)
 ParOldGen       total 86016K, used 0K [0x00000000c0000000, 0x00000000c5400000, 0x00000000eaa80000)
  object space 86016K, 0% used [0x00000000c0000000,0x00000000c0000000,0x00000000c5400000)
 PSPermGen       total 21504K, used 5656K [0x00000000bae00000, 0x00000000bc300000, 0x00000000c0000000)
  object space 21504K, 26% used [0x00000000bae00000,0x00000000bb3862c0,0x00000000bc300000)

Card table byte_map: [0x0000000005430000,0x0000000005660000] byte_map_base: 0x0000000004e59000

Polling page: 0x00000000008a0000

Code Cache  [0x0000000002370000, 0x00000000025e0000, 0x0000000005370000)
 total_blobs=394 nmethods=157 adapters=189 free_code_cache=48473Kb largest_free_block=49609152

Compilation events (10 events):
Event: 0.780 Thread 0x000000000a680800 nmethod 153 0x0000000002412010 code [0x0000000002412180, 0x0000000002412418]
Event: 0.780 Thread 0x000000000a680800  154             java.util.Collections$UnmodifiableCollection$1::hasNext (10 bytes)
Event: 0.781 Thread 0x000000000a680800 nmethod 154 0x0000000002414c10 code [0x0000000002414d60, 0x0000000002414e18]
Event: 0.781 Thread 0x000000000a680800  155             com.android.dx.rop.code.RegisterSpec::makeLocalOptional (7 bytes)
Event: 0.781 Thread 0x000000000a680800 nmethod 155 0x00000000024149d0 code [0x0000000002414b20, 0x0000000002414b88]
Event: 0.781 Thread 0x000000000a680800  156             com.android.dx.ssa.NormalSsaInsn::mapSourceRegisters (48 bytes)
Event: 0.785 Thread 0x000000000a680800 nmethod 156 0x000000000241c890 code [0x000000000241ca20, 0x000000000241cda8]
Event: 0.785 Thread 0x000000000a680800  157             java.lang.Object::equals (11 bytes)
Event: 0.785 Thread 0x000000000a680800 nmethod 157 0x000000000241d490 code [0x000000000241d5c0, 0x000000000241d618]
Event: 0.785 Thread 0x000000000a680800  158             java.util.Arrays::copyOf (47 bytes)

GC Heap History (0 events):
No events

Deoptimization events (6 events):
Event: 0.546 Thread 0x000000000226d800 Uncommon trap: reason=null_check action=make_not_entrant pc=0x00000000023ea698 method=com.android.dx.rop.code.LocalItem.equals(Ljava/lang/Object;)Z @ 1
Event: 0.569 Thread 0x000000000a7a9800 Uncommon trap: reason=class_check action=maybe_recompile pc=0x00000000023e5740 method=com.android.dx.ssa.NormalSsaInsn.accept(Lcom/android/dx/ssa/SsaInsn$Visitor;)V @ 9
Event: 0.569 Thread 0x000000000a7a9800 Uncommon trap: reason=class_check action=maybe_recompile pc=0x00000000023e5740 method=com.android.dx.ssa.NormalSsaInsn.accept(Lcom/android/dx/ssa/SsaInsn$Visitor;)V @ 9
Event: 0.571 Thread 0x000000000a7a9800 Uncommon trap: reason=class_check action=maybe_recompile pc=0x00000000023e5740 method=com.android.dx.ssa.NormalSsaInsn.accept(Lcom/android/dx/ssa/SsaInsn$Visitor;)V @ 9
Event: 0.617 Thread 0x000000000a7a9800 Uncommon trap: reason=class_check action=maybe_recompile pc=0x00000000023e5740 method=com.android.dx.ssa.NormalSsaInsn.accept(Lcom/android/dx/ssa/SsaInsn$Visitor;)V @ 9
Event: 0.695 Thread 0x000000000a7a6800 Uncommon trap: reason=null_check action=make_not_entrant pc=0x00000000023ffdec method=com.android.dx.ssa.SsaRenamer.getLocalForNewReg(I)Lcom/android/dx/rop/code/LocalItem; @ 19

Internal exceptions (10 events):
Event: 0.472 Thread 0x000000000a7aa000 Threw 0x00000000eb51a058 at C:\re\jdk7u79\2331\hotspot\src\share\vm\prims\jvm.cpp:1304
Event: 0.477 Thread 0x000000000a7a6800 Threw 0x00000000eb22c048 at C:\re\jdk7u79\2331\hotspot\src\share\vm\prims\jvm.cpp:1304
Event: 0.482 Thread 0x000000000226d800 Threw 0x00000000eb5b4218 at C:\re\jdk7u79\2331\hotspot\src\share\vm\prims\jvm.cpp:1304
Event: 0.483 Thread 0x000000000a7a6800 Threw 0x00000000eb23dc78 at C:\re\jdk7u79\2331\hotspot\src\share\vm\prims\jvm.cpp:1304
Event: 0.485 Thread 0x000000000a7a9800 Threw 0x00000000eb2b93f0 at C:\re\jdk7u79\2331\hotspot\src\share\vm\prims\jvm.cpp:1304
Event: 0.486 Thread 0x000000000a7a6800 Threw 0x00000000eb24be58 at C:\re\jdk7u79\2331\hotspot\src\share\vm\prims\jvm.cpp:1304
Event: 0.505 Thread 0x000000000a7a9800 Threw 0x00000000eb2f61e0 at C:\re\jdk7u79\2331\hotspot\src\share\vm\prims\jvm.cpp:1304
Event: 0.542 Thread 0x000000000226d800 Threw 0x00000000eb622b90 at C:\re\jdk7u79\2331\hotspot\src\share\vm\prims\jvm.cpp:1304
Event: 0.546 Thread 0x000000000226d800 Implicit null exception at 0x00000000023ea299 to 0x00000000023ea685
Event: 0.695 Thread 0x000000000a7a6800 Implicit null exception at 0x00000000023fe683 to 0x00000000023ffdc1

Events (10 events):
Event: 0.605 loading class 0x00000000022fe020
Event: 0.605 loading class 0x00000000022fe020 done
Event: 0.606 loading class 0x00000000022fdff0
Event: 0.606 loading class 0x00000000022fdff0 done
Event: 0.617 Thread 0x000000000a7a9800 Uncommon trap: trap_request=0xffffffde fr.pc=0x00000000023e5740
Event: 0.617 Thread 0x000000000a7a9800 DEOPT PACKING pc=0x00000000023e5740 sp=0x000000000b45ec60
Event: 0.617 Thread 0x000000000a7a9800 DEOPT UNPACKING pc=0x00000000023a75a4 sp=0x000000000b45ebb0 mode 2
Event: 0.695 Thread 0x000000000a7a6800 Uncommon trap: trap_request=0xfffffff4 fr.pc=0x00000000023ffdec
Event: 0.695 Thread 0x000000000a7a6800 DEOPT PACKING pc=0x00000000023ffdec sp=0x000000000b35eb60
Event: 0.695 Thread 0x000000000a7a6800 DEOPT UNPACKING pc=0x00000000023a75a4 sp=0x000000000b35e998 mode 2


Dynamic libraries:
0x00007ff78a9e0000 - 0x00007ff78aa13000 	C:\Program Files\Java\jdk1.7.0_79\bin\java.exe
0x00007ff89bd70000 - 0x00007ff89bf1c000 	C:\windows\SYSTEM32\ntdll.dll
0x00007ff8993f0000 - 0x00007ff89952e000 	C:\windows\system32\KERNEL32.DLL
0x00007ff8992d0000 - 0x00007ff8993e5000 	C:\windows\system32\KERNELBASE.dll
0x00007ff8978f0000 - 0x00007ff89797e000 	C:\windows\system32\apphelp.dll
0x00007ff872e00000 - 0x00007ff872e53000 	C:\windows\AppPatch\AppPatch64\AcGenral.DLL
0x00007ff89b5d0000 - 0x00007ff89b67a000 	C:\windows\system32\msvcrt.dll
0x00007ff898c90000 - 0x00007ff898cbe000 	C:\windows\SYSTEM32\SspiCli.dll
0x00007ff89b900000 - 0x00007ff89b954000 	C:\windows\system32\SHLWAPI.dll
0x00007ff89b960000 - 0x00007ff89bad7000 	C:\windows\system32\USER32.dll
0x00007ff89b140000 - 0x00007ff89b2d4000 	C:\windows\system32\ole32.dll
0x00007ff899970000 - 0x00007ff89ae9b000 	C:\windows\system32\SHELL32.dll
0x00007ff898460000 - 0x00007ff898481000 	C:\windows\SYSTEM32\USERENV.dll
0x00007ff89b4c0000 - 0x00007ff89b56a000 	C:\windows\system32\ADVAPI32.dll
0x00007ff88deb0000 - 0x00007ff88dece000 	C:\windows\SYSTEM32\MPR.dll
0x00007ff899820000 - 0x00007ff899961000 	C:\windows\system32\RPCRT4.dll
0x00007ff89bd10000 - 0x00007ff89bd69000 	C:\windows\SYSTEM32\sechost.dll
0x00007ff899530000 - 0x00007ff899741000 	C:\windows\SYSTEM32\combase.dll
0x00007ff89bae0000 - 0x00007ff89bc2f000 	C:\windows\system32\GDI32.dll
0x00007ff898ec0000 - 0x00007ff898ed5000 	C:\windows\SYSTEM32\profapi.dll
0x00007ff8972c0000 - 0x00007ff897372000 	C:\windows\SYSTEM32\SHCORE.dll
0x00007ff89af80000 - 0x00007ff89afb6000 	C:\windows\system32\IMM32.DLL
0x00007ff89afd0000 - 0x00007ff89b122000 	C:\windows\system32\MSCTF.dll
0x00007ff896730000 - 0x00007ff8969ab000 	C:\windows\WinSxS\amd64_microsoft.windows.common-controls_6595b64144ccf1df_6.0.9600.18006_none_623f33d3ecbe86e8\COMCTL32.dll
0x0000000069170000 - 0x0000000069242000 	C:\Program Files\Java\jdk1.7.0_79\jre\bin\msvcr100.dll
0x0000000069690000 - 0x0000000069e65000 	C:\Program Files\Java\jdk1.7.0_79\jre\bin\server\jvm.dll
0x00007ff893b10000 - 0x00007ff893b19000 	C:\windows\SYSTEM32\WSOCK32.dll
0x00007ff896c20000 - 0x00007ff896c42000 	C:\windows\SYSTEM32\WINMM.dll
0x00007ff89b130000 - 0x00007ff89b137000 	C:\windows\system32\PSAPI.DLL
0x00007ff89b570000 - 0x00007ff89b5ca000 	C:\windows\system32\WS2_32.dll
0x00007ff8969b0000 - 0x00007ff8969da000 	C:\windows\SYSTEM32\WINMMBASE.dll
0x00007ff899810000 - 0x00007ff899819000 	C:\windows\system32\NSI.dll
0x00007ff898f90000 - 0x00007ff898fdf000 	C:\windows\SYSTEM32\cfgmgr32.dll
0x00007ff897ba0000 - 0x00007ff897bc8000 	C:\windows\SYSTEM32\DEVOBJ.dll
0x0000000069f70000 - 0x0000000069f7f000 	C:\Program Files\Java\jdk1.7.0_79\jre\bin\verify.dll
0x0000000069f40000 - 0x0000000069f68000 	C:\Program Files\Java\jdk1.7.0_79\jre\bin\java.dll
0x0000000069f20000 - 0x0000000069f35000 	C:\Program Files\Java\jdk1.7.0_79\jre\bin\zip.dll
0x0000000069f00000 - 0x0000000069f1a000 	C:\Program Files\Java\jdk1.7.0_79\jre\bin\net.dll
0x00007ff898760000 - 0x00007ff8987b9000 	C:\windows\system32\mswsock.dll
0x0000000069ee0000 - 0x0000000069ef1000 	C:\Program Files\Java\jdk1.7.0_79\jre\bin\nio.dll

VM Arguments:
jvm_args: -Djava.awt.headless=true -Xmx1024M -Dfile.encoding=windows-1258 -Duser.country=US -Duser.language=en -Duser.variant 
java_command: com.android.dx.command.Main --dex --num-threads=4 --output E:\Working\Android Projects\Week2\NYTArticleSearch\app\build\intermediates\pre-dexed\debug\android-async-http-1.4.9_87b1216d1f4dfd57297ad102a0224102a914129e.jar C:\Users\carot\.gradle\caches\modules-2\files-2.1\com.loopj.android\android-async-http\1.4.9\386a4339ffe52d5d63e80f9bed8d2b1d1a418249\android-async-http-1.4.9.jar
Launcher Type: SUN_STANDARD

Environment Variables:
JAVA_HOME=C:\Program Files\Java\jdk1.7.0_79
PATH=c:\Program Files (x86)\Intel\iCLS Client\;c:\Program Files\Intel\iCLS Client\;C:\windows\system32;C:\windows;C:\windows\System32\Wbem;C:\windows\System32\WindowsPowerShell\v1.0\;C:\Program Files\Intel\Intel(R) Management Engine Components\DAL;C:\Program Files\Intel\Intel(R) Management Engine Components\IPT;C:\Program Files (x86)\Intel\Intel(R) Management Engine Components\DAL;C:\Program Files (x86)\Intel\Intel(R) Management Engine Components\IPT;C:\Program Files\doxygen\bin;C:\Program Files (x86)\Skype\Phone\;C:\Program Files (x86)\nodejs\;C:\Program Files\Microsoft SQL Server\Client SDK\ODBC\110\Tools\Binn\;C:\Program Files (x86)\Microsoft SQL Server\120\Tools\Binn\;C:\Program Files\Microsoft SQL Server\120\Tools\Binn\;C:\Program Files\Microsoft SQL Server\120\DTS\Binn\;C:\Program Files\Microsoft SQL Server\110\Tools\Binn\;C:\Users\carot\.dnx\bin;C:\Program Files\Microsoft DNX\Dnvm\
USERNAME=carot
OS=Windows_NT
PROCESSOR_IDENTIFIER=Intel64 Family 6 Model 60 Stepping 3, GenuineIntel



---------------  S Y S T E M  ---------------

OS: Windows 8.1 , 64 bit Build 9600 

CPU:total 8 (4 cores per cpu, 2 threads per core) family 6 model 60 stepping 3, cmov, cx8, fxsr, mmx, sse, sse2, sse3, ssse3, sse4.1, sse4.2, popcnt, avx, avx2, aes, erms, ht, tsc, tscinvbit

Memory: 4k page, physical 8292700k(1821852k free), swap 12487004k(5168k free)

vm_info: Java HotSpot(TM) 64-Bit Server VM (24.79-b02) for windows-amd64 JRE (1.7.0_79-b15), built on Apr 10 2015 12:36:16 by "java_re" with unknown MS VC++:1600

time: Mon Mar 21 11:09:44 2016
elapsed time: 0 seconds

